GROUP,PACKAGE,CLASS,INSTRUCTION_MISSED,INSTRUCTION_COVERED,BRANCH_MISSED,BRANCH_COVERED,LINE_MISSED,LINE_COVERED,COMPLEXITY_MISSED,COMPLEXITY_COVERED,METHOD_MISSED,METHOD_COVERED
Pet Clinic Backend,com.petclinic.backend.controller,VisitController,368,0,6,0,108,0,27,0,24,0
Pet Clinic Backend,com.petclinic.backend.controller,OwnerController,155,52,2,2,47,13,8,6,7,5
Pet Clinic Backend,com.petclinic.backend.controller,VeterinarianController,244,0,4,0,71,0,17,0,15,0
Pet Clinic Backend,com.petclinic.backend.controller,PetController,255,0,4,0,73,0,17,0,15,0
Pet Clinic Backend,com.petclinic.backend,PetClinicBackendApplication,5,3,0,0,2,1,1,1,1,1
Pet Clinic Backend,com.petclinic.backend.model,Veterinarian,199,63,28,0,40,24,30,12,16,12
Pet Clinic Backend,com.petclinic.backend.model,Visit,212,78,32,0,43,31,29,16,13,16
Pet Clinic Backend,com.petclinic.backend.model,Owner,152,100,16,0,32,37,19,20,11,20
Pet Clinic Backend,com.petclinic.backend.model,Pet,163,83,20,0,35,32,23,16,13,16
