<?xml version="1.0" encoding="UTF-8"?>
<testsuite xmlns:xsi="http://www.w3.org/2001/XMLSchema-instance" xsi:noNamespaceSchemaLocation="https://maven.apache.org/surefire/maven-surefire-plugin/xsd/surefire-test-report-3.0.xsd" version="3.0" name="com.petclinic.frontend.security.AuthenticationEnforcementTest" time="4.04" tests="10" errors="0" skipped="0" failures="0">
  <properties>
[...]
</properties>
  <testcase name="unauthenticatedPostRequestsAreBlocked" classname="com.petclinic.frontend.security.AuthenticationEnforcementTest" time="0.047">
    <system-out><![CDATA[13:27:13.872 [main] INFO org.springframework.test.context.support.AnnotationConfigContextLoaderUtils -- Could not detect default configuration classes for test class [com.petclinic.frontend.security.AuthenticationEnforcementTest]: AuthenticationEnforcementTest does not declare any static, non-private, non-final, nested classes annotated with @Configuration.
13:27:13.958 [main] INFO org.springframework.boot.test.context.SpringBootTestContextBootstrapper -- Found @SpringBootConfiguration com.petclinic.frontend.PetClinicFrontendApplication for test class com.petclinic.frontend.security.AuthenticationEnforcementTest
13:27:14.020 [main] INFO org.springframework.boot.devtools.restart.RestartApplicationListener -- Restart disabled due to context in which it is running

  .   ____          _            __ _ _
 /\\ / ___'_ __ _ _(_)_ __  __ _ \ \ \ \
( ( )\___ | '_ | '_| | '_ \/ _` | \ \ \ \
 \\/  ___)| |_)| | | | | || (_| |  ) ) ) )
  '  |____| .__|_| |_|_| |_\__, | / / / /
 =========|_|==============|___/=/_/_/_/
 :: Spring Boot ::                (v3.2.1)

2026-01-29T13:27:14.309+05:30  INFO 67197 --- [pet-clinic-frontend] [           main] c.p.f.s.AuthenticationEnforcementTest    : Starting AuthenticationEnforcementTest using Java 21.0.1 with PID 67197 (started by Vivek in /Users/Vivek/Desktop/Cloud & Devops/pet-clinic-cicd-pipeline/pet-clinic-app/pet-clinic-frontend)
2026-01-29T13:27:14.309+05:30 DEBUG 67197 --- [pet-clinic-frontend] [           main] c.p.f.s.AuthenticationEnforcementTest    : Running with Spring Boot v3.2.1, Spring v6.1.2
2026-01-29T13:27:14.310+05:30  INFO 67197 --- [pet-clinic-frontend] [           main] c.p.f.s.AuthenticationEnforcementTest    : The following 1 profile is active: "dev"
2026-01-29T13:27:14.326+05:30 DEBUG 67197 --- [pet-clinic-frontend] [           main] o.s.w.c.s.GenericWebApplicationContext   : Refreshing org.springframework.web.context.support.GenericWebApplicationContext@1e191150
2026-01-29T13:27:16.106+05:30  INFO 67197 --- [pet-clinic-frontend] [           main] o.s.b.a.w.s.WelcomePageHandlerMapping    : Adding welcome page template: index
2026-01-29T13:27:16.215+05:30 DEBUG 67197 --- [pet-clinic-frontend] [           main] s.w.s.m.m.a.RequestMappingHandlerMapping : 14 mappings in 'requestMappingHandlerMapping'
2026-01-29T13:27:16.947+05:30 DEBUG 67197 --- [pet-clinic-frontend] [           main] o.s.w.s.handler.SimpleUrlHandlerMapping  : Patterns [/webjars/**, /**] in 'resourceHandlerMapping'
2026-01-29T13:27:16.980+05:30  INFO 67197 --- [pet-clinic-frontend] [           main] o.s.s.web.DefaultSecurityFilterChain     : Will secure any request with [org.springframework.security.web.session.DisableEncodeUrlFilter@3760f3e8, org.springframework.security.web.context.request.async.WebAsyncManagerIntegrationFilter@73032867, org.springframework.security.web.context.SecurityContextHolderFilter@1c697ca0, org.springframework.security.web.header.HeaderWriterFilter@6195e7d5, org.springframework.web.filter.CorsFilter@4e6f3d08, org.springframework.security.web.csrf.CsrfFilter@7d525b45, org.springframework.security.web.authentication.logout.LogoutFilter@36a65069, org.springframework.security.web.authentication.UsernamePasswordAuthenticationFilter@2ca2fcb5, org.springframework.security.web.session.ConcurrentSessionFilter@19bdfa3e, org.springframework.security.web.savedrequest.RequestCacheAwareFilter@43347199, org.springframework.security.web.servletapi.SecurityContextHolderAwareRequestFilter@3d1254b9, org.springframework.security.web.authentication.AnonymousAuthenticationFilter@28b995b8, org.springframework.security.web.session.SessionManagementFilter@1afea182, org.springframework.security.web.access.ExceptionTranslationFilter@59d99269, org.springframework.security.web.access.intercept.AuthorizationFilter@b0e903a]
2026-01-29T13:27:17.120+05:30 DEBUG 67197 --- [pet-clinic-frontend] [           main] s.w.s.m.m.a.RequestMappingHandlerAdapter : ControllerAdvice beans: 0 @ModelAttribute, 0 @InitBinder, 1 RequestBodyAdvice, 1 ResponseBodyAdvice
2026-01-29T13:27:17.148+05:30 DEBUG 67197 --- [pet-clinic-frontend] [           main] .m.m.a.ExceptionHandlerExceptionResolver : ControllerAdvice beans: 0 @ExceptionHandler, 1 ResponseBodyAdvice
2026-01-29T13:27:17.208+05:30 DEBUG 67197 --- [pet-clinic-frontend] [           main] o.s.w.s.r.ResourceUrlEncodingFilter      : Filter 'resourceUrlEncodingFilter' configured for use
2026-01-29T13:27:17.211+05:30  INFO 67197 --- [pet-clinic-frontend] [           main] o.s.b.t.m.w.SpringBootMockServletContext : Initializing Spring TestDispatcherServlet ''
2026-01-29T13:27:17.211+05:30  INFO 67197 --- [pet-clinic-frontend] [           main] o.s.t.web.servlet.TestDispatcherServlet  : Initializing Servlet ''
2026-01-29T13:27:17.212+05:30  INFO 67197 --- [pet-clinic-frontend] [           main] o.s.t.web.servlet.TestDispatcherServlet  : Completed initialization in 1 ms
2026-01-29T13:27:17.310+05:30  INFO 67197 --- [pet-clinic-frontend] [           main] c.p.f.s.AuthenticationEnforcementTest    : Started AuthenticationEnforcementTest in 3.299 seconds (process running for 4.205)
2026-01-29T13:27:17.337+05:30 DEBUG 67197 --- [pet-clinic-frontend] [           main] w.c.HttpSessionSecurityContextRepository : Did not store anonymous SecurityContext
2026-01-29T13:27:17.346+05:30 DEBUG 67197 --- [pet-clinic-frontend] [           main] o.s.security.web.FilterChainProxy        : Securing POST /owners/new
2026-01-29T13:27:17.349+05:30 DEBUG 67197 --- [pet-clinic-frontend] [           main] o.s.security.web.csrf.CsrfFilter         : Invalid CSRF token found for http://localhost/owners/new
2026-01-29T13:27:17.349+05:30 DEBUG 67197 --- [pet-clinic-frontend] [           main] o.s.s.w.access.AccessDeniedHandlerImpl   : Responding with 403 status code
2026-01-29T13:27:17.357+05:30 DEBUG 67197 --- [pet-clinic-frontend] [           main] w.c.HttpSessionSecurityContextRepository : Did not store anonymous SecurityContext
2026-01-29T13:27:17.358+05:30 DEBUG 67197 --- [pet-clinic-frontend] [           main] o.s.security.web.FilterChainProxy        : Securing POST /owners/1/delete
2026-01-29T13:27:17.359+05:30 DEBUG 67197 --- [pet-clinic-frontend] [           main] o.s.security.web.csrf.CsrfFilter         : Invalid CSRF token found for http://localhost/owners/1/delete
2026-01-29T13:27:17.359+05:30 DEBUG 67197 --- [pet-clinic-frontend] [           main] o.s.s.w.access.AccessDeniedHandlerImpl   : Responding with 403 status code
]]></system-out>
    <system-err><![CDATA[WARNING: A Java agent has been loaded dynamically (/Users/Vivek/.m2/repository/net/bytebuddy/byte-buddy-agent/1.14.10/byte-buddy-agent-1.14.10.jar)
WARNING: If a serviceability tool is in use, please run with -XX:+EnableDynamicAgentLoading to hide this warning
WARNING: If a serviceability tool is not in use, please run with -Djdk.instrument.traceUsage for more information
WARNING: Dynamic loading of agents will be disallowed by default in a future release
]]></system-err>
  </testcase>
  <testcase name="logoutFunctionalityWorksCorrectly" classname="com.petclinic.frontend.security.AuthenticationEnforcementTest" time="0.008">
    <system-out><![CDATA[2026-01-29T13:27:17.370+05:30 DEBUG 67197 --- [pet-clinic-frontend] [           main] w.c.HttpSessionSecurityContextRepository : Created HttpSession as SecurityContext is non-default
2026-01-29T13:27:17.370+05:30 DEBUG 67197 --- [pet-clinic-frontend] [           main] w.c.HttpSessionSecurityContextRepository : Stored SecurityContextImpl [Authentication=UsernamePasswordAuthenticationToken [Principal=org.springframework.security.core.userdetails.User [Username=admin, Password=[PROTECTED], Enabled=true, AccountNonExpired=true, CredentialsNonExpired=true, AccountNonLocked=true, Granted Authorities=[ROLE_ADMIN]], Credentials=[PROTECTED], Authenticated=true, Details=null, Granted Authorities=[ROLE_ADMIN]]] to HttpSession [org.springframework.mock.web.MockHttpSession@5834390e]
2026-01-29T13:27:17.372+05:30 DEBUG 67197 --- [pet-clinic-frontend] [           main] o.s.security.web.FilterChainProxy        : Securing POST /logout
2026-01-29T13:27:17.373+05:30 DEBUG 67197 --- [pet-clinic-frontend] [           main] o.s.security.web.csrf.CsrfFilter         : Invalid CSRF token found for http://localhost/logout
2026-01-29T13:27:17.373+05:30 DEBUG 67197 --- [pet-clinic-frontend] [           main] o.s.s.w.access.AccessDeniedHandlerImpl   : Responding with 403 status code
]]></system-out>
  </testcase>
  <testcase name="veterinarianRoleCanAccessSystem" classname="com.petclinic.frontend.security.AuthenticationEnforcementTest" time="0.298">
    <system-out><![CDATA[2026-01-29T13:27:17.376+05:30 DEBUG 67197 --- [pet-clinic-frontend] [           main] w.c.HttpSessionSecurityContextRepository : Created HttpSession as SecurityContext is non-default
2026-01-29T13:27:17.377+05:30 DEBUG 67197 --- [pet-clinic-frontend] [           main] w.c.HttpSessionSecurityContextRepository : Stored SecurityContextImpl [Authentication=UsernamePasswordAuthenticationToken [Principal=org.springframework.security.core.userdetails.User [Username=vet, Password=[PROTECTED], Enabled=true, AccountNonExpired=true, CredentialsNonExpired=true, AccountNonLocked=true, Granted Authorities=[ROLE_VET]], Credentials=[PROTECTED], Authenticated=true, Details=null, Granted Authorities=[ROLE_VET]]] to HttpSession [org.springframework.mock.web.MockHttpSession@3aeba81]
2026-01-29T13:27:17.377+05:30 DEBUG 67197 --- [pet-clinic-frontend] [           main] o.s.security.web.FilterChainProxy        : Securing GET /
2026-01-29T13:27:17.378+05:30 DEBUG 67197 --- [pet-clinic-frontend] [           main] w.c.HttpSessionSecurityContextRepository : Retrieved SecurityContextImpl [Authentication=UsernamePasswordAuthenticationToken [Principal=org.springframework.security.core.userdetails.User [Username=vet, Password=[PROTECTED], Enabled=true, AccountNonExpired=true, CredentialsNonExpired=true, AccountNonLocked=true, Granted Authorities=[ROLE_VET]], Credentials=[PROTECTED], Authenticated=true, Details=null, Granted Authorities=[ROLE_VET]]]
2026-01-29T13:27:17.378+05:30 DEBUG 67197 --- [pet-clinic-frontend] [           main] o.s.security.web.FilterChainProxy        : Secured GET /
2026-01-29T13:27:17.380+05:30 DEBUG 67197 --- [pet-clinic-frontend] [           main] s.w.s.m.m.a.RequestMappingHandlerMapping : Mapped to com.petclinic.frontend.controller.HomeController#home(Model, Authentication)
2026-01-29T13:27:17.394+05:30 DEBUG 67197 --- [pet-clinic-frontend] [           main] o.s.w.s.v.ContentNegotiatingViewResolver : Selected '*/*' given [*/*]
]]></system-out>
  </testcase>
  <testcase name="staticResourcesAreAccessibleWithoutAuthentication" classname="com.petclinic.frontend.security.AuthenticationEnforcementTest" time="0.033">
    <system-out><![CDATA[2026-01-29T13:27:17.676+05:30 DEBUG 67197 --- [pet-clinic-frontend] [           main] w.c.HttpSessionSecurityContextRepository : Did not store anonymous SecurityContext
2026-01-29T13:27:17.677+05:30 DEBUG 67197 --- [pet-clinic-frontend] [           main] o.s.security.web.FilterChainProxy        : Securing GET /webjars/bootstrap/css/bootstrap.min.css
2026-01-29T13:27:17.677+05:30 DEBUG 67197 --- [pet-clinic-frontend] [           main] o.s.security.web.FilterChainProxy        : Secured GET /webjars/bootstrap/css/bootstrap.min.css
2026-01-29T13:27:17.677+05:30 DEBUG 67197 --- [pet-clinic-frontend] [           main] o.s.w.s.handler.SimpleUrlHandlerMapping  : Mapped to ResourceHttpRequestHandler [classpath [META-INF/resources/webjars/]]
2026-01-29T13:27:17.700+05:30 DEBUG 67197 --- [pet-clinic-frontend] [           main] w.c.HttpSessionSecurityContextRepository : Did not store anonymous SecurityContext
2026-01-29T13:27:17.700+05:30 DEBUG 67197 --- [pet-clinic-frontend] [           main] o.s.security.web.FilterChainProxy        : Securing GET /webjars/jquery/jquery.min.js
2026-01-29T13:27:17.701+05:30 DEBUG 67197 --- [pet-clinic-frontend] [           main] o.s.security.web.FilterChainProxy        : Secured GET /webjars/jquery/jquery.min.js
2026-01-29T13:27:17.701+05:30 DEBUG 67197 --- [pet-clinic-frontend] [           main] o.s.w.s.handler.SimpleUrlHandlerMapping  : Mapped to ResourceHttpRequestHandler [classpath [META-INF/resources/webjars/]]
]]></system-out>
  </testcase>
  <testcase name="invalidAuthenticationAttemptsAreHandledProperly" classname="com.petclinic.frontend.security.AuthenticationEnforcementTest" time="0.004">
    <system-out><![CDATA[2026-01-29T13:27:17.711+05:30 DEBUG 67197 --- [pet-clinic-frontend] [           main] o.s.security.web.FilterChainProxy        : Securing POST /login
2026-01-29T13:27:17.711+05:30 DEBUG 67197 --- [pet-clinic-frontend] [           main] o.s.security.web.csrf.CsrfFilter         : Invalid CSRF token found for http://localhost/login
2026-01-29T13:27:17.711+05:30 DEBUG 67197 --- [pet-clinic-frontend] [           main] o.s.s.w.access.AccessDeniedHandlerImpl   : Responding with 403 status code
]]></system-out>
  </testcase>
  <testcase name="publicEndpointsAreAccessibleWithoutAuthentication" classname="com.petclinic.frontend.security.AuthenticationEnforcementTest" time="0.012">
    <system-out><![CDATA[2026-01-29T13:27:17.715+05:30 DEBUG 67197 --- [pet-clinic-frontend] [           main] w.c.HttpSessionSecurityContextRepository : Did not store anonymous SecurityContext
2026-01-29T13:27:17.715+05:30 DEBUG 67197 --- [pet-clinic-frontend] [           main] o.s.security.web.FilterChainProxy        : Securing GET /login
2026-01-29T13:27:17.715+05:30 DEBUG 67197 --- [pet-clinic-frontend] [           main] o.s.security.web.FilterChainProxy        : Secured GET /login
2026-01-29T13:27:17.715+05:30 DEBUG 67197 --- [pet-clinic-frontend] [           main] s.w.s.m.m.a.RequestMappingHandlerMapping : Mapped to com.petclinic.frontend.controller.HomeController#login()
2026-01-29T13:27:17.716+05:30 DEBUG 67197 --- [pet-clinic-frontend] [           main] o.s.w.s.v.ContentNegotiatingViewResolver : Selected '*/*' given [*/*]
]]></system-out>
  </testcase>
  <testcase name="unauthenticatedAccessToProtectedEndpointsRedirectsToLogin" classname="com.petclinic.frontend.security.AuthenticationEnforcementTest" time="0.007">
    <system-out><![CDATA[2026-01-29T13:27:17.727+05:30 DEBUG 67197 --- [pet-clinic-frontend] [           main] w.c.HttpSessionSecurityContextRepository : Did not store anonymous SecurityContext
2026-01-29T13:27:17.727+05:30 DEBUG 67197 --- [pet-clinic-frontend] [           main] o.s.security.web.FilterChainProxy        : Securing GET /
2026-01-29T13:27:17.729+05:30 DEBUG 67197 --- [pet-clinic-frontend] [           main] o.s.s.w.s.HttpSessionRequestCache        : Saved request http://localhost/?continue to session
2026-01-29T13:27:17.730+05:30 DEBUG 67197 --- [pet-clinic-frontend] [           main] o.s.s.web.DefaultRedirectStrategy        : Redirecting to http://localhost/login
2026-01-29T13:27:17.730+05:30 DEBUG 67197 --- [pet-clinic-frontend] [           main] w.c.HttpSessionSecurityContextRepository : Did not store anonymous SecurityContext
2026-01-29T13:27:17.731+05:30 DEBUG 67197 --- [pet-clinic-frontend] [           main] o.s.security.web.FilterChainProxy        : Securing GET /owners
2026-01-29T13:27:17.731+05:30 DEBUG 67197 --- [pet-clinic-frontend] [           main] o.s.s.w.s.HttpSessionRequestCache        : Saved request http://localhost/owners?continue to session
2026-01-29T13:27:17.731+05:30 DEBUG 67197 --- [pet-clinic-frontend] [           main] o.s.s.web.DefaultRedirectStrategy        : Redirecting to http://localhost/login
2026-01-29T13:27:17.731+05:30 DEBUG 67197 --- [pet-clinic-frontend] [           main] w.c.HttpSessionSecurityContextRepository : Did not store anonymous SecurityContext
2026-01-29T13:27:17.732+05:30 DEBUG 67197 --- [pet-clinic-frontend] [           main] o.s.security.web.FilterChainProxy        : Securing GET /owners/new
2026-01-29T13:27:17.732+05:30 DEBUG 67197 --- [pet-clinic-frontend] [           main] o.s.s.w.s.HttpSessionRequestCache        : Saved request http://localhost/owners/new?continue to session
2026-01-29T13:27:17.732+05:30 DEBUG 67197 --- [pet-clinic-frontend] [           main] o.s.s.web.DefaultRedirectStrategy        : Redirecting to http://localhost/login
]]></system-out>
  </testcase>
  <testcase name="loginPageIsAccessibleToAnonymousUsers" classname="com.petclinic.frontend.security.AuthenticationEnforcementTest" time="0.008">
    <system-out><![CDATA[2026-01-29T13:27:17.737+05:30 DEBUG 67197 --- [pet-clinic-frontend] [           main] w.c.HttpSessionSecurityContextRepository : Did not store anonymous SecurityContext
2026-01-29T13:27:17.737+05:30 DEBUG 67197 --- [pet-clinic-frontend] [           main] o.s.security.web.FilterChainProxy        : Securing GET /login
2026-01-29T13:27:17.737+05:30 DEBUG 67197 --- [pet-clinic-frontend] [           main] o.s.security.web.FilterChainProxy        : Secured GET /login
2026-01-29T13:27:17.737+05:30 DEBUG 67197 --- [pet-clinic-frontend] [           main] s.w.s.m.m.a.RequestMappingHandlerMapping : Mapped to com.petclinic.frontend.controller.HomeController#login()
2026-01-29T13:27:17.738+05:30 DEBUG 67197 --- [pet-clinic-frontend] [           main] o.s.w.s.v.ContentNegotiatingViewResolver : Selected '*/*' given [*/*]
]]></system-out>
  </testcase>
  <testcase name="authenticationIsEnforcedConsistentlyAcrossAllEndpoints" classname="com.petclinic.frontend.security.AuthenticationEnforcementTest" time="0.006">
    <system-out><![CDATA[2026-01-29T13:27:17.745+05:30 DEBUG 67197 --- [pet-clinic-frontend] [           main] w.c.HttpSessionSecurityContextRepository : Did not store anonymous SecurityContext
2026-01-29T13:27:17.746+05:30 DEBUG 67197 --- [pet-clinic-frontend] [           main] o.s.security.web.FilterChainProxy        : Securing GET /
2026-01-29T13:27:17.746+05:30 DEBUG 67197 --- [pet-clinic-frontend] [           main] o.s.s.w.s.HttpSessionRequestCache        : Saved request http://localhost/?continue to session
2026-01-29T13:27:17.746+05:30 DEBUG 67197 --- [pet-clinic-frontend] [           main] o.s.s.web.DefaultRedirectStrategy        : Redirecting to http://localhost/login
2026-01-29T13:27:17.746+05:30 DEBUG 67197 --- [pet-clinic-frontend] [           main] w.c.HttpSessionSecurityContextRepository : Did not store anonymous SecurityContext
2026-01-29T13:27:17.746+05:30 DEBUG 67197 --- [pet-clinic-frontend] [           main] o.s.security.web.FilterChainProxy        : Securing GET /dashboard
2026-01-29T13:27:17.747+05:30 DEBUG 67197 --- [pet-clinic-frontend] [           main] o.s.s.w.s.HttpSessionRequestCache        : Saved request http://localhost/dashboard?continue to session
2026-01-29T13:27:17.747+05:30 DEBUG 67197 --- [pet-clinic-frontend] [           main] o.s.s.web.DefaultRedirectStrategy        : Redirecting to http://localhost/login
2026-01-29T13:27:17.747+05:30 DEBUG 67197 --- [pet-clinic-frontend] [           main] w.c.HttpSessionSecurityContextRepository : Did not store anonymous SecurityContext
2026-01-29T13:27:17.747+05:30 DEBUG 67197 --- [pet-clinic-frontend] [           main] o.s.security.web.FilterChainProxy        : Securing GET /owners
2026-01-29T13:27:17.747+05:30 DEBUG 67197 --- [pet-clinic-frontend] [           main] o.s.s.w.s.HttpSessionRequestCache        : Saved request http://localhost/owners?continue to session
2026-01-29T13:27:17.748+05:30 DEBUG 67197 --- [pet-clinic-frontend] [           main] o.s.s.web.DefaultRedirectStrategy        : Redirecting to http://localhost/login
2026-01-29T13:27:17.748+05:30 DEBUG 67197 --- [pet-clinic-frontend] [           main] w.c.HttpSessionSecurityContextRepository : Did not store anonymous SecurityContext
2026-01-29T13:27:17.748+05:30 DEBUG 67197 --- [pet-clinic-frontend] [           main] o.s.security.web.FilterChainProxy        : Securing GET /owners/new
2026-01-29T13:27:17.748+05:30 DEBUG 67197 --- [pet-clinic-frontend] [           main] o.s.s.w.s.HttpSessionRequestCache        : Saved request http://localhost/owners/new?continue to session
2026-01-29T13:27:17.748+05:30 DEBUG 67197 --- [pet-clinic-frontend] [           main] o.s.s.web.DefaultRedirectStrategy        : Redirecting to http://localhost/login
2026-01-29T13:27:17.749+05:30 DEBUG 67197 --- [pet-clinic-frontend] [           main] w.c.HttpSessionSecurityContextRepository : Did not store anonymous SecurityContext
2026-01-29T13:27:17.749+05:30 DEBUG 67197 --- [pet-clinic-frontend] [           main] o.s.security.web.FilterChainProxy        : Securing GET /owners/search
2026-01-29T13:27:17.749+05:30 DEBUG 67197 --- [pet-clinic-frontend] [           main] o.s.s.w.s.HttpSessionRequestCache        : Saved request http://localhost/owners/search?continue to session
2026-01-29T13:27:17.749+05:30 DEBUG 67197 --- [pet-clinic-frontend] [           main] o.s.s.web.DefaultRedirectStrategy        : Redirecting to http://localhost/login
]]></system-out>
  </testcase>
  <testcase name="staffRoleCanAccessSystem" classname="com.petclinic.frontend.security.AuthenticationEnforcementTest" time="0.015">
    <system-out><![CDATA[2026-01-29T13:27:17.754+05:30 DEBUG 67197 --- [pet-clinic-frontend] [           main] w.c.HttpSessionSecurityContextRepository : Created HttpSession as SecurityContext is non-default
2026-01-29T13:27:17.754+05:30 DEBUG 67197 --- [pet-clinic-frontend] [           main] w.c.HttpSessionSecurityContextRepository : Stored SecurityContextImpl [Authentication=UsernamePasswordAuthenticationToken [Principal=org.springframework.security.core.userdetails.User [Username=staff, Password=[PROTECTED], Enabled=true, AccountNonExpired=true, CredentialsNonExpired=true, AccountNonLocked=true, Granted Authorities=[ROLE_STAFF]], Credentials=[PROTECTED], Authenticated=true, Details=null, Granted Authorities=[ROLE_STAFF]]] to HttpSession [org.springframework.mock.web.MockHttpSession@30cdd6f9]
2026-01-29T13:27:17.754+05:30 DEBUG 67197 --- [pet-clinic-frontend] [           main] o.s.security.web.FilterChainProxy        : Securing GET /
2026-01-29T13:27:17.755+05:30 DEBUG 67197 --- [pet-clinic-frontend] [           main] w.c.HttpSessionSecurityContextRepository : Retrieved SecurityContextImpl [Authentication=UsernamePasswordAuthenticationToken [Principal=org.springframework.security.core.userdetails.User [Username=staff, Password=[PROTECTED], Enabled=true, AccountNonExpired=true, CredentialsNonExpired=true, AccountNonLocked=true, Granted Authorities=[ROLE_STAFF]], Credentials=[PROTECTED], Authenticated=true, Details=null, Granted Authorities=[ROLE_STAFF]]]
2026-01-29T13:27:17.755+05:30 DEBUG 67197 --- [pet-clinic-frontend] [           main] o.s.security.web.FilterChainProxy        : Secured GET /
2026-01-29T13:27:17.755+05:30 DEBUG 67197 --- [pet-clinic-frontend] [           main] s.w.s.m.m.a.RequestMappingHandlerMapping : Mapped to com.petclinic.frontend.controller.HomeController#home(Model, Authentication)
2026-01-29T13:27:17.755+05:30 DEBUG 67197 --- [pet-clinic-frontend] [           main] o.s.w.s.v.ContentNegotiatingViewResolver : Selected '*/*' given [*/*]
]]></system-out>
  </testcase>
</testsuite>