-------------------------------------------------------------------------------
Test set: com.petclinic.backend.controller.VisitControllerTest$SchedulingOperationsTests
-------------------------------------------------------------------------------
Tests run: 3, Failures: 3, Errors: 0, Skipped: 0, Time elapsed: 0.044 s <<< FAILURE! -- in com.petclinic.backend.controller.VisitControllerTest$SchedulingOperationsTests
com.petclinic.backend.controller.VisitControllerTest$SchedulingOperationsTests.scheduleVisit_WithValidData_ShouldReturnScheduledVisit -- Time elapsed: 0.011 s <<< FAILURE!
java.lang.AssertionError: Status expected:<201> but was:<500>
	at org.springframework.test.util.AssertionErrors.fail(AssertionErrors.java:59)
	at org.springframework.test.util.AssertionErrors.assertEquals(AssertionErrors.java:122)
	at org.springframework.test.web.servlet.result.StatusResultMatchers.lambda$matcher$9(StatusResultMatchers.java:637)
	at org.springframework.test.web.servlet.MockMvc$1.andExpect(MockMvc.java:214)
	at com.petclinic.backend.controller.VisitControllerTest$SchedulingOperationsTests.scheduleVisit_WithValidData_ShouldReturnScheduledVisit(VisitControllerTest.java:331)
	at java.base/java.lang.reflect.Method.invoke(Method.java:580)
	at java.base/java.util.ArrayList.forEach(ArrayList.java:1596)
	at java.base/java.util.ArrayList.forEach(ArrayList.java:1596)
	at java.base/java.util.ArrayList.forEach(ArrayList.java:1596)

com.petclinic.backend.controller.VisitControllerTest$SchedulingOperationsTests.checkSchedulingConflicts_ShouldReturnConflictStatus -- Time elapsed: 0.009 s <<< FAILURE!
java.lang.AssertionError: Status expected:<200> but was:<500>
	at org.springframework.test.util.AssertionErrors.fail(AssertionErrors.java:59)
	at org.springframework.test.util.AssertionErrors.assertEquals(AssertionErrors.java:122)
	at org.springframework.test.web.servlet.result.StatusResultMatchers.lambda$matcher$9(StatusResultMatchers.java:637)
	at org.springframework.test.web.servlet.MockMvc$1.andExpect(MockMvc.java:214)
	at com.petclinic.backend.controller.VisitControllerTest$SchedulingOperationsTests.checkSchedulingConflicts_ShouldReturnConflictStatus(VisitControllerTest.java:355)
	at java.base/java.lang.reflect.Method.invoke(Method.java:580)
	at java.base/java.util.ArrayList.forEach(ArrayList.java:1596)
	at java.base/java.util.ArrayList.forEach(ArrayList.java:1596)
	at java.base/java.util.ArrayList.forEach(ArrayList.java:1596)

com.petclinic.backend.controller.VisitControllerTest$SchedulingOperationsTests.getUpcomingVisits_ShouldReturnUpcomingVisits -- Time elapsed: 0.011 s <<< FAILURE!
java.lang.AssertionError: Status expected:<200> but was:<500>
	at org.springframework.test.util.AssertionErrors.fail(AssertionErrors.java:59)
	at org.springframework.test.util.AssertionErrors.assertEquals(AssertionErrors.java:122)
	at org.springframework.test.web.servlet.result.StatusResultMatchers.lambda$matcher$9(StatusResultMatchers.java:637)
	at org.springframework.test.web.servlet.MockMvc$1.andExpect(MockMvc.java:214)
	at com.petclinic.backend.controller.VisitControllerTest$SchedulingOperationsTests.getUpcomingVisits_ShouldReturnUpcomingVisits(VisitControllerTest.java:374)
	at java.base/java.lang.reflect.Method.invoke(Method.java:580)
	at java.base/java.util.ArrayList.forEach(ArrayList.java:1596)
	at java.base/java.util.ArrayList.forEach(ArrayList.java:1596)
	at java.base/java.util.ArrayList.forEach(ArrayList.java:1596)

