<?xml version="1.0" encoding="UTF-8"?>
<testsuite xmlns:xsi="http://www.w3.org/2001/XMLSchema-instance" xsi:noNamespaceSchemaLocation="https://maven.apache.org/surefire/maven-surefire-plugin/xsd/surefire-test-report-3.0.xsd" version="3.0" name="com.petclinic.backend.service.impl.PetServicePropertiesTest" time="0.207" tests="8" errors="0" skipped="0" failures="0">
  <properties>
[...]
</properties>
  <testcase name="testSearchResultAccuracy" classname="com.petclinic.backend.service.impl.PetServicePropertiesTest" time="0.012">
    <system-out><![CDATA[2026-01-30T02:21:51.354+05:30  INFO 84883 --- [pet-clinic-backend] [           main] t.c.s.AnnotationConfigContextLoaderUtils : Could not detect default configuration classes for test class [com.petclinic.backend.service.impl.PetServicePropertiesTest]: PetServicePropertiesTest does not declare any static, non-private, non-final, nested classes annotated with @Configuration.
2026-01-30T02:21:51.384+05:30  INFO 84883 --- [pet-clinic-backend] [           main] .b.t.c.SpringBootTestContextBootstrapper : Found @SpringBootConfiguration com.petclinic.backend.PetClinicBackendApplication for test class com.petclinic.backend.service.impl.PetServicePropertiesTest
2026-01-30T02:21:51.387+05:30 DEBUG 84883 --- [pet-clinic-backend] [           main] c.p.b.s.impl.EncryptionServiceImpl       : Data encrypted successfully
2026-01-30T02:21:51.387+05:30 DEBUG 84883 --- [pet-clinic-backend] [           main] c.p.b.s.impl.EncryptionServiceImpl       : Data encrypted successfully
2026-01-30T02:21:51.388+05:30 DEBUG 84883 --- [pet-clinic-backend] [           main] c.p.backend.service.impl.PetServiceImpl  : Creating new pet: Pet{id=null, name='Buddy', species='Dog', breed='Golden Retriever', birthDate=2024-01-30, age=2}
2026-01-30T02:21:51.389+05:30  INFO 84883 --- [pet-clinic-backend] [           main] c.p.backend.service.impl.PetServiceImpl  : Created pet with ID: 7728
2026-01-30T02:21:51.389+05:30  INFO 84883 --- [pet-clinic-backend] [           main] c.p.b.service.impl.AuditServiceImpl      : Audit log created: user=system, action=CREATE, resource=Pet, resourceId=7728
2026-01-30T02:21:51.390+05:30 DEBUG 84883 --- [pet-clinic-backend] [           main] c.p.backend.service.impl.PetServiceImpl  : Creating new pet: Pet{id=null, name='Whiskers', species='Cat', breed='Persian', birthDate=2024-01-30, age=2}
2026-01-30T02:21:51.391+05:30  INFO 84883 --- [pet-clinic-backend] [           main] c.p.backend.service.impl.PetServiceImpl  : Created pet with ID: 7729
2026-01-30T02:21:51.392+05:30  INFO 84883 --- [pet-clinic-backend] [           main] c.p.b.service.impl.AuditServiceImpl      : Audit log created: user=system, action=CREATE, resource=Pet, resourceId=7729
2026-01-30T02:21:51.392+05:30 DEBUG 84883 --- [pet-clinic-backend] [           main] c.p.backend.service.impl.PetServiceImpl  : Creating new pet: Pet{id=null, name='Tweety', species='Bird', breed='Canary', birthDate=2024-01-30, age=2}
2026-01-30T02:21:51.392+05:30  INFO 84883 --- [pet-clinic-backend] [           main] c.p.backend.service.impl.PetServiceImpl  : Created pet with ID: 7730
2026-01-30T02:21:51.392+05:30  INFO 84883 --- [pet-clinic-backend] [           main] c.p.b.service.impl.AuditServiceImpl      : Audit log created: user=system, action=CREATE, resource=Pet, resourceId=7730
2026-01-30T02:21:51.392+05:30 DEBUG 84883 --- [pet-clinic-backend] [           main] c.p.backend.service.impl.PetServiceImpl  : Creating new pet: Pet{id=null, name='Max', species='Dog', breed='Labrador', birthDate=2024-01-30, age=2}
2026-01-30T02:21:51.393+05:30  INFO 84883 --- [pet-clinic-backend] [           main] c.p.backend.service.impl.PetServiceImpl  : Created pet with ID: 7731
2026-01-30T02:21:51.393+05:30  INFO 84883 --- [pet-clinic-backend] [           main] c.p.b.service.impl.AuditServiceImpl      : Audit log created: user=system, action=CREATE, resource=Pet, resourceId=7731
2026-01-30T02:21:51.393+05:30 DEBUG 84883 --- [pet-clinic-backend] [           main] c.p.backend.service.impl.PetServiceImpl  : Searching pets with term: Buddy
2026-01-30T02:21:51.394+05:30 DEBUG 84883 --- [pet-clinic-backend] [           main] c.p.backend.service.impl.PetServiceImpl  : Found 0 pets matching search term: Buddy
2026-01-30T02:21:51.394+05:30 DEBUG 84883 --- [pet-clinic-backend] [           main] c.p.backend.service.impl.PetServiceImpl  : Searching pets with term: Dog
2026-01-30T02:21:51.395+05:30 DEBUG 84883 --- [pet-clinic-backend] [           main] c.p.backend.service.impl.PetServiceImpl  : Found 0 pets matching search term: Dog
2026-01-30T02:21:51.395+05:30 DEBUG 84883 --- [pet-clinic-backend] [           main] c.p.backend.service.impl.PetServiceImpl  : Searching pets with term: Persian
2026-01-30T02:21:51.395+05:30 DEBUG 84883 --- [pet-clinic-backend] [           main] c.p.backend.service.impl.PetServiceImpl  : Found 0 pets matching search term: Persian
2026-01-30T02:21:51.395+05:30 DEBUG 84883 --- [pet-clinic-backend] [           main] c.p.backend.service.impl.PetServiceImpl  : Searching pets with term: Golden
2026-01-30T02:21:51.396+05:30 DEBUG 84883 --- [pet-clinic-backend] [           main] c.p.backend.service.impl.PetServiceImpl  : Found 0 pets matching search term: Golden
2026-01-30T02:21:51.396+05:30 DEBUG 84883 --- [pet-clinic-backend] [           main] c.p.backend.service.impl.PetServiceImpl  : Searching pets with term: Whiskers
2026-01-30T02:21:51.396+05:30 DEBUG 84883 --- [pet-clinic-backend] [           main] c.p.backend.service.impl.PetServiceImpl  : Found 0 pets matching search term: Whiskers
]]></system-out>
  </testcase>
  <testcase name="testReferentialIntegrityProtection" classname="com.petclinic.backend.service.impl.PetServicePropertiesTest" time="0.004">
    <system-out><![CDATA[2026-01-30T02:21:51.398+05:30 DEBUG 84883 --- [pet-clinic-backend] [           main] c.p.b.s.impl.EncryptionServiceImpl       : Data encrypted successfully
2026-01-30T02:21:51.398+05:30 DEBUG 84883 --- [pet-clinic-backend] [           main] c.p.b.s.impl.EncryptionServiceImpl       : Data encrypted successfully
2026-01-30T02:21:51.399+05:30 DEBUG 84883 --- [pet-clinic-backend] [           main] c.p.backend.service.impl.PetServiceImpl  : Creating new pet: Pet{id=null, name='NoVisits', species='Dog', breed='Beagle', birthDate=2024-01-30, age=2}
2026-01-30T02:21:51.399+05:30  INFO 84883 --- [pet-clinic-backend] [           main] c.p.backend.service.impl.PetServiceImpl  : Created pet with ID: 7732
2026-01-30T02:21:51.399+05:30  INFO 84883 --- [pet-clinic-backend] [           main] c.p.b.service.impl.AuditServiceImpl      : Audit log created: user=system, action=CREATE, resource=Pet, resourceId=7732
2026-01-30T02:21:51.399+05:30 DEBUG 84883 --- [pet-clinic-backend] [           main] c.p.backend.service.impl.PetServiceImpl  : Creating new pet: Pet{id=null, name='WithVisits', species='Cat', breed='Siamese', birthDate=2024-01-30, age=2}
2026-01-30T02:21:51.400+05:30  INFO 84883 --- [pet-clinic-backend] [           main] c.p.backend.service.impl.PetServiceImpl  : Created pet with ID: 7733
2026-01-30T02:21:51.400+05:30  INFO 84883 --- [pet-clinic-backend] [           main] c.p.b.service.impl.AuditServiceImpl      : Audit log created: user=system, action=CREATE, resource=Pet, resourceId=7733
2026-01-30T02:21:51.400+05:30 DEBUG 84883 --- [pet-clinic-backend] [           main] c.p.b.s.impl.EncryptionServiceImpl       : Data encrypted successfully
2026-01-30T02:21:51.400+05:30 DEBUG 84883 --- [pet-clinic-backend] [           main] c.p.backend.service.impl.PetServiceImpl  : Checking if pet can be deleted: 7732
2026-01-30T02:21:51.400+05:30 DEBUG 84883 --- [pet-clinic-backend] [           main] c.p.backend.service.impl.PetServiceImpl  : Pet 7732 can be deleted: true
2026-01-30T02:21:51.401+05:30 DEBUG 84883 --- [pet-clinic-backend] [           main] c.p.backend.service.impl.PetServiceImpl  : Attempting to delete pet with ID: 7732
2026-01-30T02:21:51.401+05:30 DEBUG 84883 --- [pet-clinic-backend] [           main] c.p.backend.service.impl.PetServiceImpl  : Checking if pet can be deleted: 7732
2026-01-30T02:21:51.401+05:30 DEBUG 84883 --- [pet-clinic-backend] [           main] c.p.backend.service.impl.PetServiceImpl  : Pet 7732 can be deleted: true
2026-01-30T02:21:51.401+05:30  INFO 84883 --- [pet-clinic-backend] [           main] c.p.b.service.impl.AuditServiceImpl      : Audit log created: user=system, action=DELETE, resource=Pet, resourceId=7732
2026-01-30T02:21:51.401+05:30  INFO 84883 --- [pet-clinic-backend] [           main] c.p.backend.service.impl.PetServiceImpl  : Deleted pet with ID: 7732
2026-01-30T02:21:51.401+05:30 DEBUG 84883 --- [pet-clinic-backend] [           main] c.p.backend.service.impl.PetServiceImpl  : Checking if pet can be deleted: 7733
2026-01-30T02:21:51.401+05:30 DEBUG 84883 --- [pet-clinic-backend] [           main] c.p.backend.service.impl.PetServiceImpl  : Pet 7733 can be deleted: false
2026-01-30T02:21:51.401+05:30 DEBUG 84883 --- [pet-clinic-backend] [           main] c.p.backend.service.impl.PetServiceImpl  : Attempting to delete pet with ID: 7733
2026-01-30T02:21:51.401+05:30 DEBUG 84883 --- [pet-clinic-backend] [           main] c.p.backend.service.impl.PetServiceImpl  : Checking if pet can be deleted: 7733
2026-01-30T02:21:51.401+05:30 DEBUG 84883 --- [pet-clinic-backend] [           main] c.p.backend.service.impl.PetServiceImpl  : Pet 7733 can be deleted: false
]]></system-out>
  </testcase>
  <testcase name="testAgeRangeFilteringAccuracy" classname="com.petclinic.backend.service.impl.PetServicePropertiesTest" time="0.009">
    <system-out><![CDATA[2026-01-30T02:21:51.403+05:30 DEBUG 84883 --- [pet-clinic-backend] [           main] c.p.b.s.impl.EncryptionServiceImpl       : Data encrypted successfully
2026-01-30T02:21:51.403+05:30 DEBUG 84883 --- [pet-clinic-backend] [           main] c.p.b.s.impl.EncryptionServiceImpl       : Data encrypted successfully
2026-01-30T02:21:51.403+05:30 DEBUG 84883 --- [pet-clinic-backend] [           main] c.p.backend.service.impl.PetServiceImpl  : Creating new pet: Pet{id=null, name='Young', species='Dog', breed='Puppy', birthDate=2025-07-30, age=1}
2026-01-30T02:21:51.405+05:30  INFO 84883 --- [pet-clinic-backend] [           main] c.p.backend.service.impl.PetServiceImpl  : Created pet with ID: 7734
2026-01-30T02:21:51.405+05:30  INFO 84883 --- [pet-clinic-backend] [           main] c.p.b.service.impl.AuditServiceImpl      : Audit log created: user=system, action=CREATE, resource=Pet, resourceId=7734
2026-01-30T02:21:51.405+05:30 DEBUG 84883 --- [pet-clinic-backend] [           main] c.p.backend.service.impl.PetServiceImpl  : Creating new pet: Pet{id=null, name='Middle', species='Cat', breed='Adult', birthDate=2023-01-30, age=3}
2026-01-30T02:21:51.406+05:30  INFO 84883 --- [pet-clinic-backend] [           main] c.p.backend.service.impl.PetServiceImpl  : Created pet with ID: 7735
2026-01-30T02:21:51.406+05:30  INFO 84883 --- [pet-clinic-backend] [           main] c.p.b.service.impl.AuditServiceImpl      : Audit log created: user=system, action=CREATE, resource=Pet, resourceId=7735
2026-01-30T02:21:51.406+05:30 DEBUG 84883 --- [pet-clinic-backend] [           main] c.p.backend.service.impl.PetServiceImpl  : Creating new pet: Pet{id=null, name='Old', species='Dog', breed='Senior', birthDate=2016-01-30, age=10}
2026-01-30T02:21:51.406+05:30  INFO 84883 --- [pet-clinic-backend] [           main] c.p.backend.service.impl.PetServiceImpl  : Created pet with ID: 7736
2026-01-30T02:21:51.406+05:30  INFO 84883 --- [pet-clinic-backend] [           main] c.p.b.service.impl.AuditServiceImpl      : Audit log created: user=system, action=CREATE, resource=Pet, resourceId=7736
2026-01-30T02:21:51.407+05:30 DEBUG 84883 --- [pet-clinic-backend] [           main] c.p.backend.service.impl.PetServiceImpl  : Finding pets by age range: 0 to 1
2026-01-30T02:21:51.409+05:30 DEBUG 84883 --- [pet-clinic-backend] [           main] c.p.backend.service.impl.PetServiceImpl  : Finding pets by age range: 2 to 5
2026-01-30T02:21:51.409+05:30 DEBUG 84883 --- [pet-clinic-backend] [           main] c.p.backend.service.impl.PetServiceImpl  : Finding pets by age range: 8 to 15
2026-01-30T02:21:51.409+05:30 DEBUG 84883 --- [pet-clinic-backend] [           main] c.p.backend.service.impl.PetServiceImpl  : Finding pets by age range: 0 to 15
]]></system-out>
  </testcase>
  <testcase name="testBusinessRuleEnforcement" classname="com.petclinic.backend.service.impl.PetServicePropertiesTest" time="0.004">
    <system-out><![CDATA[2026-01-30T02:21:51.412+05:30 DEBUG 84883 --- [pet-clinic-backend] [           main] c.p.b.s.impl.EncryptionServiceImpl       : Data encrypted successfully
2026-01-30T02:21:51.412+05:30 DEBUG 84883 --- [pet-clinic-backend] [           main] c.p.b.s.impl.EncryptionServiceImpl       : Data encrypted successfully
2026-01-30T02:21:51.412+05:30 DEBUG 84883 --- [pet-clinic-backend] [           main] c.p.backend.service.impl.PetServiceImpl  : Creating new pet: Pet{id=null, name='Duplicate', species='Dog', breed='Beagle', birthDate=2024-01-30, age=2}
2026-01-30T02:21:51.413+05:30  INFO 84883 --- [pet-clinic-backend] [           main] c.p.backend.service.impl.PetServiceImpl  : Created pet with ID: 7737
2026-01-30T02:21:51.413+05:30  INFO 84883 --- [pet-clinic-backend] [           main] c.p.b.service.impl.AuditServiceImpl      : Audit log created: user=system, action=CREATE, resource=Pet, resourceId=7737
2026-01-30T02:21:51.413+05:30 DEBUG 84883 --- [pet-clinic-backend] [           main] c.p.backend.service.impl.PetServiceImpl  : Creating new pet: Pet{id=null, name='Duplicate', species='Cat', breed='Persian', birthDate=2024-01-30, age=2}
2026-01-30T02:21:51.413+05:30 DEBUG 84883 --- [pet-clinic-backend] [           main] c.p.b.s.impl.EncryptionServiceImpl       : Data encrypted successfully
2026-01-30T02:21:51.414+05:30 DEBUG 84883 --- [pet-clinic-backend] [           main] c.p.backend.service.impl.PetServiceImpl  : Creating new pet: Pet{id=null, name='Duplicate', species='Cat', breed='Persian', birthDate=2024-01-30, age=2}
2026-01-30T02:21:51.414+05:30  INFO 84883 --- [pet-clinic-backend] [           main] c.p.backend.service.impl.PetServiceImpl  : Created pet with ID: 7738
2026-01-30T02:21:51.414+05:30  INFO 84883 --- [pet-clinic-backend] [           main] c.p.b.service.impl.AuditServiceImpl      : Audit log created: user=system, action=CREATE, resource=Pet, resourceId=7738
]]></system-out>
  </testcase>
  <testcase name="testEntityUpdatePersistence" classname="com.petclinic.backend.service.impl.PetServicePropertiesTest" time="0.004">
    <system-out><![CDATA[2026-01-30T02:21:51.416+05:30 DEBUG 84883 --- [pet-clinic-backend] [           main] c.p.b.s.impl.EncryptionServiceImpl       : Data encrypted successfully
2026-01-30T02:21:51.416+05:30 DEBUG 84883 --- [pet-clinic-backend] [           main] c.p.b.s.impl.EncryptionServiceImpl       : Data encrypted successfully
2026-01-30T02:21:51.416+05:30 DEBUG 84883 --- [pet-clinic-backend] [           main] c.p.backend.service.impl.PetServiceImpl  : Creating new pet: Pet{id=null, name='Original', species='Dog', breed='Labrador', birthDate=2024-01-30, age=2}
2026-01-30T02:21:51.416+05:30  INFO 84883 --- [pet-clinic-backend] [           main] c.p.backend.service.impl.PetServiceImpl  : Created pet with ID: 7739
2026-01-30T02:21:51.417+05:30  INFO 84883 --- [pet-clinic-backend] [           main] c.p.b.service.impl.AuditServiceImpl      : Audit log created: user=system, action=CREATE, resource=Pet, resourceId=7739
2026-01-30T02:21:51.417+05:30 DEBUG 84883 --- [pet-clinic-backend] [           main] c.p.backend.service.impl.PetServiceImpl  : Updating pet with ID: 7739
2026-01-30T02:21:51.417+05:30  INFO 84883 --- [pet-clinic-backend] [           main] c.p.backend.service.impl.PetServiceImpl  : Updated pet with ID: 7739
2026-01-30T02:21:51.417+05:30  INFO 84883 --- [pet-clinic-backend] [           main] c.p.b.service.impl.AuditServiceImpl      : Audit log created: user=system, action=UPDATE, resource=Pet, resourceId=7739
2026-01-30T02:21:51.417+05:30 DEBUG 84883 --- [pet-clinic-backend] [           main] c.p.backend.service.impl.PetServiceImpl  : Finding pet by ID: 7739
2026-01-30T02:21:51.417+05:30  INFO 84883 --- [pet-clinic-backend] [           main] c.p.b.service.impl.AuditServiceImpl      : Audit log created: user=system, action=READ, resource=Pet, resourceId=7739
2026-01-30T02:21:51.417+05:30 DEBUG 84883 --- [pet-clinic-backend] [           main] c.p.backend.service.impl.PetServiceImpl  : Updating pet with ID: 7739
2026-01-30T02:21:51.418+05:30  INFO 84883 --- [pet-clinic-backend] [           main] c.p.backend.service.impl.PetServiceImpl  : Updated pet with ID: 7739
2026-01-30T02:21:51.418+05:30  INFO 84883 --- [pet-clinic-backend] [           main] c.p.b.service.impl.AuditServiceImpl      : Audit log created: user=system, action=UPDATE, resource=Pet, resourceId=7739
2026-01-30T02:21:51.418+05:30 DEBUG 84883 --- [pet-clinic-backend] [           main] c.p.backend.service.impl.PetServiceImpl  : Finding pet by ID: 7739
2026-01-30T02:21:51.418+05:30  INFO 84883 --- [pet-clinic-backend] [           main] c.p.b.service.impl.AuditServiceImpl      : Audit log created: user=system, action=READ, resource=Pet, resourceId=7739
2026-01-30T02:21:51.418+05:30 DEBUG 84883 --- [pet-clinic-backend] [           main] c.p.backend.service.impl.PetServiceImpl  : Updating pet with ID: 7739
2026-01-30T02:21:51.418+05:30  INFO 84883 --- [pet-clinic-backend] [           main] c.p.backend.service.impl.PetServiceImpl  : Updated pet with ID: 7739
2026-01-30T02:21:51.418+05:30  INFO 84883 --- [pet-clinic-backend] [           main] c.p.b.service.impl.AuditServiceImpl      : Audit log created: user=system, action=UPDATE, resource=Pet, resourceId=7739
2026-01-30T02:21:51.418+05:30 DEBUG 84883 --- [pet-clinic-backend] [           main] c.p.backend.service.impl.PetServiceImpl  : Finding pet by ID: 7739
2026-01-30T02:21:51.418+05:30  INFO 84883 --- [pet-clinic-backend] [           main] c.p.b.service.impl.AuditServiceImpl      : Audit log created: user=system, action=READ, resource=Pet, resourceId=7739
]]></system-out>
  </testcase>
  <testcase name="testEntityCreationCompleteness" classname="com.petclinic.backend.service.impl.PetServicePropertiesTest" time="0.129">
    <system-out><![CDATA[2026-01-30T02:21:51.421+05:30 DEBUG 84883 --- [pet-clinic-backend] [           main] c.p.b.s.impl.EncryptionServiceImpl       : Data encrypted successfully
2026-01-30T02:21:51.421+05:30 DEBUG 84883 --- [pet-clinic-backend] [           main] c.p.b.s.impl.EncryptionServiceImpl       : Data encrypted successfully
2026-01-30T02:21:51.424+05:30 DEBUG 84883 --- [pet-clinic-backend] [           main] c.p.backend.service.impl.PetServiceImpl  : Creating new pet: Pet{id=null, name='Buddy_Dog_0', species='Dog', breed='Golden Retriever', birthDate=2024-01-30, age=2}
2026-01-30T02:21:51.425+05:30  INFO 84883 --- [pet-clinic-backend] [           main] c.p.backend.service.impl.PetServiceImpl  : Created pet with ID: 7740
2026-01-30T02:21:51.425+05:30  INFO 84883 --- [pet-clinic-backend] [           main] c.p.b.service.impl.AuditServiceImpl      : Audit log created: user=system, action=CREATE, resource=Pet, resourceId=7740
2026-01-30T02:21:51.426+05:30 DEBUG 84883 --- [pet-clinic-backend] [           main] c.p.backend.service.impl.PetServiceImpl  : Finding pet by ID: 7740
2026-01-30T02:21:51.427+05:30  INFO 84883 --- [pet-clinic-backend] [           main] c.p.b.service.impl.AuditServiceImpl      : Audit log created: user=system, action=READ, resource=Pet, resourceId=7740
2026-01-30T02:21:51.427+05:30 DEBUG 84883 --- [pet-clinic-backend] [           main] c.p.backend.service.impl.PetServiceImpl  : Creating new pet: Pet{id=null, name='Buddy_Dog_1', species='Dog', breed='Persian', birthDate=2024-01-30, age=2}
2026-01-30T02:21:51.428+05:30  INFO 84883 --- [pet-clinic-backend] [           main] c.p.backend.service.impl.PetServiceImpl  : Created pet with ID: 7741
2026-01-30T02:21:51.428+05:30  INFO 84883 --- [pet-clinic-backend] [           main] c.p.b.service.impl.AuditServiceImpl      : Audit log created: user=system, action=CREATE, resource=Pet, resourceId=7741
2026-01-30T02:21:51.428+05:30 DEBUG 84883 --- [pet-clinic-backend] [           main] c.p.backend.service.impl.PetServiceImpl  : Finding pet by ID: 7741
2026-01-30T02:21:51.428+05:30  INFO 84883 --- [pet-clinic-backend] [           main] c.p.b.service.impl.AuditServiceImpl      : Audit log created: user=system, action=READ, resource=Pet, resourceId=7741
2026-01-30T02:21:51.428+05:30 DEBUG 84883 --- [pet-clinic-backend] [           main] c.p.backend.service.impl.PetServiceImpl  : Creating new pet: Pet{id=null, name='Buddy_Dog_2', species='Dog', breed='Canary', birthDate=2024-01-30, age=2}
2026-01-30T02:21:51.428+05:30  INFO 84883 --- [pet-clinic-backend] [           main] c.p.backend.service.impl.PetServiceImpl  : Created pet with ID: 7742
2026-01-30T02:21:51.428+05:30  INFO 84883 --- [pet-clinic-backend] [           main] c.p.b.service.impl.AuditServiceImpl      : Audit log created: user=system, action=CREATE, resource=Pet, resourceId=7742
2026-01-30T02:21:51.428+05:30 DEBUG 84883 --- [pet-clinic-backend] [           main] c.p.backend.service.impl.PetServiceImpl  : Finding pet by ID: 7742
2026-01-30T02:21:51.429+05:30  INFO 84883 --- [pet-clinic-backend] [           main] c.p.b.service.impl.AuditServiceImpl      : Audit log created: user=system, action=READ, resource=Pet, resourceId=7742
2026-01-30T02:21:51.429+05:30 DEBUG 84883 --- [pet-clinic-backend] [           main] c.p.backend.service.impl.PetServiceImpl  : Creating new pet: Pet{id=null, name='Buddy_Dog_3', species='Dog', breed='Holland Lop', birthDate=2024-01-30, age=2}
2026-01-30T02:21:51.429+05:30  INFO 84883 --- [pet-clinic-backend] [           main] c.p.backend.service.impl.PetServiceImpl  : Created pet with ID: 7743
2026-01-30T02:21:51.429+05:30  INFO 84883 --- [pet-clinic-backend] [           main] c.p.b.service.impl.AuditServiceImpl      : Audit log created: user=system, action=CREATE, resource=Pet, resourceId=7743
2026-01-30T02:21:51.429+05:30 DEBUG 84883 --- [pet-clinic-backend] [           main] c.p.backend.service.impl.PetServiceImpl  : Finding pet by ID: 7743
2026-01-30T02:21:51.429+05:30  INFO 84883 --- [pet-clinic-backend] [           main] c.p.b.service.impl.AuditServiceImpl      : Audit log created: user=system, action=READ, resource=Pet, resourceId=7743
2026-01-30T02:21:51.429+05:30 DEBUG 84883 --- [pet-clinic-backend] [           main] c.p.backend.service.impl.PetServiceImpl  : Creating new pet: Pet{id=null, name='Buddy_Dog_4', species='Dog', breed='Syrian', birthDate=2024-01-30, age=2}
2026-01-30T02:21:51.429+05:30  INFO 84883 --- [pet-clinic-backend] [           main] c.p.backend.service.impl.PetServiceImpl  : Created pet with ID: 7744
2026-01-30T02:21:51.429+05:30  INFO 84883 --- [pet-clinic-backend] [           main] c.p.b.service.impl.AuditServiceImpl      : Audit log created: user=system, action=CREATE, resource=Pet, resourceId=7744
2026-01-30T02:21:51.429+05:30 DEBUG 84883 --- [pet-clinic-backend] [           main] c.p.backend.service.impl.PetServiceImpl  : Finding pet by ID: 7744
2026-01-30T02:21:51.429+05:30  INFO 84883 --- [pet-clinic-backend] [           main] c.p.b.service.impl.AuditServiceImpl      : Audit log created: user=system, action=READ, resource=Pet, resourceId=7744
2026-01-30T02:21:51.429+05:30 DEBUG 84883 --- [pet-clinic-backend] [           main] c.p.backend.service.impl.PetServiceImpl  : Creating new pet: Pet{id=null, name='Buddy_Cat_0', species='Cat', breed='Golden Retriever', birthDate=2024-01-30, age=2}
2026-01-30T02:21:51.430+05:30  INFO 84883 --- [pet-clinic-backend] [           main] c.p.backend.service.impl.PetServiceImpl  : Created pet with ID: 7745
2026-01-30T02:21:51.430+05:30  INFO 84883 --- [pet-clinic-backend] [           main] c.p.b.service.impl.AuditServiceImpl      : Audit log created: user=system, action=CREATE, resource=Pet, resourceId=7745
2026-01-30T02:21:51.430+05:30 DEBUG 84883 --- [pet-clinic-backend] [           main] c.p.backend.service.impl.PetServiceImpl  : Finding pet by ID: 7745
2026-01-30T02:21:51.430+05:30  INFO 84883 --- [pet-clinic-backend] [           main] c.p.b.service.impl.AuditServiceImpl      : Audit log created: user=system, action=READ, resource=Pet, resourceId=7745
2026-01-30T02:21:51.430+05:30 DEBUG 84883 --- [pet-clinic-backend] [           main] c.p.backend.service.impl.PetServiceImpl  : Creating new pet: Pet{id=null, name='Buddy_Cat_1', species='Cat', breed='Persian', birthDate=2024-01-30, age=2}
2026-01-30T02:21:51.430+05:30  INFO 84883 --- [pet-clinic-backend] [           main] c.p.backend.service.impl.PetServiceImpl  : Created pet with ID: 7746
2026-01-30T02:21:51.430+05:30  INFO 84883 --- [pet-clinic-backend] [           main] c.p.b.service.impl.AuditServiceImpl      : Audit log created: user=system, action=CREATE, resource=Pet, resourceId=7746
2026-01-30T02:21:51.430+05:30 DEBUG 84883 --- [pet-clinic-backend] [           main] c.p.backend.service.impl.PetServiceImpl  : Finding pet by ID: 7746
2026-01-30T02:21:51.430+05:30  INFO 84883 --- [pet-clinic-backend] [           main] c.p.b.service.impl.AuditServiceImpl      : Audit log created: user=system, action=READ, resource=Pet, resourceId=7746
2026-01-30T02:21:51.430+05:30 DEBUG 84883 --- [pet-clinic-backend] [           main] c.p.backend.service.impl.PetServiceImpl  : Creating new pet: Pet{id=null, name='Buddy_Cat_2', species='Cat', breed='Canary', birthDate=2024-01-30, age=2}
2026-01-30T02:21:51.431+05:30  INFO 84883 --- [pet-clinic-backend] [           main] c.p.backend.service.impl.PetServiceImpl  : Created pet with ID: 7747
2026-01-30T02:21:51.431+05:30  INFO 84883 --- [pet-clinic-backend] [           main] c.p.b.service.impl.AuditServiceImpl      : Audit log created: user=system, action=CREATE, resource=Pet, resourceId=7747
2026-01-30T02:21:51.431+05:30 DEBUG 84883 --- [pet-clinic-backend] [           main] c.p.backend.service.impl.PetServiceImpl  : Finding pet by ID: 7747
2026-01-30T02:21:51.431+05:30  INFO 84883 --- [pet-clinic-backend] [           main] c.p.b.service.impl.AuditServiceImpl      : Audit log created: user=system, action=READ, resource=Pet, resourceId=7747
2026-01-30T02:21:51.431+05:30 DEBUG 84883 --- [pet-clinic-backend] [           main] c.p.backend.service.impl.PetServiceImpl  : Creating new pet: Pet{id=null, name='Buddy_Cat_3', species='Cat', breed='Holland Lop', birthDate=2024-01-30, age=2}
2026-01-30T02:21:51.431+05:30  INFO 84883 --- [pet-clinic-backend] [           main] c.p.backend.service.impl.PetServiceImpl  : Created pet with ID: 7748
2026-01-30T02:21:51.431+05:30  INFO 84883 --- [pet-clinic-backend] [           main] c.p.b.service.impl.AuditServiceImpl      : Audit log created: user=system, action=CREATE, resource=Pet, resourceId=7748
2026-01-30T02:21:51.431+05:30 DEBUG 84883 --- [pet-clinic-backend] [           main] c.p.backend.service.impl.PetServiceImpl  : Finding pet by ID: 7748
2026-01-30T02:21:51.431+05:30  INFO 84883 --- [pet-clinic-backend] [           main] c.p.b.service.impl.AuditServiceImpl      : Audit log created: user=system, action=READ, resource=Pet, resourceId=7748
2026-01-30T02:21:51.431+05:30 DEBUG 84883 --- [pet-clinic-backend] [           main] c.p.backend.service.impl.PetServiceImpl  : Creating new pet: Pet{id=null, name='Buddy_Cat_4', species='Cat', breed='Syrian', birthDate=2024-01-30, age=2}
2026-01-30T02:21:51.431+05:30  INFO 84883 --- [pet-clinic-backend] [           main] c.p.backend.service.impl.PetServiceImpl  : Created pet with ID: 7749
2026-01-30T02:21:51.431+05:30  INFO 84883 --- [pet-clinic-backend] [           main] c.p.b.service.impl.AuditServiceImpl      : Audit log created: user=system, action=CREATE, resource=Pet, resourceId=7749
2026-01-30T02:21:51.432+05:30 DEBUG 84883 --- [pet-clinic-backend] [           main] c.p.backend.service.impl.PetServiceImpl  : Finding pet by ID: 7749
2026-01-30T02:21:51.432+05:30  INFO 84883 --- [pet-clinic-backend] [           main] c.p.b.service.impl.AuditServiceImpl      : Audit log created: user=system, action=READ, resource=Pet, resourceId=7749
2026-01-30T02:21:51.432+05:30 DEBUG 84883 --- [pet-clinic-backend] [           main] c.p.backend.service.impl.PetServiceImpl  : Creating new pet: Pet{id=null, name='Buddy_Bird_0', species='Bird', breed='Golden Retriever', birthDate=2024-01-30, age=2}
2026-01-30T02:21:51.432+05:30  INFO 84883 --- [pet-clinic-backend] [           main] c.p.backend.service.impl.PetServiceImpl  : Created pet with ID: 7750
2026-01-30T02:21:51.432+05:30  INFO 84883 --- [pet-clinic-backend] [           main] c.p.b.service.impl.AuditServiceImpl      : Audit log created: user=system, action=CREATE, resource=Pet, resourceId=7750
2026-01-30T02:21:51.432+05:30 DEBUG 84883 --- [pet-clinic-backend] [           main] c.p.backend.service.impl.PetServiceImpl  : Finding pet by ID: 7750
2026-01-30T02:21:51.432+05:30  INFO 84883 --- [pet-clinic-backend] [           main] c.p.b.service.impl.AuditServiceImpl      : Audit log created: user=system, action=READ, resource=Pet, resourceId=7750
2026-01-30T02:21:51.432+05:30 DEBUG 84883 --- [pet-clinic-backend] [           main] c.p.backend.service.impl.PetServiceImpl  : Creating new pet: Pet{id=null, name='Buddy_Bird_1', species='Bird', breed='Persian', birthDate=2024-01-30, age=2}
2026-01-30T02:21:51.432+05:30  INFO 84883 --- [pet-clinic-backend] [           main] c.p.backend.service.impl.PetServiceImpl  : Created pet with ID: 7751
2026-01-30T02:21:51.432+05:30  INFO 84883 --- [pet-clinic-backend] [           main] c.p.b.service.impl.AuditServiceImpl      : Audit log created: user=system, action=CREATE, resource=Pet, resourceId=7751
2026-01-30T02:21:51.433+05:30 DEBUG 84883 --- [pet-clinic-backend] [           main] c.p.backend.service.impl.PetServiceImpl  : Finding pet by ID: 7751
2026-01-30T02:21:51.433+05:30  INFO 84883 --- [pet-clinic-backend] [           main] c.p.b.service.impl.AuditServiceImpl      : Audit log created: user=system, action=READ, resource=Pet, resourceId=7751
2026-01-30T02:21:51.433+05:30 DEBUG 84883 --- [pet-clinic-backend] [           main] c.p.backend.service.impl.PetServiceImpl  : Creating new pet: Pet{id=null, name='Buddy_Bird_2', species='Bird', breed='Canary', birthDate=2024-01-30, age=2}
2026-01-30T02:21:51.433+05:30  INFO 84883 --- [pet-clinic-backend] [           main] c.p.backend.service.impl.PetServiceImpl  : Created pet with ID: 7752
2026-01-30T02:21:51.433+05:30  INFO 84883 --- [pet-clinic-backend] [           main] c.p.b.service.impl.AuditServiceImpl      : Audit log created: user=system, action=CREATE, resource=Pet, resourceId=7752
2026-01-30T02:21:51.433+05:30 DEBUG 84883 --- [pet-clinic-backend] [           main] c.p.backend.service.impl.PetServiceImpl  : Finding pet by ID: 7752
2026-01-30T02:21:51.433+05:30  INFO 84883 --- [pet-clinic-backend] [           main] c.p.b.service.impl.AuditServiceImpl      : Audit log created: user=system, action=READ, resource=Pet, resourceId=7752
2026-01-30T02:21:51.433+05:30 DEBUG 84883 --- [pet-clinic-backend] [           main] c.p.backend.service.impl.PetServiceImpl  : Creating new pet: Pet{id=null, name='Buddy_Bird_3', species='Bird', breed='Holland Lop', birthDate=2024-01-30, age=2}
2026-01-30T02:21:51.433+05:30  INFO 84883 --- [pet-clinic-backend] [           main] c.p.backend.service.impl.PetServiceImpl  : Created pet with ID: 7753
2026-01-30T02:21:51.433+05:30  INFO 84883 --- [pet-clinic-backend] [           main] c.p.b.service.impl.AuditServiceImpl      : Audit log created: user=system, action=CREATE, resource=Pet, resourceId=7753
2026-01-30T02:21:51.433+05:30 DEBUG 84883 --- [pet-clinic-backend] [           main] c.p.backend.service.impl.PetServiceImpl  : Finding pet by ID: 7753
2026-01-30T02:21:51.433+05:30  INFO 84883 --- [pet-clinic-backend] [           main] c.p.b.service.impl.AuditServiceImpl      : Audit log created: user=system, action=READ, resource=Pet, resourceId=7753
2026-01-30T02:21:51.433+05:30 DEBUG 84883 --- [pet-clinic-backend] [           main] c.p.backend.service.impl.PetServiceImpl  : Creating new pet: Pet{id=null, name='Buddy_Bird_4', species='Bird', breed='Syrian', birthDate=2024-01-30, age=2}
2026-01-30T02:21:51.434+05:30  INFO 84883 --- [pet-clinic-backend] [           main] c.p.backend.service.impl.PetServiceImpl  : Created pet with ID: 7754
2026-01-30T02:21:51.434+05:30  INFO 84883 --- [pet-clinic-backend] [           main] c.p.b.service.impl.AuditServiceImpl      : Audit log created: user=system, action=CREATE, resource=Pet, resourceId=7754
2026-01-30T02:21:51.434+05:30 DEBUG 84883 --- [pet-clinic-backend] [           main] c.p.backend.service.impl.PetServiceImpl  : Finding pet by ID: 7754
2026-01-30T02:21:51.434+05:30  INFO 84883 --- [pet-clinic-backend] [           main] c.p.b.service.impl.AuditServiceImpl      : Audit log created: user=system, action=READ, resource=Pet, resourceId=7754
2026-01-30T02:21:51.434+05:30 DEBUG 84883 --- [pet-clinic-backend] [           main] c.p.backend.service.impl.PetServiceImpl  : Creating new pet: Pet{id=null, name='Buddy_Rabbit_0', species='Rabbit', breed='Golden Retriever', birthDate=2024-01-30, age=2}
2026-01-30T02:21:51.434+05:30  INFO 84883 --- [pet-clinic-backend] [           main] c.p.backend.service.impl.PetServiceImpl  : Created pet with ID: 7755
2026-01-30T02:21:51.434+05:30  INFO 84883 --- [pet-clinic-backend] [           main] c.p.b.service.impl.AuditServiceImpl      : Audit log created: user=system, action=CREATE, resource=Pet, resourceId=7755
2026-01-30T02:21:51.434+05:30 DEBUG 84883 --- [pet-clinic-backend] [           main] c.p.backend.service.impl.PetServiceImpl  : Finding pet by ID: 7755
2026-01-30T02:21:51.434+05:30  INFO 84883 --- [pet-clinic-backend] [           main] c.p.b.service.impl.AuditServiceImpl      : Audit log created: user=system, action=READ, resource=Pet, resourceId=7755
2026-01-30T02:21:51.434+05:30 DEBUG 84883 --- [pet-clinic-backend] [           main] c.p.backend.service.impl.PetServiceImpl  : Creating new pet: Pet{id=null, name='Buddy_Rabbit_1', species='Rabbit', breed='Persian', birthDate=2024-01-30, age=2}
2026-01-30T02:21:51.435+05:30  INFO 84883 --- [pet-clinic-backend] [           main] c.p.backend.service.impl.PetServiceImpl  : Created pet with ID: 7756
2026-01-30T02:21:51.435+05:30  INFO 84883 --- [pet-clinic-backend] [           main] c.p.b.service.impl.AuditServiceImpl      : Audit log created: user=system, action=CREATE, resource=Pet, resourceId=7756
2026-01-30T02:21:51.435+05:30 DEBUG 84883 --- [pet-clinic-backend] [           main] c.p.backend.service.impl.PetServiceImpl  : Finding pet by ID: 7756
2026-01-30T02:21:51.435+05:30  INFO 84883 --- [pet-clinic-backend] [           main] c.p.b.service.impl.AuditServiceImpl      : Audit log created: user=system, action=READ, resource=Pet, resourceId=7756
2026-01-30T02:21:51.435+05:30 DEBUG 84883 --- [pet-clinic-backend] [           main] c.p.backend.service.impl.PetServiceImpl  : Creating new pet: Pet{id=null, name='Buddy_Rabbit_2', species='Rabbit', breed='Canary', birthDate=2024-01-30, age=2}
2026-01-30T02:21:51.435+05:30  INFO 84883 --- [pet-clinic-backend] [           main] c.p.backend.service.impl.PetServiceImpl  : Created pet with ID: 7757
2026-01-30T02:21:51.435+05:30  INFO 84883 --- [pet-clinic-backend] [           main] c.p.b.service.impl.AuditServiceImpl      : Audit log created: user=system, action=CREATE, resource=Pet, resourceId=7757
2026-01-30T02:21:51.435+05:30 DEBUG 84883 --- [pet-clinic-backend] [           main] c.p.backend.service.impl.PetServiceImpl  : Finding pet by ID: 7757
2026-01-30T02:21:51.435+05:30  INFO 84883 --- [pet-clinic-backend] [           main] c.p.b.service.impl.AuditServiceImpl      : Audit log created: user=system, action=READ, resource=Pet, resourceId=7757
2026-01-30T02:21:51.435+05:30 DEBUG 84883 --- [pet-clinic-backend] [           main] c.p.backend.service.impl.PetServiceImpl  : Creating new pet: Pet{id=null, name='Buddy_Rabbit_3', species='Rabbit', breed='Holland Lop', birthDate=2024-01-30, age=2}
2026-01-30T02:21:51.435+05:30  INFO 84883 --- [pet-clinic-backend] [           main] c.p.backend.service.impl.PetServiceImpl  : Created pet with ID: 7758
2026-01-30T02:21:51.435+05:30  INFO 84883 --- [pet-clinic-backend] [           main] c.p.b.service.impl.AuditServiceImpl      : Audit log created: user=system, action=CREATE, resource=Pet, resourceId=7758
2026-01-30T02:21:51.435+05:30 DEBUG 84883 --- [pet-clinic-backend] [           main] c.p.backend.service.impl.PetServiceImpl  : Finding pet by ID: 7758
2026-01-30T02:21:51.435+05:30  INFO 84883 --- [pet-clinic-backend] [           main] c.p.b.service.impl.AuditServiceImpl      : Audit log created: user=system, action=READ, resource=Pet, resourceId=7758
2026-01-30T02:21:51.435+05:30 DEBUG 84883 --- [pet-clinic-backend] [           main] c.p.backend.service.impl.PetServiceImpl  : Creating new pet: Pet{id=null, name='Buddy_Rabbit_4', species='Rabbit', breed='Syrian', birthDate=2024-01-30, age=2}
2026-01-30T02:21:51.436+05:30  INFO 84883 --- [pet-clinic-backend] [           main] c.p.backend.service.impl.PetServiceImpl  : Created pet with ID: 7759
2026-01-30T02:21:51.436+05:30  INFO 84883 --- [pet-clinic-backend] [           main] c.p.b.service.impl.AuditServiceImpl      : Audit log created: user=system, action=CREATE, resource=Pet, resourceId=7759
2026-01-30T02:21:51.436+05:30 DEBUG 84883 --- [pet-clinic-backend] [           main] c.p.backend.service.impl.PetServiceImpl  : Finding pet by ID: 7759
2026-01-30T02:21:51.436+05:30  INFO 84883 --- [pet-clinic-backend] [           main] c.p.b.service.impl.AuditServiceImpl      : Audit log created: user=system, action=READ, resource=Pet, resourceId=7759
2026-01-30T02:21:51.436+05:30 DEBUG 84883 --- [pet-clinic-backend] [           main] c.p.backend.service.impl.PetServiceImpl  : Creating new pet: Pet{id=null, name='Buddy_Hamster_0', species='Hamster', breed='Golden Retriever', birthDate=2024-01-30, age=2}
2026-01-30T02:21:51.436+05:30  INFO 84883 --- [pet-clinic-backend] [           main] c.p.backend.service.impl.PetServiceImpl  : Created pet with ID: 7760
2026-01-30T02:21:51.436+05:30  INFO 84883 --- [pet-clinic-backend] [           main] c.p.b.service.impl.AuditServiceImpl      : Audit log created: user=system, action=CREATE, resource=Pet, resourceId=7760
2026-01-30T02:21:51.436+05:30 DEBUG 84883 --- [pet-clinic-backend] [           main] c.p.backend.service.impl.PetServiceImpl  : Finding pet by ID: 7760
2026-01-30T02:21:51.437+05:30  INFO 84883 --- [pet-clinic-backend] [           main] c.p.b.service.impl.AuditServiceImpl      : Audit log created: user=system, action=READ, resource=Pet, resourceId=7760
2026-01-30T02:21:51.437+05:30 DEBUG 84883 --- [pet-clinic-backend] [           main] c.p.backend.service.impl.PetServiceImpl  : Creating new pet: Pet{id=null, name='Buddy_Hamster_1', species='Hamster', breed='Persian', birthDate=2024-01-30, age=2}
2026-01-30T02:21:51.437+05:30  INFO 84883 --- [pet-clinic-backend] [           main] c.p.backend.service.impl.PetServiceImpl  : Created pet with ID: 7761
2026-01-30T02:21:51.437+05:30  INFO 84883 --- [pet-clinic-backend] [           main] c.p.b.service.impl.AuditServiceImpl      : Audit log created: user=system, action=CREATE, resource=Pet, resourceId=7761
2026-01-30T02:21:51.437+05:30 DEBUG 84883 --- [pet-clinic-backend] [           main] c.p.backend.service.impl.PetServiceImpl  : Finding pet by ID: 7761
2026-01-30T02:21:51.437+05:30  INFO 84883 --- [pet-clinic-backend] [           main] c.p.b.service.impl.AuditServiceImpl      : Audit log created: user=system, action=READ, resource=Pet, resourceId=7761
2026-01-30T02:21:51.437+05:30 DEBUG 84883 --- [pet-clinic-backend] [           main] c.p.backend.service.impl.PetServiceImpl  : Creating new pet: Pet{id=null, name='Buddy_Hamster_2', species='Hamster', breed='Canary', birthDate=2024-01-30, age=2}
2026-01-30T02:21:51.438+05:30  INFO 84883 --- [pet-clinic-backend] [           main] c.p.backend.service.impl.PetServiceImpl  : Created pet with ID: 7762
2026-01-30T02:21:51.438+05:30  INFO 84883 --- [pet-clinic-backend] [           main] c.p.b.service.impl.AuditServiceImpl      : Audit log created: user=system, action=CREATE, resource=Pet, resourceId=7762
2026-01-30T02:21:51.438+05:30 DEBUG 84883 --- [pet-clinic-backend] [           main] c.p.backend.service.impl.PetServiceImpl  : Finding pet by ID: 7762
2026-01-30T02:21:51.438+05:30  INFO 84883 --- [pet-clinic-backend] [           main] c.p.b.service.impl.AuditServiceImpl      : Audit log created: user=system, action=READ, resource=Pet, resourceId=7762
2026-01-30T02:21:51.438+05:30 DEBUG 84883 --- [pet-clinic-backend] [           main] c.p.backend.service.impl.PetServiceImpl  : Creating new pet: Pet{id=null, name='Buddy_Hamster_3', species='Hamster', breed='Holland Lop', birthDate=2024-01-30, age=2}
2026-01-30T02:21:51.438+05:30  INFO 84883 --- [pet-clinic-backend] [           main] c.p.backend.service.impl.PetServiceImpl  : Created pet with ID: 7763
2026-01-30T02:21:51.438+05:30  INFO 84883 --- [pet-clinic-backend] [           main] c.p.b.service.impl.AuditServiceImpl      : Audit log created: user=system, action=CREATE, resource=Pet, resourceId=7763
2026-01-30T02:21:51.438+05:30 DEBUG 84883 --- [pet-clinic-backend] [           main] c.p.backend.service.impl.PetServiceImpl  : Finding pet by ID: 7763
2026-01-30T02:21:51.438+05:30  INFO 84883 --- [pet-clinic-backend] [           main] c.p.b.service.impl.AuditServiceImpl      : Audit log created: user=system, action=READ, resource=Pet, resourceId=7763
2026-01-30T02:21:51.439+05:30 DEBUG 84883 --- [pet-clinic-backend] [           main] c.p.backend.service.impl.PetServiceImpl  : Creating new pet: Pet{id=null, name='Buddy_Hamster_4', species='Hamster', breed='Syrian', birthDate=2024-01-30, age=2}
2026-01-30T02:21:51.439+05:30  INFO 84883 --- [pet-clinic-backend] [           main] c.p.backend.service.impl.PetServiceImpl  : Created pet with ID: 7764
2026-01-30T02:21:51.439+05:30  INFO 84883 --- [pet-clinic-backend] [           main] c.p.b.service.impl.AuditServiceImpl      : Audit log created: user=system, action=CREATE, resource=Pet, resourceId=7764
2026-01-30T02:21:51.439+05:30 DEBUG 84883 --- [pet-clinic-backend] [           main] c.p.backend.service.impl.PetServiceImpl  : Finding pet by ID: 7764
2026-01-30T02:21:51.439+05:30  INFO 84883 --- [pet-clinic-backend] [           main] c.p.b.service.impl.AuditServiceImpl      : Audit log created: user=system, action=READ, resource=Pet, resourceId=7764
2026-01-30T02:21:51.439+05:30 DEBUG 84883 --- [pet-clinic-backend] [           main] c.p.backend.service.impl.PetServiceImpl  : Creating new pet: Pet{id=null, name='Max_Dog_0', species='Dog', breed='Golden Retriever', birthDate=2024-01-30, age=2}
2026-01-30T02:21:51.440+05:30  INFO 84883 --- [pet-clinic-backend] [           main] c.p.backend.service.impl.PetServiceImpl  : Created pet with ID: 7765
2026-01-30T02:21:51.440+05:30  INFO 84883 --- [pet-clinic-backend] [           main] c.p.b.service.impl.AuditServiceImpl      : Audit log created: user=system, action=CREATE, resource=Pet, resourceId=7765
2026-01-30T02:21:51.440+05:30 DEBUG 84883 --- [pet-clinic-backend] [           main] c.p.backend.service.impl.PetServiceImpl  : Finding pet by ID: 7765
2026-01-30T02:21:51.440+05:30  INFO 84883 --- [pet-clinic-backend] [           main] c.p.b.service.impl.AuditServiceImpl      : Audit log created: user=system, action=READ, resource=Pet, resourceId=7765
2026-01-30T02:21:51.440+05:30 DEBUG 84883 --- [pet-clinic-backend] [           main] c.p.backend.service.impl.PetServiceImpl  : Creating new pet: Pet{id=null, name='Max_Dog_1', species='Dog', breed='Persian', birthDate=2024-01-30, age=2}
2026-01-30T02:21:51.441+05:30  INFO 84883 --- [pet-clinic-backend] [           main] c.p.backend.service.impl.PetServiceImpl  : Created pet with ID: 7766
2026-01-30T02:21:51.441+05:30  INFO 84883 --- [pet-clinic-backend] [           main] c.p.b.service.impl.AuditServiceImpl      : Audit log created: user=system, action=CREATE, resource=Pet, resourceId=7766
2026-01-30T02:21:51.441+05:30 DEBUG 84883 --- [pet-clinic-backend] [           main] c.p.backend.service.impl.PetServiceImpl  : Finding pet by ID: 7766
2026-01-30T02:21:51.441+05:30  INFO 84883 --- [pet-clinic-backend] [           main] c.p.b.service.impl.AuditServiceImpl      : Audit log created: user=system, action=READ, resource=Pet, resourceId=7766
2026-01-30T02:21:51.441+05:30 DEBUG 84883 --- [pet-clinic-backend] [           main] c.p.backend.service.impl.PetServiceImpl  : Creating new pet: Pet{id=null, name='Max_Dog_2', species='Dog', breed='Canary', birthDate=2024-01-30, age=2}
2026-01-30T02:21:51.441+05:30  INFO 84883 --- [pet-clinic-backend] [           main] c.p.backend.service.impl.PetServiceImpl  : Created pet with ID: 7767
2026-01-30T02:21:51.441+05:30  INFO 84883 --- [pet-clinic-backend] [           main] c.p.b.service.impl.AuditServiceImpl      : Audit log created: user=system, action=CREATE, resource=Pet, resourceId=7767
2026-01-30T02:21:51.441+05:30 DEBUG 84883 --- [pet-clinic-backend] [           main] c.p.backend.service.impl.PetServiceImpl  : Finding pet by ID: 7767
2026-01-30T02:21:51.441+05:30  INFO 84883 --- [pet-clinic-backend] [           main] c.p.b.service.impl.AuditServiceImpl      : Audit log created: user=system, action=READ, resource=Pet, resourceId=7767
2026-01-30T02:21:51.441+05:30 DEBUG 84883 --- [pet-clinic-backend] [           main] c.p.backend.service.impl.PetServiceImpl  : Creating new pet: Pet{id=null, name='Max_Dog_3', species='Dog', breed='Holland Lop', birthDate=2024-01-30, age=2}
2026-01-30T02:21:51.442+05:30  INFO 84883 --- [pet-clinic-backend] [           main] c.p.backend.service.impl.PetServiceImpl  : Created pet with ID: 7768
2026-01-30T02:21:51.442+05:30  INFO 84883 --- [pet-clinic-backend] [           main] c.p.b.service.impl.AuditServiceImpl      : Audit log created: user=system, action=CREATE, resource=Pet, resourceId=7768
2026-01-30T02:21:51.442+05:30 DEBUG 84883 --- [pet-clinic-backend] [           main] c.p.backend.service.impl.PetServiceImpl  : Finding pet by ID: 7768
2026-01-30T02:21:51.442+05:30  INFO 84883 --- [pet-clinic-backend] [           main] c.p.b.service.impl.AuditServiceImpl      : Audit log created: user=system, action=READ, resource=Pet, resourceId=7768
2026-01-30T02:21:51.442+05:30 DEBUG 84883 --- [pet-clinic-backend] [           main] c.p.backend.service.impl.PetServiceImpl  : Creating new pet: Pet{id=null, name='Max_Dog_4', species='Dog', breed='Syrian', birthDate=2024-01-30, age=2}
2026-01-30T02:21:51.442+05:30  INFO 84883 --- [pet-clinic-backend] [           main] c.p.backend.service.impl.PetServiceImpl  : Created pet with ID: 7769
2026-01-30T02:21:51.442+05:30  INFO 84883 --- [pet-clinic-backend] [           main] c.p.b.service.impl.AuditServiceImpl      : Audit log created: user=system, action=CREATE, resource=Pet, resourceId=7769
2026-01-30T02:21:51.442+05:30 DEBUG 84883 --- [pet-clinic-backend] [           main] c.p.backend.service.impl.PetServiceImpl  : Finding pet by ID: 7769
2026-01-30T02:21:51.442+05:30  INFO 84883 --- [pet-clinic-backend] [           main] c.p.b.service.impl.AuditServiceImpl      : Audit log created: user=system, action=READ, resource=Pet, resourceId=7769
2026-01-30T02:21:51.442+05:30 DEBUG 84883 --- [pet-clinic-backend] [           main] c.p.backend.service.impl.PetServiceImpl  : Creating new pet: Pet{id=null, name='Max_Cat_0', species='Cat', breed='Golden Retriever', birthDate=2024-01-30, age=2}
2026-01-30T02:21:51.443+05:30  INFO 84883 --- [pet-clinic-backend] [           main] c.p.backend.service.impl.PetServiceImpl  : Created pet with ID: 7770
2026-01-30T02:21:51.443+05:30  INFO 84883 --- [pet-clinic-backend] [           main] c.p.b.service.impl.AuditServiceImpl      : Audit log created: user=system, action=CREATE, resource=Pet, resourceId=7770
2026-01-30T02:21:51.443+05:30 DEBUG 84883 --- [pet-clinic-backend] [           main] c.p.backend.service.impl.PetServiceImpl  : Finding pet by ID: 7770
2026-01-30T02:21:51.443+05:30  INFO 84883 --- [pet-clinic-backend] [           main] c.p.b.service.impl.AuditServiceImpl      : Audit log created: user=system, action=READ, resource=Pet, resourceId=7770
2026-01-30T02:21:51.443+05:30 DEBUG 84883 --- [pet-clinic-backend] [           main] c.p.backend.service.impl.PetServiceImpl  : Creating new pet: Pet{id=null, name='Max_Cat_1', species='Cat', breed='Persian', birthDate=2024-01-30, age=2}
2026-01-30T02:21:51.443+05:30  INFO 84883 --- [pet-clinic-backend] [           main] c.p.backend.service.impl.PetServiceImpl  : Created pet with ID: 7771
2026-01-30T02:21:51.443+05:30  INFO 84883 --- [pet-clinic-backend] [           main] c.p.b.service.impl.AuditServiceImpl      : Audit log created: user=system, action=CREATE, resource=Pet, resourceId=7771
2026-01-30T02:21:51.443+05:30 DEBUG 84883 --- [pet-clinic-backend] [           main] c.p.backend.service.impl.PetServiceImpl  : Finding pet by ID: 7771
2026-01-30T02:21:51.443+05:30  INFO 84883 --- [pet-clinic-backend] [           main] c.p.b.service.impl.AuditServiceImpl      : Audit log created: user=system, action=READ, resource=Pet, resourceId=7771
2026-01-30T02:21:51.443+05:30 DEBUG 84883 --- [pet-clinic-backend] [           main] c.p.backend.service.impl.PetServiceImpl  : Creating new pet: Pet{id=null, name='Max_Cat_2', species='Cat', breed='Canary', birthDate=2024-01-30, age=2}
2026-01-30T02:21:51.444+05:30  INFO 84883 --- [pet-clinic-backend] [           main] c.p.backend.service.impl.PetServiceImpl  : Created pet with ID: 7772
2026-01-30T02:21:51.444+05:30  INFO 84883 --- [pet-clinic-backend] [           main] c.p.b.service.impl.AuditServiceImpl      : Audit log created: user=system, action=CREATE, resource=Pet, resourceId=7772
2026-01-30T02:21:51.444+05:30 DEBUG 84883 --- [pet-clinic-backend] [           main] c.p.backend.service.impl.PetServiceImpl  : Finding pet by ID: 7772
2026-01-30T02:21:51.444+05:30  INFO 84883 --- [pet-clinic-backend] [           main] c.p.b.service.impl.AuditServiceImpl      : Audit log created: user=system, action=READ, resource=Pet, resourceId=7772
2026-01-30T02:21:51.444+05:30 DEBUG 84883 --- [pet-clinic-backend] [           main] c.p.backend.service.impl.PetServiceImpl  : Creating new pet: Pet{id=null, name='Max_Cat_3', species='Cat', breed='Holland Lop', birthDate=2024-01-30, age=2}
2026-01-30T02:21:51.444+05:30  INFO 84883 --- [pet-clinic-backend] [           main] c.p.backend.service.impl.PetServiceImpl  : Created pet with ID: 7773
2026-01-30T02:21:51.444+05:30  INFO 84883 --- [pet-clinic-backend] [           main] c.p.b.service.impl.AuditServiceImpl      : Audit log created: user=system, action=CREATE, resource=Pet, resourceId=7773
2026-01-30T02:21:51.444+05:30 DEBUG 84883 --- [pet-clinic-backend] [           main] c.p.backend.service.impl.PetServiceImpl  : Finding pet by ID: 7773
2026-01-30T02:21:51.444+05:30  INFO 84883 --- [pet-clinic-backend] [           main] c.p.b.service.impl.AuditServiceImpl      : Audit log created: user=system, action=READ, resource=Pet, resourceId=7773
2026-01-30T02:21:51.444+05:30 DEBUG 84883 --- [pet-clinic-backend] [           main] c.p.backend.service.impl.PetServiceImpl  : Creating new pet: Pet{id=null, name='Max_Cat_4', species='Cat', breed='Syrian', birthDate=2024-01-30, age=2}
2026-01-30T02:21:51.445+05:30  INFO 84883 --- [pet-clinic-backend] [           main] c.p.backend.service.impl.PetServiceImpl  : Created pet with ID: 7774
2026-01-30T02:21:51.445+05:30  INFO 84883 --- [pet-clinic-backend] [           main] c.p.b.service.impl.AuditServiceImpl      : Audit log created: user=system, action=CREATE, resource=Pet, resourceId=7774
2026-01-30T02:21:51.445+05:30 DEBUG 84883 --- [pet-clinic-backend] [           main] c.p.backend.service.impl.PetServiceImpl  : Finding pet by ID: 7774
2026-01-30T02:21:51.445+05:30  INFO 84883 --- [pet-clinic-backend] [           main] c.p.b.service.impl.AuditServiceImpl      : Audit log created: user=system, action=READ, resource=Pet, resourceId=7774
2026-01-30T02:21:51.445+05:30 DEBUG 84883 --- [pet-clinic-backend] [           main] c.p.backend.service.impl.PetServiceImpl  : Creating new pet: Pet{id=null, name='Max_Bird_0', species='Bird', breed='Golden Retriever', birthDate=2024-01-30, age=2}
2026-01-30T02:21:51.445+05:30  INFO 84883 --- [pet-clinic-backend] [           main] c.p.backend.service.impl.PetServiceImpl  : Created pet with ID: 7775
2026-01-30T02:21:51.445+05:30  INFO 84883 --- [pet-clinic-backend] [           main] c.p.b.service.impl.AuditServiceImpl      : Audit log created: user=system, action=CREATE, resource=Pet, resourceId=7775
2026-01-30T02:21:51.445+05:30 DEBUG 84883 --- [pet-clinic-backend] [           main] c.p.backend.service.impl.PetServiceImpl  : Finding pet by ID: 7775
2026-01-30T02:21:51.445+05:30  INFO 84883 --- [pet-clinic-backend] [           main] c.p.b.service.impl.AuditServiceImpl      : Audit log created: user=system, action=READ, resource=Pet, resourceId=7775
2026-01-30T02:21:51.445+05:30 DEBUG 84883 --- [pet-clinic-backend] [           main] c.p.backend.service.impl.PetServiceImpl  : Creating new pet: Pet{id=null, name='Max_Bird_1', species='Bird', breed='Persian', birthDate=2024-01-30, age=2}
2026-01-30T02:21:51.446+05:30  INFO 84883 --- [pet-clinic-backend] [           main] c.p.backend.service.impl.PetServiceImpl  : Created pet with ID: 7776
2026-01-30T02:21:51.446+05:30  INFO 84883 --- [pet-clinic-backend] [           main] c.p.b.service.impl.AuditServiceImpl      : Audit log created: user=system, action=CREATE, resource=Pet, resourceId=7776
2026-01-30T02:21:51.446+05:30 DEBUG 84883 --- [pet-clinic-backend] [           main] c.p.backend.service.impl.PetServiceImpl  : Finding pet by ID: 7776
2026-01-30T02:21:51.446+05:30  INFO 84883 --- [pet-clinic-backend] [           main] c.p.b.service.impl.AuditServiceImpl      : Audit log created: user=system, action=READ, resource=Pet, resourceId=7776
2026-01-30T02:21:51.446+05:30 DEBUG 84883 --- [pet-clinic-backend] [           main] c.p.backend.service.impl.PetServiceImpl  : Creating new pet: Pet{id=null, name='Max_Bird_2', species='Bird', breed='Canary', birthDate=2024-01-30, age=2}
2026-01-30T02:21:51.446+05:30  INFO 84883 --- [pet-clinic-backend] [           main] c.p.backend.service.impl.PetServiceImpl  : Created pet with ID: 7777
2026-01-30T02:21:51.447+05:30  INFO 84883 --- [pet-clinic-backend] [           main] c.p.b.service.impl.AuditServiceImpl      : Audit log created: user=system, action=CREATE, resource=Pet, resourceId=7777
2026-01-30T02:21:51.447+05:30 DEBUG 84883 --- [pet-clinic-backend] [           main] c.p.backend.service.impl.PetServiceImpl  : Finding pet by ID: 7777
2026-01-30T02:21:51.447+05:30  INFO 84883 --- [pet-clinic-backend] [           main] c.p.b.service.impl.AuditServiceImpl      : Audit log created: user=system, action=READ, resource=Pet, resourceId=7777
2026-01-30T02:21:51.447+05:30 DEBUG 84883 --- [pet-clinic-backend] [           main] c.p.backend.service.impl.PetServiceImpl  : Creating new pet: Pet{id=null, name='Max_Bird_3', species='Bird', breed='Holland Lop', birthDate=2024-01-30, age=2}
2026-01-30T02:21:51.447+05:30  INFO 84883 --- [pet-clinic-backend] [           main] c.p.backend.service.impl.PetServiceImpl  : Created pet with ID: 7778
2026-01-30T02:21:51.447+05:30  INFO 84883 --- [pet-clinic-backend] [           main] c.p.b.service.impl.AuditServiceImpl      : Audit log created: user=system, action=CREATE, resource=Pet, resourceId=7778
2026-01-30T02:21:51.447+05:30 DEBUG 84883 --- [pet-clinic-backend] [           main] c.p.backend.service.impl.PetServiceImpl  : Finding pet by ID: 7778
2026-01-30T02:21:51.447+05:30  INFO 84883 --- [pet-clinic-backend] [           main] c.p.b.service.impl.AuditServiceImpl      : Audit log created: user=system, action=READ, resource=Pet, resourceId=7778
2026-01-30T02:21:51.447+05:30 DEBUG 84883 --- [pet-clinic-backend] [           main] c.p.backend.service.impl.PetServiceImpl  : Creating new pet: Pet{id=null, name='Max_Bird_4', species='Bird', breed='Syrian', birthDate=2024-01-30, age=2}
2026-01-30T02:21:51.448+05:30  INFO 84883 --- [pet-clinic-backend] [           main] c.p.backend.service.impl.PetServiceImpl  : Created pet with ID: 7779
2026-01-30T02:21:51.448+05:30  INFO 84883 --- [pet-clinic-backend] [           main] c.p.b.service.impl.AuditServiceImpl      : Audit log created: user=system, action=CREATE, resource=Pet, resourceId=7779
2026-01-30T02:21:51.448+05:30 DEBUG 84883 --- [pet-clinic-backend] [           main] c.p.backend.service.impl.PetServiceImpl  : Finding pet by ID: 7779
2026-01-30T02:21:51.448+05:30  INFO 84883 --- [pet-clinic-backend] [           main] c.p.b.service.impl.AuditServiceImpl      : Audit log created: user=system, action=READ, resource=Pet, resourceId=7779
2026-01-30T02:21:51.448+05:30 DEBUG 84883 --- [pet-clinic-backend] [           main] c.p.backend.service.impl.PetServiceImpl  : Creating new pet: Pet{id=null, name='Max_Rabbit_0', species='Rabbit', breed='Golden Retriever', birthDate=2024-01-30, age=2}
2026-01-30T02:21:51.448+05:30  INFO 84883 --- [pet-clinic-backend] [           main] c.p.backend.service.impl.PetServiceImpl  : Created pet with ID: 7780
2026-01-30T02:21:51.448+05:30  INFO 84883 --- [pet-clinic-backend] [           main] c.p.b.service.impl.AuditServiceImpl      : Audit log created: user=system, action=CREATE, resource=Pet, resourceId=7780
2026-01-30T02:21:51.448+05:30 DEBUG 84883 --- [pet-clinic-backend] [           main] c.p.backend.service.impl.PetServiceImpl  : Finding pet by ID: 7780
2026-01-30T02:21:51.448+05:30  INFO 84883 --- [pet-clinic-backend] [           main] c.p.b.service.impl.AuditServiceImpl      : Audit log created: user=system, action=READ, resource=Pet, resourceId=7780
2026-01-30T02:21:51.448+05:30 DEBUG 84883 --- [pet-clinic-backend] [           main] c.p.backend.service.impl.PetServiceImpl  : Creating new pet: Pet{id=null, name='Max_Rabbit_1', species='Rabbit', breed='Persian', birthDate=2024-01-30, age=2}
2026-01-30T02:21:51.449+05:30  INFO 84883 --- [pet-clinic-backend] [           main] c.p.backend.service.impl.PetServiceImpl  : Created pet with ID: 7781
2026-01-30T02:21:51.449+05:30  INFO 84883 --- [pet-clinic-backend] [           main] c.p.b.service.impl.AuditServiceImpl      : Audit log created: user=system, action=CREATE, resource=Pet, resourceId=7781
2026-01-30T02:21:51.449+05:30 DEBUG 84883 --- [pet-clinic-backend] [           main] c.p.backend.service.impl.PetServiceImpl  : Finding pet by ID: 7781
2026-01-30T02:21:51.449+05:30  INFO 84883 --- [pet-clinic-backend] [           main] c.p.b.service.impl.AuditServiceImpl      : Audit log created: user=system, action=READ, resource=Pet, resourceId=7781
2026-01-30T02:21:51.449+05:30 DEBUG 84883 --- [pet-clinic-backend] [           main] c.p.backend.service.impl.PetServiceImpl  : Creating new pet: Pet{id=null, name='Max_Rabbit_2', species='Rabbit', breed='Canary', birthDate=2024-01-30, age=2}
2026-01-30T02:21:51.449+05:30  INFO 84883 --- [pet-clinic-backend] [           main] c.p.backend.service.impl.PetServiceImpl  : Created pet with ID: 7782
2026-01-30T02:21:51.450+05:30  INFO 84883 --- [pet-clinic-backend] [           main] c.p.b.service.impl.AuditServiceImpl      : Audit log created: user=system, action=CREATE, resource=Pet, resourceId=7782
2026-01-30T02:21:51.450+05:30 DEBUG 84883 --- [pet-clinic-backend] [           main] c.p.backend.service.impl.PetServiceImpl  : Finding pet by ID: 7782
2026-01-30T02:21:51.450+05:30  INFO 84883 --- [pet-clinic-backend] [           main] c.p.b.service.impl.AuditServiceImpl      : Audit log created: user=system, action=READ, resource=Pet, resourceId=7782
2026-01-30T02:21:51.450+05:30 DEBUG 84883 --- [pet-clinic-backend] [           main] c.p.backend.service.impl.PetServiceImpl  : Creating new pet: Pet{id=null, name='Max_Rabbit_3', species='Rabbit', breed='Holland Lop', birthDate=2024-01-30, age=2}
2026-01-30T02:21:51.450+05:30  INFO 84883 --- [pet-clinic-backend] [           main] c.p.backend.service.impl.PetServiceImpl  : Created pet with ID: 7783
2026-01-30T02:21:51.450+05:30  INFO 84883 --- [pet-clinic-backend] [           main] c.p.b.service.impl.AuditServiceImpl      : Audit log created: user=system, action=CREATE, resource=Pet, resourceId=7783
2026-01-30T02:21:51.450+05:30 DEBUG 84883 --- [pet-clinic-backend] [           main] c.p.backend.service.impl.PetServiceImpl  : Finding pet by ID: 7783
2026-01-30T02:21:51.450+05:30  INFO 84883 --- [pet-clinic-backend] [           main] c.p.b.service.impl.AuditServiceImpl      : Audit log created: user=system, action=READ, resource=Pet, resourceId=7783
2026-01-30T02:21:51.450+05:30 DEBUG 84883 --- [pet-clinic-backend] [           main] c.p.backend.service.impl.PetServiceImpl  : Creating new pet: Pet{id=null, name='Max_Rabbit_4', species='Rabbit', breed='Syrian', birthDate=2024-01-30, age=2}
2026-01-30T02:21:51.451+05:30  INFO 84883 --- [pet-clinic-backend] [           main] c.p.backend.service.impl.PetServiceImpl  : Created pet with ID: 7784
2026-01-30T02:21:51.451+05:30  INFO 84883 --- [pet-clinic-backend] [           main] c.p.b.service.impl.AuditServiceImpl      : Audit log created: user=system, action=CREATE, resource=Pet, resourceId=7784
2026-01-30T02:21:51.451+05:30 DEBUG 84883 --- [pet-clinic-backend] [           main] c.p.backend.service.impl.PetServiceImpl  : Finding pet by ID: 7784
2026-01-30T02:21:51.451+05:30  INFO 84883 --- [pet-clinic-backend] [           main] c.p.b.service.impl.AuditServiceImpl      : Audit log created: user=system, action=READ, resource=Pet, resourceId=7784
2026-01-30T02:21:51.452+05:30 DEBUG 84883 --- [pet-clinic-backend] [           main] c.p.backend.service.impl.PetServiceImpl  : Creating new pet: Pet{id=null, name='Max_Hamster_0', species='Hamster', breed='Golden Retriever', birthDate=2024-01-30, age=2}
2026-01-30T02:21:51.452+05:30  INFO 84883 --- [pet-clinic-backend] [           main] c.p.backend.service.impl.PetServiceImpl  : Created pet with ID: 7785
2026-01-30T02:21:51.452+05:30  INFO 84883 --- [pet-clinic-backend] [           main] c.p.b.service.impl.AuditServiceImpl      : Audit log created: user=system, action=CREATE, resource=Pet, resourceId=7785
2026-01-30T02:21:51.452+05:30 DEBUG 84883 --- [pet-clinic-backend] [           main] c.p.backend.service.impl.PetServiceImpl  : Finding pet by ID: 7785
2026-01-30T02:21:51.452+05:30  INFO 84883 --- [pet-clinic-backend] [           main] c.p.b.service.impl.AuditServiceImpl      : Audit log created: user=system, action=READ, resource=Pet, resourceId=7785
2026-01-30T02:21:51.452+05:30 DEBUG 84883 --- [pet-clinic-backend] [           main] c.p.backend.service.impl.PetServiceImpl  : Creating new pet: Pet{id=null, name='Max_Hamster_1', species='Hamster', breed='Persian', birthDate=2024-01-30, age=2}
2026-01-30T02:21:51.454+05:30  INFO 84883 --- [pet-clinic-backend] [           main] c.p.backend.service.impl.PetServiceImpl  : Created pet with ID: 7786
2026-01-30T02:21:51.455+05:30  INFO 84883 --- [pet-clinic-backend] [           main] c.p.b.service.impl.AuditServiceImpl      : Audit log created: user=system, action=CREATE, resource=Pet, resourceId=7786
2026-01-30T02:21:51.455+05:30 DEBUG 84883 --- [pet-clinic-backend] [           main] c.p.backend.service.impl.PetServiceImpl  : Finding pet by ID: 7786
2026-01-30T02:21:51.455+05:30  INFO 84883 --- [pet-clinic-backend] [           main] c.p.b.service.impl.AuditServiceImpl      : Audit log created: user=system, action=READ, resource=Pet, resourceId=7786
2026-01-30T02:21:51.455+05:30 DEBUG 84883 --- [pet-clinic-backend] [           main] c.p.backend.service.impl.PetServiceImpl  : Creating new pet: Pet{id=null, name='Max_Hamster_2', species='Hamster', breed='Canary', birthDate=2024-01-30, age=2}
2026-01-30T02:21:51.456+05:30  INFO 84883 --- [pet-clinic-backend] [           main] c.p.backend.service.impl.PetServiceImpl  : Created pet with ID: 7787
2026-01-30T02:21:51.456+05:30  INFO 84883 --- [pet-clinic-backend] [           main] c.p.b.service.impl.AuditServiceImpl      : Audit log created: user=system, action=CREATE, resource=Pet, resourceId=7787
2026-01-30T02:21:51.456+05:30 DEBUG 84883 --- [pet-clinic-backend] [           main] c.p.backend.service.impl.PetServiceImpl  : Finding pet by ID: 7787
2026-01-30T02:21:51.456+05:30  INFO 84883 --- [pet-clinic-backend] [           main] c.p.b.service.impl.AuditServiceImpl      : Audit log created: user=system, action=READ, resource=Pet, resourceId=7787
2026-01-30T02:21:51.456+05:30 DEBUG 84883 --- [pet-clinic-backend] [           main] c.p.backend.service.impl.PetServiceImpl  : Creating new pet: Pet{id=null, name='Max_Hamster_3', species='Hamster', breed='Holland Lop', birthDate=2024-01-30, age=2}
2026-01-30T02:21:51.457+05:30  INFO 84883 --- [pet-clinic-backend] [           main] c.p.backend.service.impl.PetServiceImpl  : Created pet with ID: 7788
2026-01-30T02:21:51.457+05:30  INFO 84883 --- [pet-clinic-backend] [           main] c.p.b.service.impl.AuditServiceImpl      : Audit log created: user=system, action=CREATE, resource=Pet, resourceId=7788
2026-01-30T02:21:51.457+05:30 DEBUG 84883 --- [pet-clinic-backend] [           main] c.p.backend.service.impl.PetServiceImpl  : Finding pet by ID: 7788
2026-01-30T02:21:51.457+05:30  INFO 84883 --- [pet-clinic-backend] [           main] c.p.b.service.impl.AuditServiceImpl      : Audit log created: user=system, action=READ, resource=Pet, resourceId=7788
2026-01-30T02:21:51.457+05:30 DEBUG 84883 --- [pet-clinic-backend] [           main] c.p.backend.service.impl.PetServiceImpl  : Creating new pet: Pet{id=null, name='Max_Hamster_4', species='Hamster', breed='Syrian', birthDate=2024-01-30, age=2}
2026-01-30T02:21:51.457+05:30  INFO 84883 --- [pet-clinic-backend] [           main] c.p.backend.service.impl.PetServiceImpl  : Created pet with ID: 7789
2026-01-30T02:21:51.457+05:30  INFO 84883 --- [pet-clinic-backend] [           main] c.p.b.service.impl.AuditServiceImpl      : Audit log created: user=system, action=CREATE, resource=Pet, resourceId=7789
2026-01-30T02:21:51.457+05:30 DEBUG 84883 --- [pet-clinic-backend] [           main] c.p.backend.service.impl.PetServiceImpl  : Finding pet by ID: 7789
2026-01-30T02:21:51.457+05:30  INFO 84883 --- [pet-clinic-backend] [           main] c.p.b.service.impl.AuditServiceImpl      : Audit log created: user=system, action=READ, resource=Pet, resourceId=7789
2026-01-30T02:21:51.458+05:30 DEBUG 84883 --- [pet-clinic-backend] [           main] c.p.backend.service.impl.PetServiceImpl  : Creating new pet: Pet{id=null, name='Bella_Dog_0', species='Dog', breed='Golden Retriever', birthDate=2024-01-30, age=2}
2026-01-30T02:21:51.458+05:30  INFO 84883 --- [pet-clinic-backend] [           main] c.p.backend.service.impl.PetServiceImpl  : Created pet with ID: 7790
2026-01-30T02:21:51.458+05:30  INFO 84883 --- [pet-clinic-backend] [           main] c.p.b.service.impl.AuditServiceImpl      : Audit log created: user=system, action=CREATE, resource=Pet, resourceId=7790
2026-01-30T02:21:51.458+05:30 DEBUG 84883 --- [pet-clinic-backend] [           main] c.p.backend.service.impl.PetServiceImpl  : Finding pet by ID: 7790
2026-01-30T02:21:51.458+05:30  INFO 84883 --- [pet-clinic-backend] [           main] c.p.b.service.impl.AuditServiceImpl      : Audit log created: user=system, action=READ, resource=Pet, resourceId=7790
2026-01-30T02:21:51.458+05:30 DEBUG 84883 --- [pet-clinic-backend] [           main] c.p.backend.service.impl.PetServiceImpl  : Creating new pet: Pet{id=null, name='Bella_Dog_1', species='Dog', breed='Persian', birthDate=2024-01-30, age=2}
2026-01-30T02:21:51.459+05:30  INFO 84883 --- [pet-clinic-backend] [           main] c.p.backend.service.impl.PetServiceImpl  : Created pet with ID: 7791
2026-01-30T02:21:51.459+05:30  INFO 84883 --- [pet-clinic-backend] [           main] c.p.b.service.impl.AuditServiceImpl      : Audit log created: user=system, action=CREATE, resource=Pet, resourceId=7791
2026-01-30T02:21:51.459+05:30 DEBUG 84883 --- [pet-clinic-backend] [           main] c.p.backend.service.impl.PetServiceImpl  : Finding pet by ID: 7791
2026-01-30T02:21:51.459+05:30  INFO 84883 --- [pet-clinic-backend] [           main] c.p.b.service.impl.AuditServiceImpl      : Audit log created: user=system, action=READ, resource=Pet, resourceId=7791
2026-01-30T02:21:51.459+05:30 DEBUG 84883 --- [pet-clinic-backend] [           main] c.p.backend.service.impl.PetServiceImpl  : Creating new pet: Pet{id=null, name='Bella_Dog_2', species='Dog', breed='Canary', birthDate=2024-01-30, age=2}
2026-01-30T02:21:51.460+05:30  INFO 84883 --- [pet-clinic-backend] [           main] c.p.backend.service.impl.PetServiceImpl  : Created pet with ID: 7792
2026-01-30T02:21:51.460+05:30  INFO 84883 --- [pet-clinic-backend] [           main] c.p.b.service.impl.AuditServiceImpl      : Audit log created: user=system, action=CREATE, resource=Pet, resourceId=7792
2026-01-30T02:21:51.460+05:30 DEBUG 84883 --- [pet-clinic-backend] [           main] c.p.backend.service.impl.PetServiceImpl  : Finding pet by ID: 7792
2026-01-30T02:21:51.460+05:30  INFO 84883 --- [pet-clinic-backend] [           main] c.p.b.service.impl.AuditServiceImpl      : Audit log created: user=system, action=READ, resource=Pet, resourceId=7792
2026-01-30T02:21:51.460+05:30 DEBUG 84883 --- [pet-clinic-backend] [           main] c.p.backend.service.impl.PetServiceImpl  : Creating new pet: Pet{id=null, name='Bella_Dog_3', species='Dog', breed='Holland Lop', birthDate=2024-01-30, age=2}
2026-01-30T02:21:51.460+05:30  INFO 84883 --- [pet-clinic-backend] [           main] c.p.backend.service.impl.PetServiceImpl  : Created pet with ID: 7793
2026-01-30T02:21:51.461+05:30  INFO 84883 --- [pet-clinic-backend] [           main] c.p.b.service.impl.AuditServiceImpl      : Audit log created: user=system, action=CREATE, resource=Pet, resourceId=7793
2026-01-30T02:21:51.461+05:30 DEBUG 84883 --- [pet-clinic-backend] [           main] c.p.backend.service.impl.PetServiceImpl  : Finding pet by ID: 7793
2026-01-30T02:21:51.461+05:30  INFO 84883 --- [pet-clinic-backend] [           main] c.p.b.service.impl.AuditServiceImpl      : Audit log created: user=system, action=READ, resource=Pet, resourceId=7793
2026-01-30T02:21:51.461+05:30 DEBUG 84883 --- [pet-clinic-backend] [           main] c.p.backend.service.impl.PetServiceImpl  : Creating new pet: Pet{id=null, name='Bella_Dog_4', species='Dog', breed='Syrian', birthDate=2024-01-30, age=2}
2026-01-30T02:21:51.461+05:30  INFO 84883 --- [pet-clinic-backend] [           main] c.p.backend.service.impl.PetServiceImpl  : Created pet with ID: 7794
2026-01-30T02:21:51.461+05:30  INFO 84883 --- [pet-clinic-backend] [           main] c.p.b.service.impl.AuditServiceImpl      : Audit log created: user=system, action=CREATE, resource=Pet, resourceId=7794
2026-01-30T02:21:51.461+05:30 DEBUG 84883 --- [pet-clinic-backend] [           main] c.p.backend.service.impl.PetServiceImpl  : Finding pet by ID: 7794
2026-01-30T02:21:51.461+05:30  INFO 84883 --- [pet-clinic-backend] [           main] c.p.b.service.impl.AuditServiceImpl      : Audit log created: user=system, action=READ, resource=Pet, resourceId=7794
2026-01-30T02:21:51.461+05:30 DEBUG 84883 --- [pet-clinic-backend] [           main] c.p.backend.service.impl.PetServiceImpl  : Creating new pet: Pet{id=null, name='Bella_Cat_0', species='Cat', breed='Golden Retriever', birthDate=2024-01-30, age=2}
2026-01-30T02:21:51.462+05:30  INFO 84883 --- [pet-clinic-backend] [           main] c.p.backend.service.impl.PetServiceImpl  : Created pet with ID: 7795
2026-01-30T02:21:51.462+05:30  INFO 84883 --- [pet-clinic-backend] [           main] c.p.b.service.impl.AuditServiceImpl      : Audit log created: user=system, action=CREATE, resource=Pet, resourceId=7795
2026-01-30T02:21:51.462+05:30 DEBUG 84883 --- [pet-clinic-backend] [           main] c.p.backend.service.impl.PetServiceImpl  : Finding pet by ID: 7795
2026-01-30T02:21:51.462+05:30  INFO 84883 --- [pet-clinic-backend] [           main] c.p.b.service.impl.AuditServiceImpl      : Audit log created: user=system, action=READ, resource=Pet, resourceId=7795
2026-01-30T02:21:51.462+05:30 DEBUG 84883 --- [pet-clinic-backend] [           main] c.p.backend.service.impl.PetServiceImpl  : Creating new pet: Pet{id=null, name='Bella_Cat_1', species='Cat', breed='Persian', birthDate=2024-01-30, age=2}
2026-01-30T02:21:51.463+05:30  INFO 84883 --- [pet-clinic-backend] [           main] c.p.backend.service.impl.PetServiceImpl  : Created pet with ID: 7796
2026-01-30T02:21:51.463+05:30  INFO 84883 --- [pet-clinic-backend] [           main] c.p.b.service.impl.AuditServiceImpl      : Audit log created: user=system, action=CREATE, resource=Pet, resourceId=7796
2026-01-30T02:21:51.463+05:30 DEBUG 84883 --- [pet-clinic-backend] [           main] c.p.backend.service.impl.PetServiceImpl  : Finding pet by ID: 7796
2026-01-30T02:21:51.463+05:30  INFO 84883 --- [pet-clinic-backend] [           main] c.p.b.service.impl.AuditServiceImpl      : Audit log created: user=system, action=READ, resource=Pet, resourceId=7796
2026-01-30T02:21:51.463+05:30 DEBUG 84883 --- [pet-clinic-backend] [           main] c.p.backend.service.impl.PetServiceImpl  : Creating new pet: Pet{id=null, name='Bella_Cat_2', species='Cat', breed='Canary', birthDate=2024-01-30, age=2}
2026-01-30T02:21:51.464+05:30  INFO 84883 --- [pet-clinic-backend] [           main] c.p.backend.service.impl.PetServiceImpl  : Created pet with ID: 7797
2026-01-30T02:21:51.464+05:30  INFO 84883 --- [pet-clinic-backend] [           main] c.p.b.service.impl.AuditServiceImpl      : Audit log created: user=system, action=CREATE, resource=Pet, resourceId=7797
2026-01-30T02:21:51.464+05:30 DEBUG 84883 --- [pet-clinic-backend] [           main] c.p.backend.service.impl.PetServiceImpl  : Finding pet by ID: 7797
2026-01-30T02:21:51.464+05:30  INFO 84883 --- [pet-clinic-backend] [           main] c.p.b.service.impl.AuditServiceImpl      : Audit log created: user=system, action=READ, resource=Pet, resourceId=7797
2026-01-30T02:21:51.464+05:30 DEBUG 84883 --- [pet-clinic-backend] [           main] c.p.backend.service.impl.PetServiceImpl  : Creating new pet: Pet{id=null, name='Bella_Cat_3', species='Cat', breed='Holland Lop', birthDate=2024-01-30, age=2}
2026-01-30T02:21:51.465+05:30  INFO 84883 --- [pet-clinic-backend] [           main] c.p.backend.service.impl.PetServiceImpl  : Created pet with ID: 7798
2026-01-30T02:21:51.465+05:30  INFO 84883 --- [pet-clinic-backend] [           main] c.p.b.service.impl.AuditServiceImpl      : Audit log created: user=system, action=CREATE, resource=Pet, resourceId=7798
2026-01-30T02:21:51.465+05:30 DEBUG 84883 --- [pet-clinic-backend] [           main] c.p.backend.service.impl.PetServiceImpl  : Finding pet by ID: 7798
2026-01-30T02:21:51.465+05:30  INFO 84883 --- [pet-clinic-backend] [           main] c.p.b.service.impl.AuditServiceImpl      : Audit log created: user=system, action=READ, resource=Pet, resourceId=7798
2026-01-30T02:21:51.465+05:30 DEBUG 84883 --- [pet-clinic-backend] [           main] c.p.backend.service.impl.PetServiceImpl  : Creating new pet: Pet{id=null, name='Bella_Cat_4', species='Cat', breed='Syrian', birthDate=2024-01-30, age=2}
2026-01-30T02:21:51.466+05:30  INFO 84883 --- [pet-clinic-backend] [           main] c.p.backend.service.impl.PetServiceImpl  : Created pet with ID: 7799
2026-01-30T02:21:51.466+05:30  INFO 84883 --- [pet-clinic-backend] [           main] c.p.b.service.impl.AuditServiceImpl      : Audit log created: user=system, action=CREATE, resource=Pet, resourceId=7799
2026-01-30T02:21:51.466+05:30 DEBUG 84883 --- [pet-clinic-backend] [           main] c.p.backend.service.impl.PetServiceImpl  : Finding pet by ID: 7799
2026-01-30T02:21:51.466+05:30  INFO 84883 --- [pet-clinic-backend] [           main] c.p.b.service.impl.AuditServiceImpl      : Audit log created: user=system, action=READ, resource=Pet, resourceId=7799
2026-01-30T02:21:51.466+05:30 DEBUG 84883 --- [pet-clinic-backend] [           main] c.p.backend.service.impl.PetServiceImpl  : Creating new pet: Pet{id=null, name='Bella_Bird_0', species='Bird', breed='Golden Retriever', birthDate=2024-01-30, age=2}
2026-01-30T02:21:51.466+05:30  INFO 84883 --- [pet-clinic-backend] [           main] c.p.backend.service.impl.PetServiceImpl  : Created pet with ID: 7800
2026-01-30T02:21:51.466+05:30  INFO 84883 --- [pet-clinic-backend] [           main] c.p.b.service.impl.AuditServiceImpl      : Audit log created: user=system, action=CREATE, resource=Pet, resourceId=7800
2026-01-30T02:21:51.466+05:30 DEBUG 84883 --- [pet-clinic-backend] [           main] c.p.backend.service.impl.PetServiceImpl  : Finding pet by ID: 7800
2026-01-30T02:21:51.466+05:30  INFO 84883 --- [pet-clinic-backend] [           main] c.p.b.service.impl.AuditServiceImpl      : Audit log created: user=system, action=READ, resource=Pet, resourceId=7800
2026-01-30T02:21:51.466+05:30 DEBUG 84883 --- [pet-clinic-backend] [           main] c.p.backend.service.impl.PetServiceImpl  : Creating new pet: Pet{id=null, name='Bella_Bird_1', species='Bird', breed='Persian', birthDate=2024-01-30, age=2}
2026-01-30T02:21:51.467+05:30  INFO 84883 --- [pet-clinic-backend] [           main] c.p.backend.service.impl.PetServiceImpl  : Created pet with ID: 7801
2026-01-30T02:21:51.467+05:30  INFO 84883 --- [pet-clinic-backend] [           main] c.p.b.service.impl.AuditServiceImpl      : Audit log created: user=system, action=CREATE, resource=Pet, resourceId=7801
2026-01-30T02:21:51.467+05:30 DEBUG 84883 --- [pet-clinic-backend] [           main] c.p.backend.service.impl.PetServiceImpl  : Finding pet by ID: 7801
2026-01-30T02:21:51.467+05:30  INFO 84883 --- [pet-clinic-backend] [           main] c.p.b.service.impl.AuditServiceImpl      : Audit log created: user=system, action=READ, resource=Pet, resourceId=7801
2026-01-30T02:21:51.467+05:30 DEBUG 84883 --- [pet-clinic-backend] [           main] c.p.backend.service.impl.PetServiceImpl  : Creating new pet: Pet{id=null, name='Bella_Bird_2', species='Bird', breed='Canary', birthDate=2024-01-30, age=2}
2026-01-30T02:21:51.468+05:30  INFO 84883 --- [pet-clinic-backend] [           main] c.p.backend.service.impl.PetServiceImpl  : Created pet with ID: 7802
2026-01-30T02:21:51.468+05:30  INFO 84883 --- [pet-clinic-backend] [           main] c.p.b.service.impl.AuditServiceImpl      : Audit log created: user=system, action=CREATE, resource=Pet, resourceId=7802
2026-01-30T02:21:51.468+05:30 DEBUG 84883 --- [pet-clinic-backend] [           main] c.p.backend.service.impl.PetServiceImpl  : Finding pet by ID: 7802
2026-01-30T02:21:51.468+05:30  INFO 84883 --- [pet-clinic-backend] [           main] c.p.b.service.impl.AuditServiceImpl      : Audit log created: user=system, action=READ, resource=Pet, resourceId=7802
2026-01-30T02:21:51.468+05:30 DEBUG 84883 --- [pet-clinic-backend] [           main] c.p.backend.service.impl.PetServiceImpl  : Creating new pet: Pet{id=null, name='Bella_Bird_3', species='Bird', breed='Holland Lop', birthDate=2024-01-30, age=2}
2026-01-30T02:21:51.469+05:30  INFO 84883 --- [pet-clinic-backend] [           main] c.p.backend.service.impl.PetServiceImpl  : Created pet with ID: 7803
2026-01-30T02:21:51.469+05:30  INFO 84883 --- [pet-clinic-backend] [           main] c.p.b.service.impl.AuditServiceImpl      : Audit log created: user=system, action=CREATE, resource=Pet, resourceId=7803
2026-01-30T02:21:51.469+05:30 DEBUG 84883 --- [pet-clinic-backend] [           main] c.p.backend.service.impl.PetServiceImpl  : Finding pet by ID: 7803
2026-01-30T02:21:51.469+05:30  INFO 84883 --- [pet-clinic-backend] [           main] c.p.b.service.impl.AuditServiceImpl      : Audit log created: user=system, action=READ, resource=Pet, resourceId=7803
[...]
2026-01-30T02:21:51.526+05:30  INFO 84883 --- [pet-clinic-backend] [           main] c.p.backend.service.impl.PetServiceImpl  : Created pet with ID: 7851
2026-01-30T02:21:51.527+05:30  INFO 84883 --- [pet-clinic-backend] [           main] c.p.b.service.impl.AuditServiceImpl      : Audit log created: user=system, action=CREATE, resource=Pet, resourceId=7851
2026-01-30T02:21:51.527+05:30 DEBUG 84883 --- [pet-clinic-backend] [           main] c.p.backend.service.impl.PetServiceImpl  : Finding pet by ID: 7851
2026-01-30T02:21:51.527+05:30  INFO 84883 --- [pet-clinic-backend] [           main] c.p.b.service.impl.AuditServiceImpl      : Audit log created: user=system, action=READ, resource=Pet, resourceId=7851
2026-01-30T02:21:51.527+05:30 DEBUG 84883 --- [pet-clinic-backend] [           main] c.p.backend.service.impl.PetServiceImpl  : Creating new pet: Pet{id=null, name='Luna_Bird_2', species='Bird', breed='Canary', birthDate=2024-01-30, age=2}
2026-01-30T02:21:51.528+05:30  INFO 84883 --- [pet-clinic-backend] [           main] c.p.backend.service.impl.PetServiceImpl  : Created pet with ID: 7852
2026-01-30T02:21:51.528+05:30  INFO 84883 --- [pet-clinic-backend] [           main] c.p.b.service.impl.AuditServiceImpl      : Audit log created: user=system, action=CREATE, resource=Pet, resourceId=7852
2026-01-30T02:21:51.528+05:30 DEBUG 84883 --- [pet-clinic-backend] [           main] c.p.backend.service.impl.PetServiceImpl  : Finding pet by ID: 7852
2026-01-30T02:21:51.529+05:30  INFO 84883 --- [pet-clinic-backend] [           main] c.p.b.service.impl.AuditServiceImpl      : Audit log created: user=system, action=READ, resource=Pet, resourceId=7852
2026-01-30T02:21:51.529+05:30 DEBUG 84883 --- [pet-clinic-backend] [           main] c.p.backend.service.impl.PetServiceImpl  : Creating new pet: Pet{id=null, name='Luna_Bird_3', species='Bird', breed='Holland Lop', birthDate=2024-01-30, age=2}
2026-01-30T02:21:51.530+05:30  INFO 84883 --- [pet-clinic-backend] [           main] c.p.backend.service.impl.PetServiceImpl  : Created pet with ID: 7853
2026-01-30T02:21:51.530+05:30  INFO 84883 --- [pet-clinic-backend] [           main] c.p.b.service.impl.AuditServiceImpl      : Audit log created: user=system, action=CREATE, resource=Pet, resourceId=7853
2026-01-30T02:21:51.530+05:30 DEBUG 84883 --- [pet-clinic-backend] [           main] c.p.backend.service.impl.PetServiceImpl  : Finding pet by ID: 7853
2026-01-30T02:21:51.530+05:30  INFO 84883 --- [pet-clinic-backend] [           main] c.p.b.service.impl.AuditServiceImpl      : Audit log created: user=system, action=READ, resource=Pet, resourceId=7853
2026-01-30T02:21:51.530+05:30 DEBUG 84883 --- [pet-clinic-backend] [           main] c.p.backend.service.impl.PetServiceImpl  : Creating new pet: Pet{id=null, name='Luna_Bird_4', species='Bird', breed='Syrian', birthDate=2024-01-30, age=2}
2026-01-30T02:21:51.531+05:30  INFO 84883 --- [pet-clinic-backend] [           main] c.p.backend.service.impl.PetServiceImpl  : Created pet with ID: 7854
2026-01-30T02:21:51.531+05:30  INFO 84883 --- [pet-clinic-backend] [           main] c.p.b.service.impl.AuditServiceImpl      : Audit log created: user=system, action=CREATE, resource=Pet, resourceId=7854
2026-01-30T02:21:51.531+05:30 DEBUG 84883 --- [pet-clinic-backend] [           main] c.p.backend.service.impl.PetServiceImpl  : Finding pet by ID: 7854
2026-01-30T02:21:51.531+05:30  INFO 84883 --- [pet-clinic-backend] [           main] c.p.b.service.impl.AuditServiceImpl      : Audit log created: user=system, action=READ, resource=Pet, resourceId=7854
2026-01-30T02:21:51.531+05:30 DEBUG 84883 --- [pet-clinic-backend] [           main] c.p.backend.service.impl.PetServiceImpl  : Creating new pet: Pet{id=null, name='Luna_Rabbit_0', species='Rabbit', breed='Golden Retriever', birthDate=2024-01-30, age=2}
2026-01-30T02:21:51.532+05:30  INFO 84883 --- [pet-clinic-backend] [           main] c.p.backend.service.impl.PetServiceImpl  : Created pet with ID: 7855
2026-01-30T02:21:51.532+05:30  INFO 84883 --- [pet-clinic-backend] [           main] c.p.b.service.impl.AuditServiceImpl      : Audit log created: user=system, action=CREATE, resource=Pet, resourceId=7855
2026-01-30T02:21:51.532+05:30 DEBUG 84883 --- [pet-clinic-backend] [           main] c.p.backend.service.impl.PetServiceImpl  : Finding pet by ID: 7855
2026-01-30T02:21:51.532+05:30  INFO 84883 --- [pet-clinic-backend] [           main] c.p.b.service.impl.AuditServiceImpl      : Audit log created: user=system, action=READ, resource=Pet, resourceId=7855
2026-01-30T02:21:51.532+05:30 DEBUG 84883 --- [pet-clinic-backend] [           main] c.p.backend.service.impl.PetServiceImpl  : Creating new pet: Pet{id=null, name='Luna_Rabbit_1', species='Rabbit', breed='Persian', birthDate=2024-01-30, age=2}
2026-01-30T02:21:51.533+05:30  INFO 84883 --- [pet-clinic-backend] [           main] c.p.backend.service.impl.PetServiceImpl  : Created pet with ID: 7856
2026-01-30T02:21:51.533+05:30  INFO 84883 --- [pet-clinic-backend] [           main] c.p.b.service.impl.AuditServiceImpl      : Audit log created: user=system, action=CREATE, resource=Pet, resourceId=7856
2026-01-30T02:21:51.533+05:30 DEBUG 84883 --- [pet-clinic-backend] [           main] c.p.backend.service.impl.PetServiceImpl  : Finding pet by ID: 7856
2026-01-30T02:21:51.533+05:30  INFO 84883 --- [pet-clinic-backend] [           main] c.p.b.service.impl.AuditServiceImpl      : Audit log created: user=system, action=READ, resource=Pet, resourceId=7856
2026-01-30T02:21:51.533+05:30 DEBUG 84883 --- [pet-clinic-backend] [           main] c.p.backend.service.impl.PetServiceImpl  : Creating new pet: Pet{id=null, name='Luna_Rabbit_2', species='Rabbit', breed='Canary', birthDate=2024-01-30, age=2}
2026-01-30T02:21:51.534+05:30  INFO 84883 --- [pet-clinic-backend] [           main] c.p.backend.service.impl.PetServiceImpl  : Created pet with ID: 7857
2026-01-30T02:21:51.534+05:30  INFO 84883 --- [pet-clinic-backend] [           main] c.p.b.service.impl.AuditServiceImpl      : Audit log created: user=system, action=CREATE, resource=Pet, resourceId=7857
2026-01-30T02:21:51.534+05:30 DEBUG 84883 --- [pet-clinic-backend] [           main] c.p.backend.service.impl.PetServiceImpl  : Finding pet by ID: 7857
2026-01-30T02:21:51.535+05:30  INFO 84883 --- [pet-clinic-backend] [           main] c.p.b.service.impl.AuditServiceImpl      : Audit log created: user=system, action=READ, resource=Pet, resourceId=7857
2026-01-30T02:21:51.535+05:30 DEBUG 84883 --- [pet-clinic-backend] [           main] c.p.backend.service.impl.PetServiceImpl  : Creating new pet: Pet{id=null, name='Luna_Rabbit_3', species='Rabbit', breed='Holland Lop', birthDate=2024-01-30, age=2}
2026-01-30T02:21:51.536+05:30  INFO 84883 --- [pet-clinic-backend] [           main] c.p.backend.service.impl.PetServiceImpl  : Created pet with ID: 7858
2026-01-30T02:21:51.536+05:30  INFO 84883 --- [pet-clinic-backend] [           main] c.p.b.service.impl.AuditServiceImpl      : Audit log created: user=system, action=CREATE, resource=Pet, resourceId=7858
2026-01-30T02:21:51.536+05:30 DEBUG 84883 --- [pet-clinic-backend] [           main] c.p.backend.service.impl.PetServiceImpl  : Finding pet by ID: 7858
2026-01-30T02:21:51.536+05:30  INFO 84883 --- [pet-clinic-backend] [           main] c.p.b.service.impl.AuditServiceImpl      : Audit log created: user=system, action=READ, resource=Pet, resourceId=7858
2026-01-30T02:21:51.536+05:30 DEBUG 84883 --- [pet-clinic-backend] [           main] c.p.backend.service.impl.PetServiceImpl  : Creating new pet: Pet{id=null, name='Luna_Rabbit_4', species='Rabbit', breed='Syrian', birthDate=2024-01-30, age=2}
2026-01-30T02:21:51.538+05:30  INFO 84883 --- [pet-clinic-backend] [           main] c.p.backend.service.impl.PetServiceImpl  : Created pet with ID: 7859
2026-01-30T02:21:51.538+05:30  INFO 84883 --- [pet-clinic-backend] [           main] c.p.b.service.impl.AuditServiceImpl      : Audit log created: user=system, action=CREATE, resource=Pet, resourceId=7859
2026-01-30T02:21:51.538+05:30 DEBUG 84883 --- [pet-clinic-backend] [           main] c.p.backend.service.impl.PetServiceImpl  : Finding pet by ID: 7859
2026-01-30T02:21:51.538+05:30  INFO 84883 --- [pet-clinic-backend] [           main] c.p.b.service.impl.AuditServiceImpl      : Audit log created: user=system, action=READ, resource=Pet, resourceId=7859
2026-01-30T02:21:51.538+05:30 DEBUG 84883 --- [pet-clinic-backend] [           main] c.p.backend.service.impl.PetServiceImpl  : Creating new pet: Pet{id=null, name='Luna_Hamster_0', species='Hamster', breed='Golden Retriever', birthDate=2024-01-30, age=2}
2026-01-30T02:21:51.539+05:30  INFO 84883 --- [pet-clinic-backend] [           main] c.p.backend.service.impl.PetServiceImpl  : Created pet with ID: 7860
2026-01-30T02:21:51.539+05:30  INFO 84883 --- [pet-clinic-backend] [           main] c.p.b.service.impl.AuditServiceImpl      : Audit log created: user=system, action=CREATE, resource=Pet, resourceId=7860
2026-01-30T02:21:51.539+05:30 DEBUG 84883 --- [pet-clinic-backend] [           main] c.p.backend.service.impl.PetServiceImpl  : Finding pet by ID: 7860
2026-01-30T02:21:51.539+05:30  INFO 84883 --- [pet-clinic-backend] [           main] c.p.b.service.impl.AuditServiceImpl      : Audit log created: user=system, action=READ, resource=Pet, resourceId=7860
2026-01-30T02:21:51.539+05:30 DEBUG 84883 --- [pet-clinic-backend] [           main] c.p.backend.service.impl.PetServiceImpl  : Creating new pet: Pet{id=null, name='Luna_Hamster_1', species='Hamster', breed='Persian', birthDate=2024-01-30, age=2}
2026-01-30T02:21:51.540+05:30  INFO 84883 --- [pet-clinic-backend] [           main] c.p.backend.service.impl.PetServiceImpl  : Created pet with ID: 7861
2026-01-30T02:21:51.540+05:30  INFO 84883 --- [pet-clinic-backend] [           main] c.p.b.service.impl.AuditServiceImpl      : Audit log created: user=system, action=CREATE, resource=Pet, resourceId=7861
2026-01-30T02:21:51.540+05:30 DEBUG 84883 --- [pet-clinic-backend] [           main] c.p.backend.service.impl.PetServiceImpl  : Finding pet by ID: 7861
2026-01-30T02:21:51.540+05:30  INFO 84883 --- [pet-clinic-backend] [           main] c.p.b.service.impl.AuditServiceImpl      : Audit log created: user=system, action=READ, resource=Pet, resourceId=7861
2026-01-30T02:21:51.541+05:30 DEBUG 84883 --- [pet-clinic-backend] [           main] c.p.backend.service.impl.PetServiceImpl  : Creating new pet: Pet{id=null, name='Luna_Hamster_2', species='Hamster', breed='Canary', birthDate=2024-01-30, age=2}
2026-01-30T02:21:51.542+05:30  INFO 84883 --- [pet-clinic-backend] [           main] c.p.backend.service.impl.PetServiceImpl  : Created pet with ID: 7862
2026-01-30T02:21:51.542+05:30  INFO 84883 --- [pet-clinic-backend] [           main] c.p.b.service.impl.AuditServiceImpl      : Audit log created: user=system, action=CREATE, resource=Pet, resourceId=7862
2026-01-30T02:21:51.542+05:30 DEBUG 84883 --- [pet-clinic-backend] [           main] c.p.backend.service.impl.PetServiceImpl  : Finding pet by ID: 7862
2026-01-30T02:21:51.542+05:30  INFO 84883 --- [pet-clinic-backend] [           main] c.p.b.service.impl.AuditServiceImpl      : Audit log created: user=system, action=READ, resource=Pet, resourceId=7862
2026-01-30T02:21:51.542+05:30 DEBUG 84883 --- [pet-clinic-backend] [           main] c.p.backend.service.impl.PetServiceImpl  : Creating new pet: Pet{id=null, name='Luna_Hamster_3', species='Hamster', breed='Holland Lop', birthDate=2024-01-30, age=2}
2026-01-30T02:21:51.543+05:30  INFO 84883 --- [pet-clinic-backend] [           main] c.p.backend.service.impl.PetServiceImpl  : Created pet with ID: 7863
2026-01-30T02:21:51.543+05:30  INFO 84883 --- [pet-clinic-backend] [           main] c.p.b.service.impl.AuditServiceImpl      : Audit log created: user=system, action=CREATE, resource=Pet, resourceId=7863
2026-01-30T02:21:51.543+05:30 DEBUG 84883 --- [pet-clinic-backend] [           main] c.p.backend.service.impl.PetServiceImpl  : Finding pet by ID: 7863
2026-01-30T02:21:51.543+05:30  INFO 84883 --- [pet-clinic-backend] [           main] c.p.b.service.impl.AuditServiceImpl      : Audit log created: user=system, action=READ, resource=Pet, resourceId=7863
2026-01-30T02:21:51.543+05:30 DEBUG 84883 --- [pet-clinic-backend] [           main] c.p.backend.service.impl.PetServiceImpl  : Creating new pet: Pet{id=null, name='Luna_Hamster_4', species='Hamster', breed='Syrian', birthDate=2024-01-30, age=2}
2026-01-30T02:21:51.544+05:30  INFO 84883 --- [pet-clinic-backend] [           main] c.p.backend.service.impl.PetServiceImpl  : Created pet with ID: 7864
2026-01-30T02:21:51.544+05:30  INFO 84883 --- [pet-clinic-backend] [           main] c.p.b.service.impl.AuditServiceImpl      : Audit log created: user=system, action=CREATE, resource=Pet, resourceId=7864
2026-01-30T02:21:51.544+05:30 DEBUG 84883 --- [pet-clinic-backend] [           main] c.p.backend.service.impl.PetServiceImpl  : Finding pet by ID: 7864
2026-01-30T02:21:51.544+05:30  INFO 84883 --- [pet-clinic-backend] [           main] c.p.b.service.impl.AuditServiceImpl      : Audit log created: user=system, action=READ, resource=Pet, resourceId=7864
]]></system-out>
  </testcase>
  <testcase name="testSearchCompleteness" classname="com.petclinic.backend.service.impl.PetServicePropertiesTest" time="0.005">
    <system-out><![CDATA[2026-01-30T02:21:51.550+05:30 DEBUG 84883 --- [pet-clinic-backend] [           main] c.p.b.s.impl.EncryptionServiceImpl       : Data encrypted successfully
2026-01-30T02:21:51.550+05:30 DEBUG 84883 --- [pet-clinic-backend] [           main] c.p.b.s.impl.EncryptionServiceImpl       : Data encrypted successfully
2026-01-30T02:21:51.550+05:30 DEBUG 84883 --- [pet-clinic-backend] [           main] c.p.b.s.impl.EncryptionServiceImpl       : Data encrypted successfully
2026-01-30T02:21:51.550+05:30 DEBUG 84883 --- [pet-clinic-backend] [           main] c.p.backend.service.impl.PetServiceImpl  : Creating new pet: Pet{id=null, name='SearchTerm', species='Dog', breed='Beagle', birthDate=2024-01-30, age=2}
2026-01-30T02:21:51.550+05:30  INFO 84883 --- [pet-clinic-backend] [           main] c.p.backend.service.impl.PetServiceImpl  : Created pet with ID: 7865
2026-01-30T02:21:51.551+05:30  INFO 84883 --- [pet-clinic-backend] [           main] c.p.b.service.impl.AuditServiceImpl      : Audit log created: user=system, action=CREATE, resource=Pet, resourceId=7865
2026-01-30T02:21:51.551+05:30 DEBUG 84883 --- [pet-clinic-backend] [           main] c.p.backend.service.impl.PetServiceImpl  : Creating new pet: Pet{id=null, name='Buddy', species='SearchTerm', breed='Beagle', birthDate=2024-01-30, age=2}
2026-01-30T02:21:51.551+05:30  INFO 84883 --- [pet-clinic-backend] [           main] c.p.backend.service.impl.PetServiceImpl  : Created pet with ID: 7866
2026-01-30T02:21:51.551+05:30  INFO 84883 --- [pet-clinic-backend] [           main] c.p.b.service.impl.AuditServiceImpl      : Audit log created: user=system, action=CREATE, resource=Pet, resourceId=7866
2026-01-30T02:21:51.551+05:30 DEBUG 84883 --- [pet-clinic-backend] [           main] c.p.backend.service.impl.PetServiceImpl  : Creating new pet: Pet{id=null, name='Max', species='Dog', breed='SearchTerm', birthDate=2024-01-30, age=2}
2026-01-30T02:21:51.551+05:30  INFO 84883 --- [pet-clinic-backend] [           main] c.p.backend.service.impl.PetServiceImpl  : Created pet with ID: 7867
2026-01-30T02:21:51.551+05:30  INFO 84883 --- [pet-clinic-backend] [           main] c.p.b.service.impl.AuditServiceImpl      : Audit log created: user=system, action=CREATE, resource=Pet, resourceId=7867
2026-01-30T02:21:51.551+05:30 DEBUG 84883 --- [pet-clinic-backend] [           main] c.p.backend.service.impl.PetServiceImpl  : Creating new pet: Pet{id=null, name='Charlie', species='Cat', breed='Persian', birthDate=2024-01-30, age=2}
2026-01-30T02:21:51.551+05:30  INFO 84883 --- [pet-clinic-backend] [           main] c.p.backend.service.impl.PetServiceImpl  : Created pet with ID: 7868
2026-01-30T02:21:51.551+05:30  INFO 84883 --- [pet-clinic-backend] [           main] c.p.b.service.impl.AuditServiceImpl      : Audit log created: user=system, action=CREATE, resource=Pet, resourceId=7868
2026-01-30T02:21:51.551+05:30 DEBUG 84883 --- [pet-clinic-backend] [           main] c.p.backend.service.impl.PetServiceImpl  : Searching pets with term: SearchTerm
2026-01-30T02:21:51.552+05:30 DEBUG 84883 --- [pet-clinic-backend] [           main] c.p.backend.service.impl.PetServiceImpl  : Found 1 pets matching search term: SearchTerm
]]></system-out>
  </testcase>
  <testcase name="testInputValidationConsistency" classname="com.petclinic.backend.service.impl.PetServicePropertiesTest" time="0.004">
    <system-out><![CDATA[2026-01-30T02:21:51.556+05:30 DEBUG 84883 --- [pet-clinic-backend] [           main] c.p.b.s.impl.EncryptionServiceImpl       : Data encrypted successfully
2026-01-30T02:21:51.556+05:30 DEBUG 84883 --- [pet-clinic-backend] [           main] c.p.b.s.impl.EncryptionServiceImpl       : Data encrypted successfully
2026-01-30T02:21:51.556+05:30 DEBUG 84883 --- [pet-clinic-backend] [           main] c.p.backend.service.impl.PetServiceImpl  : Creating new pet: Pet{id=null, name='null', species='Dog', breed='Beagle', birthDate=2024-01-30, age=2}
2026-01-30T02:21:51.557+05:30 DEBUG 84883 --- [pet-clinic-backend] [           main] c.p.backend.service.impl.PetServiceImpl  : Creating new pet: Pet{id=null, name='', species='Dog', breed='Beagle', birthDate=2024-01-30, age=2}
2026-01-30T02:21:51.557+05:30 DEBUG 84883 --- [pet-clinic-backend] [           main] c.p.backend.service.impl.PetServiceImpl  : Creating new pet: Pet{id=null, name=' ', species='Dog', breed='Beagle', birthDate=2024-01-30, age=2}
2026-01-30T02:21:51.557+05:30 DEBUG 84883 --- [pet-clinic-backend] [           main] c.p.backend.service.impl.PetServiceImpl  : Creating new pet: Pet{id=null, name='AAAAAAAAAAAAAAAAAAAAAAAAAAAAAAAAAAAAAAAAAAAAAAAAAAA', species='Dog', breed='Beagle', birthDate=2024-01-30, age=2}
2026-01-30T02:21:51.557+05:30 DEBUG 84883 --- [pet-clinic-backend] [           main] c.p.backend.service.impl.PetServiceImpl  : Creating new pet: Pet{id=null, name='Valid', species='null', breed='Beagle', birthDate=2024-01-30, age=2}
2026-01-30T02:21:51.557+05:30 DEBUG 84883 --- [pet-clinic-backend] [           main] c.p.backend.service.impl.PetServiceImpl  : Creating new pet: Pet{id=null, name='Valid', species='', breed='Beagle', birthDate=2024-01-30, age=2}
2026-01-30T02:21:51.557+05:30 DEBUG 84883 --- [pet-clinic-backend] [           main] c.p.backend.service.impl.PetServiceImpl  : Creating new pet: Pet{id=null, name='Valid', species=' ', breed='Beagle', birthDate=2024-01-30, age=2}
2026-01-30T02:21:51.557+05:30 DEBUG 84883 --- [pet-clinic-backend] [           main] c.p.backend.service.impl.PetServiceImpl  : Creating new pet: Pet{id=null, name='Valid', species='AAAAAAAAAAAAAAAAAAAAAAAAAAAAAAA', breed='Beagle', birthDate=2024-01-30, age=2}
2026-01-30T02:21:51.557+05:30 DEBUG 84883 --- [pet-clinic-backend] [           main] c.p.backend.service.impl.PetServiceImpl  : Creating new pet: Pet{id=null, name='Valid', species='Dog', breed='AAAAAAAAAAAAAAAAAAAAAAAAAAAAAAAAAAAAAAAAAAAAAAAAAAA', birthDate=2024-01-30, age=2}
2026-01-30T02:21:51.558+05:30 DEBUG 84883 --- [pet-clinic-backend] [           main] c.p.backend.service.impl.PetServiceImpl  : Creating new pet: Pet{id=null, name='Valid', species='Dog', breed='Beagle', birthDate=2026-01-31, age=0}
2026-01-30T02:21:51.558+05:30 DEBUG 84883 --- [pet-clinic-backend] [           main] c.p.backend.service.impl.PetServiceImpl  : Creating new pet: Pet{id=null, name='Valid', species='Dog', breed='Beagle', birthDate=1995-01-30, age=31}
]]></system-out>
  </testcase>
</testsuite>