<?xml version="1.0" encoding="UTF-8"?>
<testsuite xmlns:xsi="http://www.w3.org/2001/XMLSchema-instance" xsi:noNamespaceSchemaLocation="https://maven.apache.org/surefire/maven-surefire-plugin/xsd/surefire-test-report-3.0.xsd" version="3.0" name="com.petclinic.backend.properties.PetClinicSearchFilterProperties" time="37.149" tests="8" errors="8" skipped="0" failures="0">
  <properties>
[...]
</properties>
  <testcase name="Feature: pet-clinic-cicd-pipeline, Property 12: Owner city filter accuracy" classname="com.petclinic.backend.properties.PetClinicSearchFilterProperties" time="1.959">
    <error message="Cannot invoke &quot;com.petclinic.backend.repository.OwnerRepository.save(Object)&quot; because &quot;this.ownerRepository&quot; is null" type="java.lang.NullPointerException"><![CDATA[java.lang.NullPointerException: Cannot invoke "com.petclinic.backend.repository.OwnerRepository.save(Object)" because "this.ownerRepository" is null
	at com.petclinic.backend.properties.PetClinicSearchFilterProperties.ownerCityFilterAccuracy(PetClinicSearchFilterProperties.java:159)
	at java.base/java.lang.reflect.Method.invoke(Method.java:580)
	at net.jqwik.engine.execution.CheckedPropertyFactory.lambda$createRawFunction$1(CheckedPropertyFactory.java:84)
	at net.jqwik.engine.execution.CheckedPropertyFactory.lambda$createRawFunction$2(CheckedPropertyFactory.java:91)
	at net.jqwik.engine.properties.CheckedFunction.execute(CheckedFunction.java:17)
	at net.jqwik.api.lifecycle.AroundTryHook.lambda$static$0(AroundTryHook.java:57)
	at net.jqwik.engine.execution.lifecycle.HookSupport.lambda$wrap$2(HookSupport.java:48)
	at net.jqwik.engine.hooks.lifecycle.TryLifecycleMethodsHook.aroundTry(TryLifecycleMethodsHook.java:56)
	at net.jqwik.engine.execution.lifecycle.HookSupport.lambda$wrap$3(HookSupport.java:53)
	at net.jqwik.engine.execution.lifecycle.HookSupport.lambda$wrap$2(HookSupport.java:48)
	at net.jqwik.engine.hooks.lifecycle.BeforeTryMembersHook.aroundTry(BeforeTryMembersHook.java:69)
	at net.jqwik.engine.execution.lifecycle.HookSupport.lambda$wrap$3(HookSupport.java:53)
	at net.jqwik.engine.execution.CheckedPropertyFactory.lambda$createTryExecutor$0(CheckedPropertyFactory.java:60)
	at net.jqwik.engine.execution.lifecycle.AroundTryLifecycle.execute(AroundTryLifecycle.java:23)
	at net.jqwik.engine.properties.GenericProperty.lambda$createFalsifier$1(GenericProperty.java:229)
	at net.jqwik.engine.properties.shrinking.PropertyShrinker.lambda$shrink$0(PropertyShrinker.java:55)
	at net.jqwik.engine.properties.shrinking.PropertyShrinker.lambda$shrinkAsLongAsSampleImproves$6(PropertyShrinker.java:122)
	at net.jqwik.engine.properties.shrinking.AbstractSampleShrinker.lambda$falsify$5(AbstractSampleShrinker.java:91)
	at java.base/java.util.HashMap.computeIfAbsent(HashMap.java:1228)
	at net.jqwik.engine.properties.shrinking.AbstractSampleShrinker.falsify(AbstractSampleShrinker.java:91)
	at net.jqwik.engine.properties.shrinking.AbstractSampleShrinker.lambda$shrink$2(AbstractSampleShrinker.java:53)
	at java.base/java.util.stream.ReferencePipeline$3$1.accept(ReferencePipeline.java:197)
	at java.base/java.util.stream.ReferencePipeline$2$1.accept(ReferencePipeline.java:179)
	at java.base/java.util.stream.ReferencePipeline$15$1.accept(ReferencePipeline.java:541)
	at net.jqwik.engine.support.JqwikStreamSupport$1.lambda$tryAdvance$0(JqwikStreamSupport.java:36)
	at java.base/java.util.stream.StreamSpliterators$WrappingSpliterator.tryAdvance(StreamSpliterators.java:300)
	at net.jqwik.engine.support.StreamConcatenation$ConcatSpliterator.tryAdvance(StreamConcatenation.java:302)
	at net.jqwik.engine.support.StreamConcatenation$ConcatSpliterator.tryAdvance(StreamConcatenation.java:302)
	at net.jqwik.engine.support.JqwikStreamSupport$1.lambda$tryAdvance$1(JqwikStreamSupport.java:31)
	at java.base/java.util.stream.StreamSpliterators$WrappingSpliterator.tryAdvance(StreamSpliterators.java:300)
	at net.jqwik.engine.support.StreamConcatenation$ConcatSpliterator.tryAdvance(StreamConcatenation.java:302)
	at net.jqwik.engine.support.StreamConcatenation$ConcatSpliterator.tryAdvance(StreamConcatenation.java:302)
	at net.jqwik.engine.support.JqwikStreamSupport$1.tryAdvance(JqwikStreamSupport.java:31)
	at java.base/java.util.stream.ReferencePipeline.forEachWithCancel(ReferencePipeline.java:129)
	at java.base/java.util.stream.AbstractPipeline.copyIntoWithCancel(AbstractPipeline.java:527)
	at java.base/java.util.stream.AbstractPipeline.copyInto(AbstractPipeline.java:513)
	at java.base/java.util.stream.AbstractPipeline.wrapAndCopyInto(AbstractPipeline.java:499)
	at java.base/java.util.stream.FindOps$FindOp.evaluateSequential(FindOps.java:150)
	at java.base/java.util.stream.AbstractPipeline.evaluate(AbstractPipeline.java:234)
	at java.base/java.util.stream.ReferencePipeline.findAny(ReferencePipeline.java:652)
	at net.jqwik.engine.properties.shrinking.AbstractSampleShrinker.shrink(AbstractSampleShrinker.java:63)
	at net.jqwik.engine.properties.shrinking.PairwiseParameterShrinker.shrinkPair(PairwiseParameterShrinker.java:54)
	at net.jqwik.engine.properties.shrinking.PairwiseParameterShrinker.shrink(PairwiseParameterShrinker.java:28)
	at net.jqwik.engine.properties.shrinking.ShrinkingAlgorithm.shrinkParametersPairwise(ShrinkingAlgorithm.java:61)
	at net.jqwik.engine.properties.shrinking.ShrinkingAlgorithm.shrink(ShrinkingAlgorithm.java:36)
	at net.jqwik.engine.properties.shrinking.PropertyShrinker.shrinkAsLongAsSampleImproves(PropertyShrinker.java:135)
	at net.jqwik.engine.properties.shrinking.PropertyShrinker.lambda$shrink$3(PropertyShrinker.java:87)
	at net.jqwik.engine.execution.lifecycle.CurrentTestDescriptor.runWithDescriptor(CurrentTestDescriptor.java:17)
	at net.jqwik.engine.properties.shrinking.PropertyShrinker.lambda$withTimeout$4(PropertyShrinker.java:103)
	at net.jqwik.engine.execution.lifecycle.CurrentDomainContext.runWithContext(CurrentDomainContext.java:28)
	at net.jqwik.engine.properties.shrinking.PropertyShrinker.lambda$withTimeout$5(PropertyShrinker.java:101)
	at java.base/java.util.concurrent.CompletableFuture$AsyncSupply.run(CompletableFuture.java:1768)
	at java.base/java.util.concurrent.CompletableFuture$AsyncSupply.exec(CompletableFuture.java:1760)
	at java.base/java.util.concurrent.ForkJoinTask.doExec(ForkJoinTask.java:387)
	at java.base/java.util.concurrent.ForkJoinPool$WorkQueue.topLevelExec(ForkJoinPool.java:1312)
	at java.base/java.util.concurrent.ForkJoinPool.scan(ForkJoinPool.java:1843)
	at java.base/java.util.concurrent.ForkJoinPool.runWorker(ForkJoinPool.java:1808)
	at java.base/java.util.concurrent.ForkJoinWorkerThread.run(ForkJoinWorkerThread.java:188)
]]></error>
    <system-out><![CDATA[timestamp = 2026-01-28T21:45:30.955716, PetClinicSearchFilterProperties:Feature: pet-clinic-cicd-pipeline, Property 12: Owner city filter accuracy = 
  java.lang.NullPointerException:
    Cannot invoke "com.petclinic.backend.repository.OwnerRepository.save(Object)" because "this.ownerRepository" is null

                              |-----------------------jqwik-----------------------
tries = 11                    | # of calls to property
checks = 1                    | # of not rejected calls
generation = RANDOMIZED       | parameters are randomly generated
after-failure = SAMPLE_FIRST  | try previously failed sample, then previous seed
when-fixed-seed = ALLOW       | fixing the random seed is allowed
edge-cases#mode = MIXIN       | edge cases are mixed in
edge-cases#total = 0          | # of all combined edge cases
edge-cases#tried = 0          | # of edge cases tried in current run
seed = 6673461993274445058    | random seed to reproduce generated values

Shrunk Sample (53 steps)
------------------------
  targetCity: "!"
  cities: ["!", "!", "!"]
  firstNames: ["!", "!", "!"]

Original Sample
---------------
  targetCity: "Ǩ軌㝼괢巴㊞ꋁ芍"
  cities:
    [
      "地匫𥉉㚽寂덟h슼̅", 
      "ց쫑蝺ﺦꌫ㛾ㄼ졯呺媻䘳杂ⲿ鲀㷏ᔘ⌌ą︦⼳졦璖ⴄ͉劲䢥Ⱓ䞽ذṅⓓᓾং硁듚ꎵ﷋㚐쌪䆱Ꭼꃲ莾슜镉캀ꄛ䡌睒륂瑟ퟫ꾫樀ͷ뾐킷딫瓰솤牡⹥᥸퉄䀥쒧忔컸筏䭟ם徣얶潚捓Ʇ䰒ኞ׏坘姁탂厃♭ܮ䄙摹呣惽昃貑构䞡폓∴⭟럮Ɔࠀ얱㕡骻굃厳쭑놟㨉궿뽄ᦚ仛拲삎콑㚹࠳Į쁈㈲灗氣曁俜⥱뷌綊鲔⬎滏蔱⵷颅ꈄ藭ꔚ쐟⺂︨멗憸繞鄐챃릚㊸䑠휟츭罚齰ﰦ騇窤翅鷚㳷㟁̂行좴Ő嵲Ὺ뻑䄒몋䵡ᡂ걘骦괎쳋⢩沭Ⴙ冒䥵ᰄꊠ槑ࠎ戅쪦䈖ﴮಃퟅ羘⩽춴⎕៺⤫矰藽䝥믆﹋鹕㛦䥝察貞펚孮섢찜宕맃쿐醑Jﳕ此엜뢫ဩ赗玉ߴ⃓㤸ᔈ멚痔胢忝頺嶬⟯ή臍굸ခ튦풄圴佡㶠城丿畻ᨮ▘島䉱袳戼﵇ᇹ몽鰀㸿ꣂ롩",
      "蝈電曮䂍Ϳ対", "ꭨ缜㬟"
    ]
  firstNames:
    [
      "⫰蓚눋ㅳ佃珏҄೐ᗊ焊更閦ᝫ몢鈁්⾇忕鴲䇙㋡᝼ꐳ∙⟟㹶䲵殍暓቞渿硁ᇹ蒮䶪휸Ն云윹ꒂ핋䒘␡ﱓ붔葏⧞諂緳Ýꮏ￁㇥꘩珩뢀䧠⻏淀跴ꞎ濞ⲻ戵䨙ᮨ돵謆끀棫侈辢ྚ兛쮊⠁긬⑂헣国✺䴯ớ흘蕩䖅襂潇ᚧ닥圬鸟懂椚毡䶁앳橄뚪ᓈꭹ鄪㻛葆⿕蹈汽轱㖂ⰽㄝ栗敘ᙃ魦믣䯻扥޷觧龌䝘䮜役苻䃌⻼毎ᳯꄟ샯㕊獴醧跽写⍂ꣷ襚鵞વ⤦㏕캍랣욣⋌幪䠊别▃Ｙ㄰ꇴ泍볰肼튧朵ካ㢊걇嚃媉ꨵ䫜纔㕮ῼ慎縋⪕ૄᔰ↨䉺귬풠歋䄿櫰饊핓傿ᠰᮟ楄ᡈ桦᚟ꖺ퐲蟥侙Ήᔀꪬ獽봋㠫彂궥崍圵첺鋶鴼ｩ궍鵛垠㘽ͳィ緻짂䩎鰱쯎햴巳閍殸唽㷇ぅ刐",
      "핔Კ", "狍٠ワ㤦஌꒮쮳ﶵᡰꓜ", "⁯"
    ]

  Original Error
  --------------
  java.lang.NullPointerException:
    Cannot invoke "com.petclinic.backend.repository.OwnerRepository.save(Object)" because "this.ownerRepository" is null


]]></system-out>
  </testcase>
  <testcase name="Feature: pet-clinic-cicd-pipeline, Property 12: Owner last name search accuracy" classname="com.petclinic.backend.properties.PetClinicSearchFilterProperties" time="10.046">
    <error message="Cannot invoke &quot;com.petclinic.backend.repository.OwnerRepository.save(Object)&quot; because &quot;this.ownerRepository&quot; is null" type="java.lang.NullPointerException"><![CDATA[java.lang.NullPointerException: Cannot invoke "com.petclinic.backend.repository.OwnerRepository.save(Object)" because "this.ownerRepository" is null
	at com.petclinic.backend.properties.PetClinicSearchFilterProperties.ownerLastNameSearchAccuracy(PetClinicSearchFilterProperties.java:110)
	at java.base/java.lang.reflect.Method.invoke(Method.java:580)
	at net.jqwik.engine.execution.CheckedPropertyFactory.lambda$createRawFunction$1(CheckedPropertyFactory.java:84)
	at net.jqwik.engine.execution.CheckedPropertyFactory.lambda$createRawFunction$2(CheckedPropertyFactory.java:91)
	at net.jqwik.engine.properties.CheckedFunction.execute(CheckedFunction.java:17)
	at net.jqwik.api.lifecycle.AroundTryHook.lambda$static$0(AroundTryHook.java:57)
	at net.jqwik.engine.execution.lifecycle.HookSupport.lambda$wrap$2(HookSupport.java:48)
	at net.jqwik.engine.hooks.lifecycle.TryLifecycleMethodsHook.aroundTry(TryLifecycleMethodsHook.java:56)
	at net.jqwik.engine.execution.lifecycle.HookSupport.lambda$wrap$3(HookSupport.java:53)
	at net.jqwik.engine.execution.lifecycle.HookSupport.lambda$wrap$2(HookSupport.java:48)
	at net.jqwik.engine.hooks.lifecycle.BeforeTryMembersHook.aroundTry(BeforeTryMembersHook.java:69)
	at net.jqwik.engine.execution.lifecycle.HookSupport.lambda$wrap$3(HookSupport.java:53)
	at net.jqwik.engine.execution.CheckedPropertyFactory.lambda$createTryExecutor$0(CheckedPropertyFactory.java:60)
	at net.jqwik.engine.execution.lifecycle.AroundTryLifecycle.execute(AroundTryLifecycle.java:23)
	at net.jqwik.engine.properties.GenericProperty.lambda$createFalsifier$1(GenericProperty.java:229)
	at net.jqwik.engine.properties.shrinking.PropertyShrinker.lambda$shrink$0(PropertyShrinker.java:55)
	at net.jqwik.engine.properties.shrinking.PropertyShrinker.lambda$shrinkAsLongAsSampleImproves$6(PropertyShrinker.java:122)
	at net.jqwik.engine.properties.shrinking.AbstractSampleShrinker.lambda$falsify$5(AbstractSampleShrinker.java:91)
	at java.base/java.util.HashMap.computeIfAbsent(HashMap.java:1228)
	at net.jqwik.engine.properties.shrinking.AbstractSampleShrinker.falsify(AbstractSampleShrinker.java:91)
	at net.jqwik.engine.properties.shrinking.AbstractSampleShrinker.lambda$shrink$2(AbstractSampleShrinker.java:53)
	at java.base/java.util.stream.ReferencePipeline$3$1.accept(ReferencePipeline.java:197)
	at java.base/java.util.stream.ReferencePipeline$2$1.accept(ReferencePipeline.java:179)
	at java.base/java.util.stream.ReferencePipeline$15$1.accept(ReferencePipeline.java:541)
	at java.base/java.util.stream.ReferencePipeline$3$1.accept(ReferencePipeline.java:197)
	at java.base/java.util.stream.StreamSpliterators$WrappingSpliterator.tryAdvance(StreamSpliterators.java:300)
	at net.jqwik.engine.support.StreamConcatenation$ConcatSpliterator.tryAdvance(StreamConcatenation.java:302)
	at net.jqwik.engine.support.StreamConcatenation$ConcatSpliterator.tryAdvance(StreamConcatenation.java:302)
	at net.jqwik.engine.support.StreamConcatenation$ConcatSpliterator.tryAdvance(StreamConcatenation.java:302)
	at java.base/java.util.stream.ReferencePipeline.forEachWithCancel(ReferencePipeline.java:129)
	at java.base/java.util.stream.AbstractPipeline.copyIntoWithCancel(AbstractPipeline.java:527)
	at java.base/java.util.stream.AbstractPipeline.copyInto(AbstractPipeline.java:513)
	at java.base/java.util.stream.AbstractPipeline.wrapAndCopyInto(AbstractPipeline.java:499)
	at java.base/java.util.stream.FindOps$FindOp.evaluateSequential(FindOps.java:150)
	at java.base/java.util.stream.AbstractPipeline.evaluate(AbstractPipeline.java:234)
	at java.base/java.util.stream.ReferencePipeline.findAny(ReferencePipeline.java:652)
	at net.jqwik.engine.properties.shrinking.AbstractSampleShrinker.shrink(AbstractSampleShrinker.java:63)
	at net.jqwik.engine.properties.shrinking.OneAfterTheOtherParameterShrinker.shrinkSingleParameter(OneAfterTheOtherParameterShrinker.java:43)
	at net.jqwik.engine.properties.shrinking.OneAfterTheOtherParameterShrinker.shrink(OneAfterTheOtherParameterShrinker.java:25)
	at net.jqwik.engine.properties.shrinking.ShrinkingAlgorithm.shrinkOneParameterAfterTheOther(ShrinkingAlgorithm.java:52)
	at net.jqwik.engine.properties.shrinking.ShrinkingAlgorithm.shrink(ShrinkingAlgorithm.java:32)
	at net.jqwik.engine.properties.shrinking.PropertyShrinker.shrinkAsLongAsSampleImproves(PropertyShrinker.java:135)
	at net.jqwik.engine.properties.shrinking.PropertyShrinker.lambda$shrink$3(PropertyShrinker.java:87)
	at net.jqwik.engine.execution.lifecycle.CurrentTestDescriptor.runWithDescriptor(CurrentTestDescriptor.java:17)
	at net.jqwik.engine.properties.shrinking.PropertyShrinker.lambda$withTimeout$4(PropertyShrinker.java:103)
	at net.jqwik.engine.execution.lifecycle.CurrentDomainContext.runWithContext(CurrentDomainContext.java:28)
	at net.jqwik.engine.properties.shrinking.PropertyShrinker.lambda$withTimeout$5(PropertyShrinker.java:101)
	at java.base/java.util.concurrent.CompletableFuture$AsyncSupply.run(CompletableFuture.java:1768)
	at java.base/java.util.concurrent.CompletableFuture$AsyncSupply.exec(CompletableFuture.java:1760)
	at java.base/java.util.concurrent.ForkJoinTask.doExec(ForkJoinTask.java:387)
	at java.base/java.util.concurrent.ForkJoinPool$WorkQueue.topLevelExec(ForkJoinPool.java:1312)
	at java.base/java.util.concurrent.ForkJoinPool.scan(ForkJoinPool.java:1843)
	at java.base/java.util.concurrent.ForkJoinPool.runWorker(ForkJoinPool.java:1808)
	at java.base/java.util.concurrent.ForkJoinWorkerThread.run(ForkJoinWorkerThread.java:188)
]]></error>
    <system-out><![CDATA[timestamp = 2026-01-28T21:45:41.021939, PetClinicSearchFilterProperties:Feature: pet-clinic-cicd-pipeline, Property 12: Owner last name search accuracy = 
  java.lang.NullPointerException:
    Cannot invoke "com.petclinic.backend.repository.OwnerRepository.save(Object)" because "this.ownerRepository" is null

                              |-----------------------jqwik-----------------------
tries = 5                     | # of calls to property
checks = 1                    | # of not rejected calls
generation = RANDOMIZED       | parameters are randomly generated
after-failure = SAMPLE_FIRST  | try previously failed sample, then previous seed
when-fixed-seed = ALLOW       | fixing the random seed is allowed
edge-cases#mode = MIXIN       | edge cases are mixed in
edge-cases#total = 0          | # of all combined edge cases
edge-cases#tried = 0          | # of edge cases tried in current run
seed = 8675739245282389889    | random seed to reproduce generated values

Shrunk Sample (144 steps)
-------------------------
  searchTerm: "!"
  firstNames: ["!", "!", "!", "!", "!", "!", "!", "!", "!", "!"]
  lastNames: ["!", "!", "!", "!", "!", "!", "!", "!", "!", "!"]

Original Sample
---------------
  searchTerm: "ꁽ銣菣溃ᬏ"
  firstNames:
    [
      "ޜ䞪얦כּ䙣Ẑ鯷泀⒭섬", "嬉迡봼䚈", "Ἲ郰鷌藇졭", "괋皶駅ꦶ┟昸쟍ⓩ꼕䇰", "珄麟キ틠", "ᐼষꛛᕖ攎ꢸ", "Ꙝ鴒猛", "鐧篅䃎渻☇", "↿䲨♡", "᜻觰킓췍퀆照"
    ]
  lastNames:
    [
      "ಆ᫾瘼벲㴄Ｎ鯸쐳◥怊䚤甞錰穁俇詒攗饠魆ֆꗧ눵ᲆ껵ࠎ쫼煜䆅얷苔㈏봘셙鷺⒇ኻᕻ⊡ࠖ宛贷葵䑰퍉믮ᵼ셼䒨☌酡켄℗郌꣘븐ⴚ㎱灡㑸⌫鶾⊇匮굣ㆁ⸛縧阚ꡱ䄵懐芶㜤虳冗™뇈霁挂주도𢡄门䮃㗂ʨ矟饃Ꜹ锣㡍䃞㣖儜뀣캲ᓔ铭辐鄝去퓸㮡Ꚅ욫ৌ纙តꨬ᭤ǵ쥤찭ㅓ뙙＊㙻၏瞽ﲽ蚷鴪ᙕ챵俱퓒㌣蘭챹杖섫맳灐挼》㊨썪懐돣沬Ѹឍ嵏쩁휈ꏡ䋋쩭覼ᘉ麫洼﷈䯋讙㊵",
      "맟쉝ⳁຳ몿狠⺝踠", "ꏅ㙸랑崤꾔윁ຯ븧", "ἀ爜஭凗❧", "峏啦", "퇵ฺ抜䊊챛즛︯ῇ藮ﵿ㢸䑋Ꮶퟹง薪঍咹ꭷ糒稦ꏹ樓줕䅥뮡ӆ켆ᥨ", "ŒὍᲝⲔહ", "漆᢬纱雺⨪௤髑枱", 
      "䙀ᚁ㯉⾖絍", "蓲庋从睳ꃤ㫪ⰾ럣"
    ]

  Original Error
  --------------
  java.lang.NullPointerException:
    Cannot invoke "com.petclinic.backend.repository.OwnerRepository.save(Object)" because "this.ownerRepository" is null


]]></system-out>
    <system-err><![CDATA[Jan 28, 2026 9:45:40 PM net.jqwik.engine.properties.shrinking.PropertyShrinker logShrinkingBoundReached
WARNING: Shrinking timeout reached after 10 seconds.
  You can switch on full shrinking with '@Property(shrinking = ShrinkingMode.FULL)'
]]></system-err>
  </testcase>
  <testcase name="Feature: pet-clinic-cicd-pipeline, Property 12: Empty results for non-matching searches" classname="com.petclinic.backend.properties.PetClinicSearchFilterProperties" time="0.29">
    <error message="Cannot invoke &quot;com.petclinic.backend.repository.OwnerRepository.save(Object)&quot; because &quot;this.ownerRepository&quot; is null" type="java.lang.NullPointerException"><![CDATA[java.lang.NullPointerException: Cannot invoke "com.petclinic.backend.repository.OwnerRepository.save(Object)" because "this.ownerRepository" is null
	at com.petclinic.backend.properties.PetClinicSearchFilterProperties.emptyResultsForNonMatchingSearches(PetClinicSearchFilterProperties.java:438)
	at java.base/java.lang.reflect.Method.invoke(Method.java:580)
	at net.jqwik.engine.execution.CheckedPropertyFactory.lambda$createRawFunction$1(CheckedPropertyFactory.java:84)
	at net.jqwik.engine.execution.CheckedPropertyFactory.lambda$createRawFunction$2(CheckedPropertyFactory.java:91)
	at net.jqwik.engine.properties.CheckedFunction.execute(CheckedFunction.java:17)
	at net.jqwik.api.lifecycle.AroundTryHook.lambda$static$0(AroundTryHook.java:57)
	at net.jqwik.engine.execution.lifecycle.HookSupport.lambda$wrap$2(HookSupport.java:48)
	at net.jqwik.engine.hooks.lifecycle.TryLifecycleMethodsHook.aroundTry(TryLifecycleMethodsHook.java:56)
	at net.jqwik.engine.execution.lifecycle.HookSupport.lambda$wrap$3(HookSupport.java:53)
	at net.jqwik.engine.execution.lifecycle.HookSupport.lambda$wrap$2(HookSupport.java:48)
	at net.jqwik.engine.hooks.lifecycle.BeforeTryMembersHook.aroundTry(BeforeTryMembersHook.java:69)
	at net.jqwik.engine.execution.lifecycle.HookSupport.lambda$wrap$3(HookSupport.java:53)
	at net.jqwik.engine.execution.CheckedPropertyFactory.lambda$createTryExecutor$0(CheckedPropertyFactory.java:60)
	at net.jqwik.engine.execution.lifecycle.AroundTryLifecycle.execute(AroundTryLifecycle.java:23)
	at net.jqwik.engine.properties.GenericProperty.lambda$createFalsifier$1(GenericProperty.java:229)
	at net.jqwik.engine.properties.shrinking.PropertyShrinker.lambda$shrink$0(PropertyShrinker.java:55)
	at net.jqwik.engine.properties.shrinking.PropertyShrinker.lambda$shrinkAsLongAsSampleImproves$6(PropertyShrinker.java:122)
	at net.jqwik.engine.properties.shrinking.AbstractSampleShrinker.lambda$falsify$5(AbstractSampleShrinker.java:91)
	at java.base/java.util.HashMap.computeIfAbsent(HashMap.java:1228)
	at net.jqwik.engine.properties.shrinking.AbstractSampleShrinker.falsify(AbstractSampleShrinker.java:91)
	at net.jqwik.engine.properties.shrinking.AbstractSampleShrinker.lambda$shrink$2(AbstractSampleShrinker.java:53)
	at java.base/java.util.stream.ReferencePipeline$3$1.accept(ReferencePipeline.java:197)
	at java.base/java.util.stream.ReferencePipeline$2$1.accept(ReferencePipeline.java:179)
	at java.base/java.util.stream.ReferencePipeline$15$1.accept(ReferencePipeline.java:541)
	at java.base/java.util.stream.ReferencePipeline$3$1.accept(ReferencePipeline.java:197)
	at java.base/java.util.stream.StreamSpliterators$WrappingSpliterator.tryAdvance(StreamSpliterators.java:300)
	at net.jqwik.engine.support.StreamConcatenation$ConcatSpliterator.tryAdvance(StreamConcatenation.java:302)
	at net.jqwik.engine.support.StreamConcatenation$ConcatSpliterator.tryAdvance(StreamConcatenation.java:302)
	at net.jqwik.engine.support.StreamConcatenation$ConcatSpliterator.tryAdvance(StreamConcatenation.java:302)
	at java.base/java.util.stream.ReferencePipeline.forEachWithCancel(ReferencePipeline.java:129)
	at java.base/java.util.stream.AbstractPipeline.copyIntoWithCancel(AbstractPipeline.java:527)
	at java.base/java.util.stream.AbstractPipeline.copyInto(AbstractPipeline.java:513)
	at java.base/java.util.stream.AbstractPipeline.wrapAndCopyInto(AbstractPipeline.java:499)
	at java.base/java.util.stream.FindOps$FindOp.evaluateSequential(FindOps.java:150)
	at java.base/java.util.stream.AbstractPipeline.evaluate(AbstractPipeline.java:234)
	at java.base/java.util.stream.ReferencePipeline.findAny(ReferencePipeline.java:652)
	at net.jqwik.engine.properties.shrinking.AbstractSampleShrinker.shrink(AbstractSampleShrinker.java:63)
	at net.jqwik.engine.properties.shrinking.OneAfterTheOtherParameterShrinker.shrinkSingleParameter(OneAfterTheOtherParameterShrinker.java:43)
	at net.jqwik.engine.properties.shrinking.OneAfterTheOtherParameterShrinker.shrink(OneAfterTheOtherParameterShrinker.java:25)
	at net.jqwik.engine.properties.shrinking.ShrinkingAlgorithm.shrinkOneParameterAfterTheOther(ShrinkingAlgorithm.java:52)
	at net.jqwik.engine.properties.shrinking.ShrinkingAlgorithm.shrink(ShrinkingAlgorithm.java:32)
	at net.jqwik.engine.properties.shrinking.PropertyShrinker.shrinkAsLongAsSampleImproves(PropertyShrinker.java:135)
	at net.jqwik.engine.properties.shrinking.PropertyShrinker.lambda$shrink$3(PropertyShrinker.java:87)
	at net.jqwik.engine.execution.lifecycle.CurrentTestDescriptor.runWithDescriptor(CurrentTestDescriptor.java:17)
	at net.jqwik.engine.properties.shrinking.PropertyShrinker.lambda$withTimeout$4(PropertyShrinker.java:103)
	at net.jqwik.engine.execution.lifecycle.CurrentDomainContext.runWithContext(CurrentDomainContext.java:28)
	at net.jqwik.engine.properties.shrinking.PropertyShrinker.lambda$withTimeout$5(PropertyShrinker.java:101)
	at java.base/java.util.concurrent.CompletableFuture$AsyncSupply.run(CompletableFuture.java:1768)
	at java.base/java.util.concurrent.CompletableFuture$AsyncSupply.exec(CompletableFuture.java:1760)
	at java.base/java.util.concurrent.ForkJoinTask.doExec(ForkJoinTask.java:387)
	at java.base/java.util.concurrent.ForkJoinPool$WorkQueue.topLevelExec(ForkJoinPool.java:1312)
	at java.base/java.util.concurrent.ForkJoinPool.scan(ForkJoinPool.java:1843)
	at java.base/java.util.concurrent.ForkJoinPool.runWorker(ForkJoinPool.java:1808)
	at java.base/java.util.concurrent.ForkJoinWorkerThread.run(ForkJoinWorkerThread.java:188)
]]></error>
    <system-out><![CDATA[timestamp = 2026-01-28T21:45:41.315488, PetClinicSearchFilterProperties:Feature: pet-clinic-cicd-pipeline, Property 12: Empty results for non-matching searches = 
  java.lang.NullPointerException:
    Cannot invoke "com.petclinic.backend.repository.OwnerRepository.save(Object)" because "this.ownerRepository" is null

                              |-----------------------jqwik-----------------------
tries = 1                     | # of calls to property
checks = 1                    | # of not rejected calls
generation = RANDOMIZED       | parameters are randomly generated
after-failure = SAMPLE_FIRST  | try previously failed sample, then previous seed
when-fixed-seed = ALLOW       | fixing the random seed is allowed
edge-cases#mode = MIXIN       | edge cases are mixed in
edge-cases#total = 0          | # of all combined edge cases
edge-cases#tried = 0          | # of edge cases tried in current run
seed = -8438003715561282019   | random seed to reproduce generated values

Shrunk Sample (20 steps)
------------------------
  existingNames: ["!", "!", "!"]

Original Sample
---------------
  existingNames: ["▒⋀⺀焁堼", "㱫ៜ廤鲽⪫秦咣ⰳ꺔‘", "喑", "ᗃ煣㊊逐謂壉렮쵆ꂇ艘"]

  Original Error
  --------------
  java.lang.NullPointerException:
    Cannot invoke "com.petclinic.backend.repository.OwnerRepository.save(Object)" because "this.ownerRepository" is null


]]></system-out>
  </testcase>
  <testcase name="Feature: pet-clinic-cicd-pipeline, Property 12: Pet species filter accuracy" classname="com.petclinic.backend.properties.PetClinicSearchFilterProperties" time="1.722">
    <error message="Cannot invoke &quot;com.petclinic.backend.repository.OwnerRepository.save(Object)&quot; because &quot;this.ownerRepository&quot; is null" type="java.lang.NullPointerException"><![CDATA[java.lang.NullPointerException: Cannot invoke "com.petclinic.backend.repository.OwnerRepository.save(Object)" because "this.ownerRepository" is null
	at com.petclinic.backend.properties.PetClinicSearchFilterProperties.createTestOwner(PetClinicSearchFilterProperties.java:465)
	at com.petclinic.backend.properties.PetClinicSearchFilterProperties.petSpeciesFilterAccuracy(PetClinicSearchFilterProperties.java:260)
	at java.base/java.lang.reflect.Method.invoke(Method.java:580)
	at net.jqwik.engine.execution.CheckedPropertyFactory.lambda$createRawFunction$1(CheckedPropertyFactory.java:84)
	at net.jqwik.engine.execution.CheckedPropertyFactory.lambda$createRawFunction$2(CheckedPropertyFactory.java:91)
	at net.jqwik.engine.properties.CheckedFunction.execute(CheckedFunction.java:17)
	at net.jqwik.api.lifecycle.AroundTryHook.lambda$static$0(AroundTryHook.java:57)
	at net.jqwik.engine.execution.lifecycle.HookSupport.lambda$wrap$2(HookSupport.java:48)
	at net.jqwik.engine.hooks.lifecycle.TryLifecycleMethodsHook.aroundTry(TryLifecycleMethodsHook.java:56)
	at net.jqwik.engine.execution.lifecycle.HookSupport.lambda$wrap$3(HookSupport.java:53)
	at net.jqwik.engine.execution.lifecycle.HookSupport.lambda$wrap$2(HookSupport.java:48)
	at net.jqwik.engine.hooks.lifecycle.BeforeTryMembersHook.aroundTry(BeforeTryMembersHook.java:69)
	at net.jqwik.engine.execution.lifecycle.HookSupport.lambda$wrap$3(HookSupport.java:53)
	at net.jqwik.engine.execution.CheckedPropertyFactory.lambda$createTryExecutor$0(CheckedPropertyFactory.java:60)
	at net.jqwik.engine.execution.lifecycle.AroundTryLifecycle.execute(AroundTryLifecycle.java:23)
	at net.jqwik.engine.properties.GenericProperty.lambda$createFalsifier$1(GenericProperty.java:229)
	at net.jqwik.engine.properties.shrinking.PropertyShrinker.lambda$shrink$0(PropertyShrinker.java:55)
	at net.jqwik.engine.properties.shrinking.PropertyShrinker.lambda$shrinkAsLongAsSampleImproves$6(PropertyShrinker.java:122)
	at net.jqwik.engine.properties.shrinking.AbstractSampleShrinker.lambda$falsify$5(AbstractSampleShrinker.java:91)
	at java.base/java.util.HashMap.computeIfAbsent(HashMap.java:1228)
	at net.jqwik.engine.properties.shrinking.AbstractSampleShrinker.falsify(AbstractSampleShrinker.java:91)
	at net.jqwik.engine.properties.shrinking.AbstractSampleShrinker.lambda$shrink$2(AbstractSampleShrinker.java:53)
	at java.base/java.util.stream.ReferencePipeline$3$1.accept(ReferencePipeline.java:197)
	at java.base/java.util.stream.ReferencePipeline$2$1.accept(ReferencePipeline.java:179)
	at java.base/java.util.stream.ReferencePipeline$15$1.accept(ReferencePipeline.java:541)
	at net.jqwik.engine.support.JqwikStreamSupport$1.lambda$tryAdvance$0(JqwikStreamSupport.java:36)
	at java.base/java.util.stream.StreamSpliterators$WrappingSpliterator.tryAdvance(StreamSpliterators.java:300)
	at net.jqwik.engine.support.StreamConcatenation$ConcatSpliterator.tryAdvance(StreamConcatenation.java:302)
	at net.jqwik.engine.support.StreamConcatenation$ConcatSpliterator.tryAdvance(StreamConcatenation.java:302)
	at net.jqwik.engine.support.JqwikStreamSupport$1.lambda$tryAdvance$1(JqwikStreamSupport.java:31)
	at java.base/java.util.stream.StreamSpliterators$WrappingSpliterator.tryAdvance(StreamSpliterators.java:300)
	at net.jqwik.engine.support.StreamConcatenation$ConcatSpliterator.tryAdvance(StreamConcatenation.java:302)
	at net.jqwik.engine.support.StreamConcatenation$ConcatSpliterator.tryAdvance(StreamConcatenation.java:302)
	at net.jqwik.engine.support.JqwikStreamSupport$1.tryAdvance(JqwikStreamSupport.java:31)
	at java.base/java.util.stream.ReferencePipeline.forEachWithCancel(ReferencePipeline.java:129)
	at java.base/java.util.stream.AbstractPipeline.copyIntoWithCancel(AbstractPipeline.java:527)
	at java.base/java.util.stream.AbstractPipeline.copyInto(AbstractPipeline.java:513)
	at java.base/java.util.stream.AbstractPipeline.wrapAndCopyInto(AbstractPipeline.java:499)
	at java.base/java.util.stream.FindOps$FindOp.evaluateSequential(FindOps.java:150)
	at java.base/java.util.stream.AbstractPipeline.evaluate(AbstractPipeline.java:234)
	at java.base/java.util.stream.ReferencePipeline.findAny(ReferencePipeline.java:652)
	at net.jqwik.engine.properties.shrinking.AbstractSampleShrinker.shrink(AbstractSampleShrinker.java:63)
	at net.jqwik.engine.properties.shrinking.PairwiseParameterShrinker.shrinkPair(PairwiseParameterShrinker.java:54)
	at net.jqwik.engine.properties.shrinking.PairwiseParameterShrinker.shrink(PairwiseParameterShrinker.java:28)
	at net.jqwik.engine.properties.shrinking.ShrinkingAlgorithm.shrinkParametersPairwise(ShrinkingAlgorithm.java:61)
	at net.jqwik.engine.properties.shrinking.ShrinkingAlgorithm.shrink(ShrinkingAlgorithm.java:36)
	at net.jqwik.engine.properties.shrinking.PropertyShrinker.shrinkAsLongAsSampleImproves(PropertyShrinker.java:135)
	at net.jqwik.engine.properties.shrinking.PropertyShrinker.lambda$shrink$3(PropertyShrinker.java:87)
	at net.jqwik.engine.execution.lifecycle.CurrentTestDescriptor.runWithDescriptor(CurrentTestDescriptor.java:17)
	at net.jqwik.engine.properties.shrinking.PropertyShrinker.lambda$withTimeout$4(PropertyShrinker.java:103)
	at net.jqwik.engine.execution.lifecycle.CurrentDomainContext.runWithContext(CurrentDomainContext.java:28)
	at net.jqwik.engine.properties.shrinking.PropertyShrinker.lambda$withTimeout$5(PropertyShrinker.java:101)
	at java.base/java.util.concurrent.CompletableFuture$AsyncSupply.run(CompletableFuture.java:1768)
	at java.base/java.util.concurrent.CompletableFuture$AsyncSupply.exec(CompletableFuture.java:1760)
	at java.base/java.util.concurrent.ForkJoinTask.doExec(ForkJoinTask.java:387)
	at java.base/java.util.concurrent.ForkJoinPool$WorkQueue.topLevelExec(ForkJoinPool.java:1312)
	at java.base/java.util.concurrent.ForkJoinPool.scan(ForkJoinPool.java:1843)
	at java.base/java.util.concurrent.ForkJoinPool.runWorker(ForkJoinPool.java:1808)
	at java.base/java.util.concurrent.ForkJoinWorkerThread.run(ForkJoinWorkerThread.java:188)
]]></error>
    <system-out><![CDATA[timestamp = 2026-01-28T21:45:43.038930, PetClinicSearchFilterProperties:Feature: pet-clinic-cicd-pipeline, Property 12: Pet species filter accuracy = 
  java.lang.NullPointerException:
    Cannot invoke "com.petclinic.backend.repository.OwnerRepository.save(Object)" because "this.ownerRepository" is null

                              |-----------------------jqwik-----------------------
tries = 14                    | # of calls to property
checks = 1                    | # of not rejected calls
generation = RANDOMIZED       | parameters are randomly generated
after-failure = SAMPLE_FIRST  | try previously failed sample, then previous seed
when-fixed-seed = ALLOW       | fixing the random seed is allowed
edge-cases#mode = MIXIN       | edge cases are mixed in
edge-cases#total = 0          | # of all combined edge cases
edge-cases#tried = 0          | # of edge cases tried in current run
seed = -1784264129464147149   | random seed to reproduce generated values

Shrunk Sample (40 steps)
------------------------
  targetSpecies: "!"
  species: ["!", "!", "!"]
  petNames: ["!", "!", "!"]

Original Sample
---------------
  targetSpecies: "陇"
  species: ["린ᔹ", "譻鳆◞䔰", "獚쫼㈆⌙", "铱䉴ퟹ㮣"]
  petNames: ["ര권舵嵚", "쓑蟋᩻", "इ━ﺁ", "Ⳮቀꥵᷧ郚"]

  Original Error
  --------------
  java.lang.NullPointerException:
    Cannot invoke "com.petclinic.backend.repository.OwnerRepository.save(Object)" because "this.ownerRepository" is null


]]></system-out>
  </testcase>
  <testcase name="Feature: pet-clinic-cicd-pipeline, Property 12: Pet name search accuracy" classname="com.petclinic.backend.properties.PetClinicSearchFilterProperties" time="10.013">
    <error message="Cannot invoke &quot;com.petclinic.backend.repository.OwnerRepository.save(Object)&quot; because &quot;this.ownerRepository&quot; is null" type="java.lang.NullPointerException"><![CDATA[java.lang.NullPointerException: Cannot invoke "com.petclinic.backend.repository.OwnerRepository.save(Object)" because "this.ownerRepository" is null
	at com.petclinic.backend.properties.PetClinicSearchFilterProperties.createTestOwner(PetClinicSearchFilterProperties.java:465)
	at com.petclinic.backend.properties.PetClinicSearchFilterProperties.petNameSearchAccuracy(PetClinicSearchFilterProperties.java:209)
	at java.base/java.lang.reflect.Method.invoke(Method.java:580)
	at net.jqwik.engine.execution.CheckedPropertyFactory.lambda$createRawFunction$1(CheckedPropertyFactory.java:84)
	at net.jqwik.engine.execution.CheckedPropertyFactory.lambda$createRawFunction$2(CheckedPropertyFactory.java:91)
	at net.jqwik.engine.properties.CheckedFunction.execute(CheckedFunction.java:17)
	at net.jqwik.api.lifecycle.AroundTryHook.lambda$static$0(AroundTryHook.java:57)
	at net.jqwik.engine.execution.lifecycle.HookSupport.lambda$wrap$2(HookSupport.java:48)
	at net.jqwik.engine.hooks.lifecycle.TryLifecycleMethodsHook.aroundTry(TryLifecycleMethodsHook.java:56)
	at net.jqwik.engine.execution.lifecycle.HookSupport.lambda$wrap$3(HookSupport.java:53)
	at net.jqwik.engine.execution.lifecycle.HookSupport.lambda$wrap$2(HookSupport.java:48)
	at net.jqwik.engine.hooks.lifecycle.BeforeTryMembersHook.aroundTry(BeforeTryMembersHook.java:69)
	at net.jqwik.engine.execution.lifecycle.HookSupport.lambda$wrap$3(HookSupport.java:53)
	at net.jqwik.engine.execution.CheckedPropertyFactory.lambda$createTryExecutor$0(CheckedPropertyFactory.java:60)
	at net.jqwik.engine.execution.lifecycle.AroundTryLifecycle.execute(AroundTryLifecycle.java:23)
	at net.jqwik.engine.properties.GenericProperty.lambda$createFalsifier$1(GenericProperty.java:229)
	at net.jqwik.engine.properties.shrinking.PropertyShrinker.lambda$shrink$0(PropertyShrinker.java:55)
	at net.jqwik.engine.properties.shrinking.PropertyShrinker.lambda$shrinkAsLongAsSampleImproves$6(PropertyShrinker.java:122)
	at net.jqwik.engine.properties.shrinking.AbstractSampleShrinker.lambda$falsify$5(AbstractSampleShrinker.java:91)
	at java.base/java.util.HashMap.computeIfAbsent(HashMap.java:1228)
	at net.jqwik.engine.properties.shrinking.AbstractSampleShrinker.falsify(AbstractSampleShrinker.java:91)
	at net.jqwik.engine.properties.shrinking.AbstractSampleShrinker.lambda$shrink$2(AbstractSampleShrinker.java:53)
	at java.base/java.util.stream.ReferencePipeline$3$1.accept(ReferencePipeline.java:197)
	at java.base/java.util.stream.ReferencePipeline$2$1.accept(ReferencePipeline.java:179)
	at java.base/java.util.stream.ReferencePipeline$15$1.accept(ReferencePipeline.java:541)
	at java.base/java.util.stream.ReferencePipeline$3$1.accept(ReferencePipeline.java:197)
	at java.base/java.util.stream.StreamSpliterators$WrappingSpliterator.tryAdvance(StreamSpliterators.java:300)
	at net.jqwik.engine.support.StreamConcatenation$ConcatSpliterator.tryAdvance(StreamConcatenation.java:302)
	at net.jqwik.engine.support.StreamConcatenation$ConcatSpliterator.tryAdvance(StreamConcatenation.java:302)
	at net.jqwik.engine.support.StreamConcatenation$ConcatSpliterator.tryAdvance(StreamConcatenation.java:302)
	at java.base/java.util.stream.ReferencePipeline.forEachWithCancel(ReferencePipeline.java:129)
	at java.base/java.util.stream.AbstractPipeline.copyIntoWithCancel(AbstractPipeline.java:527)
	at java.base/java.util.stream.AbstractPipeline.copyInto(AbstractPipeline.java:513)
	at java.base/java.util.stream.AbstractPipeline.wrapAndCopyInto(AbstractPipeline.java:499)
	at java.base/java.util.stream.FindOps$FindOp.evaluateSequential(FindOps.java:150)
	at java.base/java.util.stream.AbstractPipeline.evaluate(AbstractPipeline.java:234)
	at java.base/java.util.stream.ReferencePipeline.findAny(ReferencePipeline.java:652)
	at net.jqwik.engine.properties.shrinking.AbstractSampleShrinker.shrink(AbstractSampleShrinker.java:63)
	at net.jqwik.engine.properties.shrinking.OneAfterTheOtherParameterShrinker.shrinkSingleParameter(OneAfterTheOtherParameterShrinker.java:43)
	at net.jqwik.engine.properties.shrinking.OneAfterTheOtherParameterShrinker.shrink(OneAfterTheOtherParameterShrinker.java:25)
	at net.jqwik.engine.properties.shrinking.ShrinkingAlgorithm.shrinkOneParameterAfterTheOther(ShrinkingAlgorithm.java:52)
	at net.jqwik.engine.properties.shrinking.ShrinkingAlgorithm.shrink(ShrinkingAlgorithm.java:32)
	at net.jqwik.engine.properties.shrinking.PropertyShrinker.shrinkAsLongAsSampleImproves(PropertyShrinker.java:135)
	at net.jqwik.engine.properties.shrinking.PropertyShrinker.lambda$shrink$3(PropertyShrinker.java:87)
	at net.jqwik.engine.execution.lifecycle.CurrentTestDescriptor.runWithDescriptor(CurrentTestDescriptor.java:17)
	at net.jqwik.engine.properties.shrinking.PropertyShrinker.lambda$withTimeout$4(PropertyShrinker.java:103)
	at net.jqwik.engine.execution.lifecycle.CurrentDomainContext.runWithContext(CurrentDomainContext.java:28)
	at net.jqwik.engine.properties.shrinking.PropertyShrinker.lambda$withTimeout$5(PropertyShrinker.java:101)
	at java.base/java.util.concurrent.CompletableFuture$AsyncSupply.run(CompletableFuture.java:1768)
	at java.base/java.util.concurrent.CompletableFuture$AsyncSupply.exec(CompletableFuture.java:1760)
	at java.base/java.util.concurrent.ForkJoinTask.doExec(ForkJoinTask.java:387)
	at java.base/java.util.concurrent.ForkJoinPool$WorkQueue.topLevelExec(ForkJoinPool.java:1312)
	at java.base/java.util.concurrent.ForkJoinPool.scan(ForkJoinPool.java:1843)
	at java.base/java.util.concurrent.ForkJoinPool.runWorker(ForkJoinPool.java:1808)
	at java.base/java.util.concurrent.ForkJoinWorkerThread.run(ForkJoinWorkerThread.java:188)
]]></error>
    <system-out><![CDATA[timestamp = 2026-01-28T21:45:53.050556, PetClinicSearchFilterProperties:Feature: pet-clinic-cicd-pipeline, Property 12: Pet name search accuracy = 
  java.lang.NullPointerException:
    Cannot invoke "com.petclinic.backend.repository.OwnerRepository.save(Object)" because "this.ownerRepository" is null

                              |-----------------------jqwik-----------------------
tries = 2                     | # of calls to property
checks = 1                    | # of not rejected calls
generation = RANDOMIZED       | parameters are randomly generated
after-failure = SAMPLE_FIRST  | try previously failed sample, then previous seed
when-fixed-seed = ALLOW       | fixing the random seed is allowed
edge-cases#mode = MIXIN       | edge cases are mixed in
edge-cases#total = 0          | # of all combined edge cases
edge-cases#tried = 0          | # of edge cases tried in current run
seed = 6913137976142411756    | random seed to reproduce generated values

Shrunk Sample (140 steps)
-------------------------
  searchTerm: "!"
  petNames: ["!", "!", "!", "!", "!", "!", "!", "!", "!", "!"]
  species: ["!", "!", "!", "!", "!", "!", "!", "!", "!", "!"]

Original Sample
---------------
  searchTerm: "昝ᦋੇὖ藡撊眚Ń"
  petNames:
    [
      "襌䕧ჷ概ᨇ]뤟ො㬗⼢棽⫣嘮⫮영䄳莢ⴀ궵膀㥭蠵邬顠泄뼡槜鬁ꓡﶹ過첐Ⰷ妑ᶶ获㕽鴬⋆댕껮譳튮坢옥㐐趰ᔓ⒗ꅊ朢曜㑁ꨶ疥⤴餹⹛㰰㻆萳僄仐鐕嬮쒰柶ީ휨燆☴쨋๠ᒈ꣌ᳱꮸ탣㮙ɜ焃謧啻嗝燳㵌Ⴂ웊뼆㱜ꍠ▉씠虳肮㹎સ๴ⱇ詖",
      "㌱ϼ", "䍽駲ߑ≡쟓穄ⳋ䒜", 
      "곮﹮˚䁙待歑銵씟ᮋ㣧ꦃ֒蟍旨擽盐승面聝璼昵꾟꿶㮉㞐讓旌懲縵٤麔쌄俹썱契ソ軒▖閳仦哔ᚨ䁣즆俨墶큑휓޴ﵛ鴉ﾇ蔒蕥졿ꛤ톞Ếᾓ힮縌ᇾ箓﫤齟⊯끍쌭죲ଅ秵먯ӧ툑ⵞ㚊垫鯙䴺ほ䫛礑턣瑱ﭫ䰱퇠ᧀ䫗⎯撶᳞䁒㑗绔鿝摷Ꞻᆒ嗺┊⥙녈茥䃡⋼릖轛꘸勤薣ꖋ㜢﷏ாĨ洆谡礪┥㎠섿ꣳ獋꫌ꬦ͒愅⨀旛䌇镮䳇驎ᮼ⹇噏ㄷ佼쑗澛ﱪ⪀ꞁ鴞籱ꈾ㓳手ꪬ趹Ↄ㠉罦劝ຎ奕杧␏ᬳ孌ᰘ⃥￼칛",
      "䕼㍷愇", "磊湲완藨蟫럺琽蓙", "圷쾐݇툰誩겣糜", "맙췊㘽䚣몚鉪붆䙯쌧", "蕰雋韛ِ敃ꈡ悫툋಼", "䘯甑"
    ]
  species:
    [
      "崝", "藦㟥႔ⴚﭩ뿣龐", "ଖԁ㭒礐嶝̹ꉂ놬ڜ磇禵醲ꮎ㴦༱ኇ품懙毐☕ဨ拟僀岮隔䭝ڒ儨ኒ꫰ꈯሊ硨䇦ᔹ铻冔꾻䵣ꍟⴱ㹘톴逗䳬ᧄࢵ귏舎ᢜ䑩즋㘨稐㿱笒冱ႏᨊK댾拯ᘄ䟝", "╦혛ぞ⢷", 
      "ⷋ꘡葰曕⌮⨳", "ᬛ", "垰浤", "㪌ᣖ牋쌢ⅈ閜歧", "辰柡", "粽쮣㨈喰콇梀㘊"
    ]

  Original Error
  --------------
  java.lang.NullPointerException:
    Cannot invoke "com.petclinic.backend.repository.OwnerRepository.save(Object)" because "this.ownerRepository" is null


]]></system-out>
    <system-err><![CDATA[Jan 28, 2026 9:45:53 PM net.jqwik.engine.properties.shrinking.PropertyShrinker logShrinkingBoundReached
WARNING: Shrinking timeout reached after 10 seconds.
  You can switch on full shrinking with '@Property(shrinking = ShrinkingMode.FULL)'
]]></system-err>
  </testcase>
  <testcase name="Feature: pet-clinic-cicd-pipeline, Property 12: Pet age range filter accuracy" classname="com.petclinic.backend.properties.PetClinicSearchFilterProperties" time="6.087">
    <error message="Cannot invoke &quot;com.petclinic.backend.repository.OwnerRepository.save(Object)&quot; because &quot;this.ownerRepository&quot; is null" type="java.lang.NullPointerException"><![CDATA[java.lang.NullPointerException: Cannot invoke "com.petclinic.backend.repository.OwnerRepository.save(Object)" because "this.ownerRepository" is null
	at com.petclinic.backend.properties.PetClinicSearchFilterProperties.createTestOwner(PetClinicSearchFilterProperties.java:465)
	at com.petclinic.backend.properties.PetClinicSearchFilterProperties.petAgeRangeFilterAccuracy(PetClinicSearchFilterProperties.java:378)
	at java.base/java.lang.reflect.Method.invoke(Method.java:580)
	at net.jqwik.engine.execution.CheckedPropertyFactory.lambda$createRawFunction$1(CheckedPropertyFactory.java:84)
	at net.jqwik.engine.execution.CheckedPropertyFactory.lambda$createRawFunction$2(CheckedPropertyFactory.java:91)
	at net.jqwik.engine.properties.CheckedFunction.execute(CheckedFunction.java:17)
	at net.jqwik.api.lifecycle.AroundTryHook.lambda$static$0(AroundTryHook.java:57)
	at net.jqwik.engine.execution.lifecycle.HookSupport.lambda$wrap$2(HookSupport.java:48)
	at net.jqwik.engine.hooks.lifecycle.TryLifecycleMethodsHook.aroundTry(TryLifecycleMethodsHook.java:56)
	at net.jqwik.engine.execution.lifecycle.HookSupport.lambda$wrap$3(HookSupport.java:53)
	at net.jqwik.engine.execution.lifecycle.HookSupport.lambda$wrap$2(HookSupport.java:48)
	at net.jqwik.engine.hooks.lifecycle.BeforeTryMembersHook.aroundTry(BeforeTryMembersHook.java:69)
	at net.jqwik.engine.execution.lifecycle.HookSupport.lambda$wrap$3(HookSupport.java:53)
	at net.jqwik.engine.execution.CheckedPropertyFactory.lambda$createTryExecutor$0(CheckedPropertyFactory.java:60)
	at net.jqwik.engine.execution.lifecycle.AroundTryLifecycle.execute(AroundTryLifecycle.java:23)
	at net.jqwik.engine.properties.GenericProperty.lambda$createFalsifier$1(GenericProperty.java:229)
	at net.jqwik.engine.properties.shrinking.PropertyShrinker.lambda$shrink$0(PropertyShrinker.java:55)
	at net.jqwik.engine.properties.shrinking.PropertyShrinker.lambda$shrinkAsLongAsSampleImproves$6(PropertyShrinker.java:122)
	at net.jqwik.engine.properties.shrinking.AbstractSampleShrinker.lambda$falsify$5(AbstractSampleShrinker.java:91)
	at java.base/java.util.HashMap.computeIfAbsent(HashMap.java:1228)
	at net.jqwik.engine.properties.shrinking.AbstractSampleShrinker.falsify(AbstractSampleShrinker.java:91)
	at net.jqwik.engine.properties.shrinking.AbstractSampleShrinker.lambda$shrink$2(AbstractSampleShrinker.java:53)
	at java.base/java.util.stream.ReferencePipeline$3$1.accept(ReferencePipeline.java:197)
	at java.base/java.util.stream.ReferencePipeline$2$1.accept(ReferencePipeline.java:179)
	at java.base/java.util.stream.ReferencePipeline$15$1.accept(ReferencePipeline.java:541)
	at net.jqwik.engine.support.JqwikStreamSupport$1.lambda$tryAdvance$0(JqwikStreamSupport.java:36)
	at java.base/java.util.stream.StreamSpliterators$WrappingSpliterator.tryAdvance(StreamSpliterators.java:300)
	at net.jqwik.engine.support.StreamConcatenation$ConcatSpliterator.tryAdvance(StreamConcatenation.java:302)
	at net.jqwik.engine.support.StreamConcatenation$ConcatSpliterator.tryAdvance(StreamConcatenation.java:302)
	at net.jqwik.engine.support.JqwikStreamSupport$1.lambda$tryAdvance$1(JqwikStreamSupport.java:31)
	at java.base/java.util.stream.StreamSpliterators$WrappingSpliterator.tryAdvance(StreamSpliterators.java:300)
	at net.jqwik.engine.support.StreamConcatenation$ConcatSpliterator.tryAdvance(StreamConcatenation.java:302)
	at net.jqwik.engine.support.StreamConcatenation$ConcatSpliterator.tryAdvance(StreamConcatenation.java:302)
	at net.jqwik.engine.support.JqwikStreamSupport$1.tryAdvance(JqwikStreamSupport.java:31)
	at java.base/java.util.stream.ReferencePipeline.forEachWithCancel(ReferencePipeline.java:129)
	at java.base/java.util.stream.AbstractPipeline.copyIntoWithCancel(AbstractPipeline.java:527)
	at java.base/java.util.stream.AbstractPipeline.copyInto(AbstractPipeline.java:513)
	at java.base/java.util.stream.AbstractPipeline.wrapAndCopyInto(AbstractPipeline.java:499)
	at java.base/java.util.stream.FindOps$FindOp.evaluateSequential(FindOps.java:150)
	at java.base/java.util.stream.AbstractPipeline.evaluate(AbstractPipeline.java:234)
	at java.base/java.util.stream.ReferencePipeline.findAny(ReferencePipeline.java:652)
	at net.jqwik.engine.properties.shrinking.AbstractSampleShrinker.shrink(AbstractSampleShrinker.java:63)
	at net.jqwik.engine.properties.shrinking.PairwiseParameterShrinker.shrinkPair(PairwiseParameterShrinker.java:54)
	at net.jqwik.engine.properties.shrinking.PairwiseParameterShrinker.shrink(PairwiseParameterShrinker.java:28)
	at net.jqwik.engine.properties.shrinking.ShrinkingAlgorithm.shrinkParametersPairwise(ShrinkingAlgorithm.java:61)
	at net.jqwik.engine.properties.shrinking.ShrinkingAlgorithm.shrink(ShrinkingAlgorithm.java:36)
	at net.jqwik.engine.properties.shrinking.PropertyShrinker.shrinkAsLongAsSampleImproves(PropertyShrinker.java:135)
	at net.jqwik.engine.properties.shrinking.PropertyShrinker.lambda$shrink$3(PropertyShrinker.java:87)
	at net.jqwik.engine.execution.lifecycle.CurrentTestDescriptor.runWithDescriptor(CurrentTestDescriptor.java:17)
	at net.jqwik.engine.properties.shrinking.PropertyShrinker.lambda$withTimeout$4(PropertyShrinker.java:103)
	at net.jqwik.engine.execution.lifecycle.CurrentDomainContext.runWithContext(CurrentDomainContext.java:28)
	at net.jqwik.engine.properties.shrinking.PropertyShrinker.lambda$withTimeout$5(PropertyShrinker.java:101)
	at java.base/java.util.concurrent.CompletableFuture$AsyncSupply.run(CompletableFuture.java:1768)
	at java.base/java.util.concurrent.CompletableFuture$AsyncSupply.exec(CompletableFuture.java:1760)
	at java.base/java.util.concurrent.ForkJoinTask.doExec(ForkJoinTask.java:387)
	at java.base/java.util.concurrent.ForkJoinPool$WorkQueue.topLevelExec(ForkJoinPool.java:1312)
	at java.base/java.util.concurrent.ForkJoinPool.scan(ForkJoinPool.java:1843)
	at java.base/java.util.concurrent.ForkJoinPool.runWorker(ForkJoinPool.java:1808)
	at java.base/java.util.concurrent.ForkJoinWorkerThread.run(ForkJoinWorkerThread.java:188)
]]></error>
    <system-out><![CDATA[timestamp = 2026-01-28T21:45:59.139891, PetClinicSearchFilterProperties:Feature: pet-clinic-cicd-pipeline, Property 12: Pet age range filter accuracy = 
  java.lang.NullPointerException:
    Cannot invoke "com.petclinic.backend.repository.OwnerRepository.save(Object)" because "this.ownerRepository" is null

                              |-----------------------jqwik-----------------------
tries = 3                     | # of calls to property
checks = 1                    | # of not rejected calls
generation = RANDOMIZED       | parameters are randomly generated
after-failure = SAMPLE_FIRST  | try previously failed sample, then previous seed
when-fixed-seed = ALLOW       | fixing the random seed is allowed
edge-cases#mode = MIXIN       | edge cases are mixed in
edge-cases#total = 0          | # of all combined edge cases
edge-cases#tried = 0          | # of edge cases tried in current run
seed = -5073091026432005450   | random seed to reproduce generated values

Shrunk Sample (75 steps)
------------------------
  ageRange: int[] [0, 0]
  petAges: [0, 0, 0, 0, 0]
  petNames: ["!", "!", "!", "!", "!"]

Original Sample
---------------
  ageRange: int[] [3, 9]
  petAges: [1925, 122125, 706, -3220, -52, -38, -2229, 86275, -2]
  petNames:
    [
      "갌ㅠ٬쉶ၫ", "᷊猾쨅誷ꢥꃜ樽᪒襜豁", "ࠚ뵏", 
      "积릴掞ǽ䧁쮹桖ﺽᷣࠣ罖噃䋗鹏䭍̥撶瑼ܳ羍唊๪苜㽎瑓鼊⨮᫿ߧ蝚ᒤ蓩ஸ囔ၣ芾忡␁ᢒ熫멮곉顿郪Ր⤽鉭᪎冣悊ꎦ긶薋ꠔ寠盷琌䖄ᬔ塞赫≍ﳶꧭ돇싺一狻것퓿Ήꨲ髤瞕灗⠇⹑绛㣤靛嫶㪬ﱢ詩誷ꄹρ浅ܝ漘꧝倽⊡}輑敥﹝衅乍猯硖㦪釆怜妶㥉붟降᯦䪗鹵ᐁ泞糜캺澴셍넁팲쩋舸䴸̜立ཛྷ≢ሏꛓ츲ꇳ㌣볊酉䰼唥砒້囒峷ꃟ㮒韀鐲ꕟ⺬掯蟾ྈ꿅等≪웒桙2圲呾鑾㦔㻝薆┆띋明Ė楝䢒᠑ᴨ巚⩀邈摕豏薎ධ啀譡ẩ꺗➋ㅶ腷ꎠᅒ눟瞬ᄢ宼쐔쟼彊（ఊ딨㞷雎可㋓᫴﹞닡࿉租퀓뗁譝궂㻵쓂╳帡ﴓ䰄",
      "㟠ˌ廊熉੅탔", 
      "撀後䌋Ģ㴾쭀ꡍ仁✋듥犭㄰Ӹ張珱ज괛쀳ធ벶뾲筑؉訷홚ꎝ쐎굠혘㾖飥纅뤢ꡠ끌ⲗ➍爘軝咋龶痭⟓鴡倫ጨ䶰傸履ケ뮲妸ቊ趃媖㹍䶴婐᫚꒱濥娙⑙᭶㌛酷ඣ昈磼ゆ径囬킩䱁牦覧鱰揶ṙ댚穝왏㑊왣离⣈깯븺꽑㩔缾㑩퀈廴᤯屮䴉ᦳ盤➵慱䮎憃廱ᤰ腸讛씀㑉渶春뵏乽蘼㮥ᱶ珔⎉蚫숟필㶦䶱ꛊ談各ﾂʗ裿쩤ۙཀ汔顉⁎鏀휧픋堾걾첡ⱆ䭜츠盝遦骓麫躕Ꞷ傡№왵狾싀⿉귺罢訓步쨺弼깾㭇靧䃜苿뚉䂂䤴탺찪덲윭絨躠乑ᖉ⊈稈㲖㓅偺姝얩ิㅃ춏ᨃ俀ŕ㷃ꡫ楅﹫䑂꜅",
      "ꏈ⮠粐淲覲␃矯", "都汵Ḛ魈돴䌥銪欆녋", "໵렰럽﩮筺춷긿"
    ]

  Original Error
  --------------
  java.lang.NullPointerException:
    Cannot invoke "com.petclinic.backend.repository.OwnerRepository.save(Object)" because "this.ownerRepository" is null


]]></system-out>
  </testcase>
  <testcase name="Feature: pet-clinic-cicd-pipeline, Property 12: Pet breed search accuracy" classname="com.petclinic.backend.properties.PetClinicSearchFilterProperties" time="5.204">
    <error message="Cannot invoke &quot;com.petclinic.backend.repository.OwnerRepository.save(Object)&quot; because &quot;this.ownerRepository&quot; is null" type="java.lang.NullPointerException"><![CDATA[java.lang.NullPointerException: Cannot invoke "com.petclinic.backend.repository.OwnerRepository.save(Object)" because "this.ownerRepository" is null
	at com.petclinic.backend.properties.PetClinicSearchFilterProperties.createTestOwner(PetClinicSearchFilterProperties.java:465)
	at com.petclinic.backend.properties.PetClinicSearchFilterProperties.petBreedSearchAccuracy(PetClinicSearchFilterProperties.java:321)
	at java.base/java.lang.reflect.Method.invoke(Method.java:580)
	at net.jqwik.engine.execution.CheckedPropertyFactory.lambda$createRawFunction$1(CheckedPropertyFactory.java:84)
	at net.jqwik.engine.execution.CheckedPropertyFactory.lambda$createRawFunction$2(CheckedPropertyFactory.java:91)
	at net.jqwik.engine.properties.CheckedFunction.execute(CheckedFunction.java:17)
	at net.jqwik.api.lifecycle.AroundTryHook.lambda$static$0(AroundTryHook.java:57)
	at net.jqwik.engine.execution.lifecycle.HookSupport.lambda$wrap$2(HookSupport.java:48)
	at net.jqwik.engine.hooks.lifecycle.TryLifecycleMethodsHook.aroundTry(TryLifecycleMethodsHook.java:56)
	at net.jqwik.engine.execution.lifecycle.HookSupport.lambda$wrap$3(HookSupport.java:53)
	at net.jqwik.engine.execution.lifecycle.HookSupport.lambda$wrap$2(HookSupport.java:48)
	at net.jqwik.engine.hooks.lifecycle.BeforeTryMembersHook.aroundTry(BeforeTryMembersHook.java:69)
	at net.jqwik.engine.execution.lifecycle.HookSupport.lambda$wrap$3(HookSupport.java:53)
	at net.jqwik.engine.execution.CheckedPropertyFactory.lambda$createTryExecutor$0(CheckedPropertyFactory.java:60)
	at net.jqwik.engine.execution.lifecycle.AroundTryLifecycle.execute(AroundTryLifecycle.java:23)
	at net.jqwik.engine.properties.GenericProperty.lambda$createFalsifier$1(GenericProperty.java:229)
	at net.jqwik.engine.properties.shrinking.PropertyShrinker.lambda$shrink$0(PropertyShrinker.java:55)
	at net.jqwik.engine.properties.shrinking.PropertyShrinker.lambda$shrinkAsLongAsSampleImproves$6(PropertyShrinker.java:122)
	at net.jqwik.engine.properties.shrinking.AbstractSampleShrinker.lambda$falsify$5(AbstractSampleShrinker.java:91)
	at java.base/java.util.HashMap.computeIfAbsent(HashMap.java:1228)
	at net.jqwik.engine.properties.shrinking.AbstractSampleShrinker.falsify(AbstractSampleShrinker.java:91)
	at net.jqwik.engine.properties.shrinking.AbstractSampleShrinker.lambda$shrink$2(AbstractSampleShrinker.java:53)
	at java.base/java.util.stream.ReferencePipeline$3$1.accept(ReferencePipeline.java:197)
	at java.base/java.util.stream.ReferencePipeline$2$1.accept(ReferencePipeline.java:179)
	at java.base/java.util.stream.ReferencePipeline$15$1.accept(ReferencePipeline.java:541)
	at net.jqwik.engine.support.JqwikStreamSupport$1.lambda$tryAdvance$0(JqwikStreamSupport.java:36)
	at java.base/java.util.stream.StreamSpliterators$WrappingSpliterator.tryAdvance(StreamSpliterators.java:300)
	at net.jqwik.engine.support.StreamConcatenation$ConcatSpliterator.tryAdvance(StreamConcatenation.java:302)
	at net.jqwik.engine.support.StreamConcatenation$ConcatSpliterator.tryAdvance(StreamConcatenation.java:302)
	at net.jqwik.engine.support.JqwikStreamSupport$1.lambda$tryAdvance$1(JqwikStreamSupport.java:31)
	at java.base/java.util.stream.StreamSpliterators$WrappingSpliterator.tryAdvance(StreamSpliterators.java:300)
	at net.jqwik.engine.support.StreamConcatenation$ConcatSpliterator.tryAdvance(StreamConcatenation.java:302)
	at net.jqwik.engine.support.StreamConcatenation$ConcatSpliterator.tryAdvance(StreamConcatenation.java:302)
	at net.jqwik.engine.support.JqwikStreamSupport$1.tryAdvance(JqwikStreamSupport.java:31)
	at java.base/java.util.stream.ReferencePipeline.forEachWithCancel(ReferencePipeline.java:129)
	at java.base/java.util.stream.AbstractPipeline.copyIntoWithCancel(AbstractPipeline.java:527)
	at java.base/java.util.stream.AbstractPipeline.copyInto(AbstractPipeline.java:513)
	at java.base/java.util.stream.AbstractPipeline.wrapAndCopyInto(AbstractPipeline.java:499)
	at java.base/java.util.stream.FindOps$FindOp.evaluateSequential(FindOps.java:150)
	at java.base/java.util.stream.AbstractPipeline.evaluate(AbstractPipeline.java:234)
	at java.base/java.util.stream.ReferencePipeline.findAny(ReferencePipeline.java:652)
	at net.jqwik.engine.properties.shrinking.AbstractSampleShrinker.shrink(AbstractSampleShrinker.java:63)
	at net.jqwik.engine.properties.shrinking.PairwiseParameterShrinker.shrinkPair(PairwiseParameterShrinker.java:54)
	at net.jqwik.engine.properties.shrinking.PairwiseParameterShrinker.shrink(PairwiseParameterShrinker.java:28)
	at net.jqwik.engine.properties.shrinking.ShrinkingAlgorithm.shrinkParametersPairwise(ShrinkingAlgorithm.java:61)
	at net.jqwik.engine.properties.shrinking.ShrinkingAlgorithm.shrink(ShrinkingAlgorithm.java:36)
	at net.jqwik.engine.properties.shrinking.PropertyShrinker.shrinkAsLongAsSampleImproves(PropertyShrinker.java:135)
	at net.jqwik.engine.properties.shrinking.PropertyShrinker.lambda$shrink$3(PropertyShrinker.java:87)
	at net.jqwik.engine.execution.lifecycle.CurrentTestDescriptor.runWithDescriptor(CurrentTestDescriptor.java:17)
	at net.jqwik.engine.properties.shrinking.PropertyShrinker.lambda$withTimeout$4(PropertyShrinker.java:103)
	at net.jqwik.engine.execution.lifecycle.CurrentDomainContext.runWithContext(CurrentDomainContext.java:28)
	at net.jqwik.engine.properties.shrinking.PropertyShrinker.lambda$withTimeout$5(PropertyShrinker.java:101)
	at java.base/java.util.concurrent.CompletableFuture$AsyncSupply.run(CompletableFuture.java:1768)
	at java.base/java.util.concurrent.CompletableFuture$AsyncSupply.exec(CompletableFuture.java:1760)
	at java.base/java.util.concurrent.ForkJoinTask.doExec(ForkJoinTask.java:387)
	at java.base/java.util.concurrent.ForkJoinPool$WorkQueue.topLevelExec(ForkJoinPool.java:1312)
	at java.base/java.util.concurrent.ForkJoinPool.scan(ForkJoinPool.java:1843)
	at java.base/java.util.concurrent.ForkJoinPool.runWorker(ForkJoinPool.java:1808)
	at java.base/java.util.concurrent.ForkJoinWorkerThread.run(ForkJoinWorkerThread.java:188)
]]></error>
    <system-out><![CDATA[timestamp = 2026-01-28T21:46:04.344708, PetClinicSearchFilterProperties:Feature: pet-clinic-cicd-pipeline, Property 12: Pet breed search accuracy = 
  java.lang.NullPointerException:
    Cannot invoke "com.petclinic.backend.repository.OwnerRepository.save(Object)" because "this.ownerRepository" is null

                              |-----------------------jqwik-----------------------
tries = 8                     | # of calls to property
checks = 1                    | # of not rejected calls
generation = RANDOMIZED       | parameters are randomly generated
after-failure = SAMPLE_FIRST  | try previously failed sample, then previous seed
when-fixed-seed = ALLOW       | fixing the random seed is allowed
edge-cases#mode = MIXIN       | edge cases are mixed in
edge-cases#total = 0          | # of all combined edge cases
edge-cases#tried = 0          | # of edge cases tried in current run
seed = -1815216210793669565   | random seed to reproduce generated values

Shrunk Sample (69 steps)
------------------------
  searchTerm: "!"
  breeds: ["", "", ""]
  petNames: ["!", "!", "!"]

Original Sample
---------------
  searchTerm: "∅擙㘦璣"
  breeds:
    [
      "䯧梂ⱨ㐆枖榱놂׷⟦墚牒镂숷䦹듀긽况﫲ꭃ觊齠湈ｋ쮑Ֆꠣ᤯뿱䭳⁸옠惷ീ澄㟟馋⎸哖몗꺩㴞飻猴族띪桸坱۲䕌ᖩ讗웱⃝Ꝼ╮䏌䋸庉ᱱ咣섭˘࿸䚓ԥꦩꥯ鍦梙߀렡酜◳朡箔㣖钋᲍溦躥ꋳ㏓ま醹侓ည梣﯋恒䖢藚뿓꛽갸ꔃꜘ笂㝟ᒧ噊ۄ欯⿴૿襯ꏪ藾硺䄄秔뺓鏻艓콪嗃种ⵅ숴隶䈬李⋊됒笣䰄栿ﮃ珬螪榼㬄嚢˲銩闯튉ଣ䋇輤◸㣾詠虂৅㾋낆ᯋ߷᩺ꄒ䑠붪劺㙊롿聓봈㻨蠴㯿챃敃⹉曟戛踞跬﨎뗱뻧ჹ蝎켿ᖚⳤꂾ愄⼙霡咆뱐০輄鏧咑ꉳ鳺颜崜⤽Ġလज蜔厫棾ң瓑忯䭴ꌬ㿧ꦴꁋퟏЧ엖ꪞ벛钔尤뷔껇䀧粌毵♸듶倷ꜥ",
      "䵦┕㛎", "Ѓ꛱㣢諕窺鍗䌡兙໋щ", "Ŗ", 
      "粋衕퍥䯻ᡑ嶈概윘픺Ï瘋쯖৭顡ꌟ盘왞ꆶ᳋㨹싱ᡩ浭퐪褀ꂤ㉽䉒㚊垇⣃叅엦쓠菋ᢕ⋤䋢폾䷕၊趕⾥㗐┇胓ꕈ猹뵾这䥞⥥Ꟃ奺⺦䪡∘鄫㷸疶⃻欥귑ﭱᴇ犝뼈⾥〈ㄧ馢ᢖꟌနￍ뤛䴕꒩ヌ劷똼葤꩏켖욜鶏ﮈ㨾㭤缻멢誵䶰얂黧栗뾤넅㎿鴧뚏ꆄ᝛鲂㲺컈ꢯꥹ뷆皱酗ก焃쫣乄ࣤ짤估ໆ⹶ﭮ롂ᙙ蛿鹽ꮞ返붧蔰㓬壗჎楌麀怹챤澵όꌪ馤﵎㸖ꁸ㫖䮩炱ኋ贇鼲嶝⎀雫드㧀䙊혭㽡있᱃ᅑ큑헭䭜롬ΰ㭱ݾ㈸諵큙㏘╕憥㺽꩙ࠧ됵绂躌⟊嚱쭈ꖓ鳚埌粓᪮饏辀풊菿涜昰ὣᏧ꧹&amp#18;睗鋻䊮뱁⩮腹툤搗ᒵ惞끛鿍뚭햙峜颢඗赋蓉䦞囼됇葤翨џ❫ឭ렑ꂈ欏蝁壂ঃ覃䡕抬賩毸⨼伭黋抒濶굙椌",
      "㮟䫇牜貣棉膒ꢳ咼邱", 
      "셉긕ᤍ숈氮붏Ⓢ嵑첟ﺤ譳᩷ꆖ㲫쉔㢫ꗦ谓憂낙䩤暐뵕翥ؾ쁺䌓晐ꅇ筅慯ꉏ⬘惢忕嵹⁅㱒ӯ뻖悫ꂒ鬻萂哱넉䪇Ἱ㗣닡笛ᐸ⫎ꖹ묓靮붢覆榖辩텁ؤퟡ顖垝䈋呃ᝥ輍聕堆志剏辦̅푐ᰳ䱭盖笣ߨ໔饳횁䤞뗠仅舰쮬䇻噠䬳ꓸ⊲䙝坹磤垗섍ي㾴䒈騖䞐몊瞻눣⻏劓ﳉ껾䷛㦧訛ﰾ㙸頉ꋼ惟䠍헙㊽࿥ᗂ遗贵郹㬽誦锖묦輊躜紦಻외k뱛⚫Ț岍峰導⠅樊鍂ೢ蜔嶺葿嶩㪗顠슩菔옷᪜캠㓑ຶ䃼澘㞾臵笝刟鐲䄇କ㟠튆辞蹘懏ف༆绦⛖篰説셮泦颢ퟞ㎗蔭涝臅쏊ऱ塞㳇夭齉㘲ᠩ긹욯醁♳꽿㤶좄쉴얃Ċꍻ쟏錮ᢉᆝ",
      "깽䤆ꫵ㷾㑅⨰᥏", "뤤Ӱⱒ䋊﷌緓"
    ]
  petNames: ["낞", "膴셣옠", "Ἀ⿢慺뮢", "औ", "ꇫϯ긚ᄄ菼", "㿕", "㐠츇靭遱몪꿩믅蠍좍霌", "䉌퇙ꒉꎪ左ሒ芖⚡飊", "鴵닣࠲拊萎び"]

  Original Error
  --------------
  java.lang.NullPointerException:
    Cannot invoke "com.petclinic.backend.repository.OwnerRepository.save(Object)" because "this.ownerRepository" is null


]]></system-out>
  </testcase>
  <testcase name="Feature: pet-clinic-cicd-pipeline, Property 12: Owner first name search accuracy" classname="com.petclinic.backend.properties.PetClinicSearchFilterProperties" time="1.804">
    <error message="Cannot invoke &quot;com.petclinic.backend.repository.OwnerRepository.save(Object)&quot; because &quot;this.ownerRepository&quot; is null" type="java.lang.NullPointerException"><![CDATA[java.lang.NullPointerException: Cannot invoke "com.petclinic.backend.repository.OwnerRepository.save(Object)" because "this.ownerRepository" is null
	at com.petclinic.backend.properties.PetClinicSearchFilterProperties.ownerFirstNameSearchAccuracy(PetClinicSearchFilterProperties.java:63)
	at java.base/java.lang.reflect.Method.invoke(Method.java:580)
	at net.jqwik.engine.execution.CheckedPropertyFactory.lambda$createRawFunction$1(CheckedPropertyFactory.java:84)
	at net.jqwik.engine.execution.CheckedPropertyFactory.lambda$createRawFunction$2(CheckedPropertyFactory.java:91)
	at net.jqwik.engine.properties.CheckedFunction.execute(CheckedFunction.java:17)
	at net.jqwik.api.lifecycle.AroundTryHook.lambda$static$0(AroundTryHook.java:57)
	at net.jqwik.engine.execution.lifecycle.HookSupport.lambda$wrap$2(HookSupport.java:48)
	at net.jqwik.engine.hooks.lifecycle.TryLifecycleMethodsHook.aroundTry(TryLifecycleMethodsHook.java:56)
	at net.jqwik.engine.execution.lifecycle.HookSupport.lambda$wrap$3(HookSupport.java:53)
	at net.jqwik.engine.execution.lifecycle.HookSupport.lambda$wrap$2(HookSupport.java:48)
	at net.jqwik.engine.hooks.lifecycle.BeforeTryMembersHook.aroundTry(BeforeTryMembersHook.java:69)
	at net.jqwik.engine.execution.lifecycle.HookSupport.lambda$wrap$3(HookSupport.java:53)
	at net.jqwik.engine.execution.CheckedPropertyFactory.lambda$createTryExecutor$0(CheckedPropertyFactory.java:60)
	at net.jqwik.engine.execution.lifecycle.AroundTryLifecycle.execute(AroundTryLifecycle.java:23)
	at net.jqwik.engine.properties.GenericProperty.lambda$createFalsifier$1(GenericProperty.java:229)
	at net.jqwik.engine.properties.shrinking.PropertyShrinker.lambda$shrink$0(PropertyShrinker.java:55)
	at net.jqwik.engine.properties.shrinking.PropertyShrinker.lambda$shrinkAsLongAsSampleImproves$6(PropertyShrinker.java:122)
	at net.jqwik.engine.properties.shrinking.AbstractSampleShrinker.lambda$falsify$5(AbstractSampleShrinker.java:91)
	at java.base/java.util.HashMap.computeIfAbsent(HashMap.java:1228)
	at net.jqwik.engine.properties.shrinking.AbstractSampleShrinker.falsify(AbstractSampleShrinker.java:91)
	at net.jqwik.engine.properties.shrinking.AbstractSampleShrinker.lambda$shrink$2(AbstractSampleShrinker.java:53)
	at java.base/java.util.stream.ReferencePipeline$3$1.accept(ReferencePipeline.java:197)
	at java.base/java.util.stream.ReferencePipeline$2$1.accept(ReferencePipeline.java:179)
	at java.base/java.util.stream.ReferencePipeline$15$1.accept(ReferencePipeline.java:541)
	at net.jqwik.engine.support.JqwikStreamSupport$1.lambda$tryAdvance$0(JqwikStreamSupport.java:36)
	at java.base/java.util.stream.StreamSpliterators$WrappingSpliterator.tryAdvance(StreamSpliterators.java:300)
	at net.jqwik.engine.support.StreamConcatenation$ConcatSpliterator.tryAdvance(StreamConcatenation.java:302)
	at net.jqwik.engine.support.StreamConcatenation$ConcatSpliterator.tryAdvance(StreamConcatenation.java:302)
	at net.jqwik.engine.support.JqwikStreamSupport$1.lambda$tryAdvance$1(JqwikStreamSupport.java:31)
	at java.base/java.util.stream.StreamSpliterators$WrappingSpliterator.tryAdvance(StreamSpliterators.java:300)
	at net.jqwik.engine.support.StreamConcatenation$ConcatSpliterator.tryAdvance(StreamConcatenation.java:302)
	at net.jqwik.engine.support.StreamConcatenation$ConcatSpliterator.tryAdvance(StreamConcatenation.java:302)
	at net.jqwik.engine.support.JqwikStreamSupport$1.tryAdvance(JqwikStreamSupport.java:31)
	at java.base/java.util.stream.ReferencePipeline.forEachWithCancel(ReferencePipeline.java:129)
	at java.base/java.util.stream.AbstractPipeline.copyIntoWithCancel(AbstractPipeline.java:527)
	at java.base/java.util.stream.AbstractPipeline.copyInto(AbstractPipeline.java:513)
	at java.base/java.util.stream.AbstractPipeline.wrapAndCopyInto(AbstractPipeline.java:499)
	at java.base/java.util.stream.FindOps$FindOp.evaluateSequential(FindOps.java:150)
	at java.base/java.util.stream.AbstractPipeline.evaluate(AbstractPipeline.java:234)
	at java.base/java.util.stream.ReferencePipeline.findAny(ReferencePipeline.java:652)
	at net.jqwik.engine.properties.shrinking.AbstractSampleShrinker.shrink(AbstractSampleShrinker.java:63)
	at net.jqwik.engine.properties.shrinking.PairwiseParameterShrinker.shrinkPair(PairwiseParameterShrinker.java:54)
	at net.jqwik.engine.properties.shrinking.PairwiseParameterShrinker.shrink(PairwiseParameterShrinker.java:28)
	at net.jqwik.engine.properties.shrinking.ShrinkingAlgorithm.shrinkParametersPairwise(ShrinkingAlgorithm.java:61)
	at net.jqwik.engine.properties.shrinking.ShrinkingAlgorithm.shrink(ShrinkingAlgorithm.java:36)
	at net.jqwik.engine.properties.shrinking.PropertyShrinker.shrinkAsLongAsSampleImproves(PropertyShrinker.java:135)
	at net.jqwik.engine.properties.shrinking.PropertyShrinker.lambda$shrink$3(PropertyShrinker.java:87)
	at net.jqwik.engine.execution.lifecycle.CurrentTestDescriptor.runWithDescriptor(CurrentTestDescriptor.java:17)
	at net.jqwik.engine.properties.shrinking.PropertyShrinker.lambda$withTimeout$4(PropertyShrinker.java:103)
	at net.jqwik.engine.execution.lifecycle.CurrentDomainContext.runWithContext(CurrentDomainContext.java:28)
	at net.jqwik.engine.properties.shrinking.PropertyShrinker.lambda$withTimeout$5(PropertyShrinker.java:101)
	at java.base/java.util.concurrent.CompletableFuture$AsyncSupply.run(CompletableFuture.java:1768)
	at java.base/java.util.concurrent.CompletableFuture$AsyncSupply.exec(CompletableFuture.java:1760)
	at java.base/java.util.concurrent.ForkJoinTask.doExec(ForkJoinTask.java:387)
	at java.base/java.util.concurrent.ForkJoinPool$WorkQueue.topLevelExec(ForkJoinPool.java:1312)
	at java.base/java.util.concurrent.ForkJoinPool.scan(ForkJoinPool.java:1843)
	at java.base/java.util.concurrent.ForkJoinPool.runWorker(ForkJoinPool.java:1808)
	at java.base/java.util.concurrent.ForkJoinWorkerThread.run(ForkJoinWorkerThread.java:188)
]]></error>
    <system-out><![CDATA[timestamp = 2026-01-28T21:46:06.149502, PetClinicSearchFilterProperties:Feature: pet-clinic-cicd-pipeline, Property 12: Owner first name search accuracy = 
  java.lang.NullPointerException:
    Cannot invoke "com.petclinic.backend.repository.OwnerRepository.save(Object)" because "this.ownerRepository" is null

                              |-----------------------jqwik-----------------------
tries = 4                     | # of calls to property
checks = 1                    | # of not rejected calls
generation = RANDOMIZED       | parameters are randomly generated
after-failure = SAMPLE_FIRST  | try previously failed sample, then previous seed
when-fixed-seed = ALLOW       | fixing the random seed is allowed
edge-cases#mode = MIXIN       | edge cases are mixed in
edge-cases#total = 0          | # of all combined edge cases
edge-cases#tried = 0          | # of edge cases tried in current run
seed = 4095550815387752364    | random seed to reproduce generated values

Shrunk Sample (82 steps)
------------------------
  searchTerm: "!"
  firstNames: ["!", "!", "!"]
  lastNames: ["!", "!", "!"]

Original Sample
---------------
  searchTerm: "섪౐꽮踸ᄓ㡭嗏袖͖炭"
  firstNames: ["ꄆ轢쯣⾰携寡ᙣ", "䔵澩愫긖ꕞ麌䚹", "뱟踱♉㗽铻꺒쌢ꦇ", "㴑ᐒ렜忤䐻ﱉ䲛軑麸쿠"]
  lastNames: ["幓໙衰펆㏩", "㱰ळ㈧吂ɽ蕹Მ쬔炔譶", "궮訚ﰩд냌蒷", "༞둧ꮮ㔐釱ǳ涳瑨钜"]

  Original Error
  --------------
  java.lang.NullPointerException:
    Cannot invoke "com.petclinic.backend.repository.OwnerRepository.save(Object)" because "this.ownerRepository" is null


]]></system-out>
  </testcase>
</testsuite>